<?xml version="1.0" encoding="utf-8"?>
<CoverageSession xmlns:xsd="http://www.w3.org/2001/XMLSchema" xmlns:xsi="http://www.w3.org/2001/XMLSchema-instance">
  <Summary numSequencePoints="1709" visitedSequencePoints="140" numBranchPoints="817" visitedBranchPoints="86" sequenceCoverage="8.19" branchCoverage="10.53" maxCyclomaticComplexity="24" minCyclomaticComplexity="0" />
  <Modules>
    <Module hash="23-14-0D-CA-BD-D2-5B-36-32-F0-A4-79-37-46-DE-96-98-02-A8-C4">
      <Summary numSequencePoints="1709" visitedSequencePoints="140" numBranchPoints="817" visitedBranchPoints="86" sequenceCoverage="8.19" branchCoverage="10.53" maxCyclomaticComplexity="24" minCyclomaticComplexity="0" />
      <FullName>C:\projects\jeremyansel-media-an8\JeremyAnsel.Media.An8\JeremyAnsel.Media.An8.Tests\bin\Release\JeremyAnsel.Media.An8.dll</FullName>
      <ModuleName>JeremyAnsel.Media.An8</ModuleName>
      <Files>
        <File uid="1" fullPath="c:\projects\jeremyansel-media-an8\JeremyAnsel.Media.An8\JeremyAnsel.Media.An8\An8Chunk.cs" />
        <File uid="2" fullPath="c:\projects\jeremyansel-media-an8\JeremyAnsel.Media.An8\JeremyAnsel.Media.An8\An8Bezier.cs" />
        <File uid="3" fullPath="c:\projects\jeremyansel-media-an8\JeremyAnsel.Media.An8\JeremyAnsel.Media.An8\An8Bone.cs" />
        <File uid="4" fullPath="c:\projects\jeremyansel-media-an8\JeremyAnsel.Media.An8\JeremyAnsel.Media.An8\An8Component.cs" />
        <File uid="5" fullPath="c:\projects\jeremyansel-media-an8\JeremyAnsel.Media.An8\JeremyAnsel.Media.An8\An8Cube.cs" />
        <File uid="6" fullPath="c:\projects\jeremyansel-media-an8\JeremyAnsel.Media.An8\JeremyAnsel.Media.An8\An8Cylinder.cs" />
        <File uid="7" fullPath="c:\projects\jeremyansel-media-an8\JeremyAnsel.Media.An8\JeremyAnsel.Media.An8\An8DegreeOfFreedom.cs" />
        <File uid="8" fullPath="c:\projects\jeremyansel-media-an8\JeremyAnsel.Media.An8\JeremyAnsel.Media.An8\An8Edge.cs" />
        <File uid="9" fullPath="c:\projects\jeremyansel-media-an8\JeremyAnsel.Media.An8\JeremyAnsel.Media.An8\An8Environment.cs" />
        <File uid="10" fullPath="c:\projects\jeremyansel-media-an8\JeremyAnsel.Media.An8\JeremyAnsel.Media.An8\An8Face.cs" />
        <File uid="11" fullPath="c:\projects\jeremyansel-media-an8\JeremyAnsel.Media.An8\JeremyAnsel.Media.An8\An8Figure.cs" />
        <File uid="12" fullPath="c:\projects\jeremyansel-media-an8\JeremyAnsel.Media.An8\JeremyAnsel.Media.An8\An8File.cs" />
        <File uid="13" fullPath="c:\projects\jeremyansel-media-an8\JeremyAnsel.Media.An8\JeremyAnsel.Media.An8\An8Group.cs" />
        <File uid="14" fullPath="c:\projects\jeremyansel-media-an8\JeremyAnsel.Media.An8\JeremyAnsel.Media.An8\An8Header.cs" />
        <File uid="15" fullPath="c:\projects\jeremyansel-media-an8\JeremyAnsel.Media.An8\JeremyAnsel.Media.An8\An8Image.cs" />
        <File uid="16" fullPath="c:\projects\jeremyansel-media-an8\JeremyAnsel.Media.An8\JeremyAnsel.Media.An8\An8Influence.cs" />
        <File uid="17" fullPath="c:\projects\jeremyansel-media-an8\JeremyAnsel.Media.An8\JeremyAnsel.Media.An8\An8Knot.cs" />
        <File uid="18" fullPath="c:\projects\jeremyansel-media-an8\JeremyAnsel.Media.An8\JeremyAnsel.Media.An8\An8LongLat.cs" />
        <File uid="19" fullPath="c:\projects\jeremyansel-media-an8\JeremyAnsel.Media.An8\JeremyAnsel.Media.An8\An8Map.cs" />
        <File uid="20" fullPath="c:\projects\jeremyansel-media-an8\JeremyAnsel.Media.An8\JeremyAnsel.Media.An8\An8Material.cs" />
        <File uid="21" fullPath="c:\projects\jeremyansel-media-an8\JeremyAnsel.Media.An8\JeremyAnsel.Media.An8\An8MaterialColor.cs" />
        <File uid="22" fullPath="c:\projects\jeremyansel-media-an8\JeremyAnsel.Media.An8\JeremyAnsel.Media.An8\An8Mesh.cs" />
        <File uid="23" fullPath="c:\projects\jeremyansel-media-an8\JeremyAnsel.Media.An8\JeremyAnsel.Media.An8\An8Method.cs" />
        <File uid="24" fullPath="c:\projects\jeremyansel-media-an8\JeremyAnsel.Media.An8\JeremyAnsel.Media.An8\An8Modifier.cs" />
        <File uid="25" fullPath="c:\projects\jeremyansel-media-an8\JeremyAnsel.Media.An8\JeremyAnsel.Media.An8\An8NamedObject.cs" />
        <File uid="26" fullPath="c:\projects\jeremyansel-media-an8\JeremyAnsel.Media.An8\JeremyAnsel.Media.An8\An8Object.cs" />
        <File uid="27" fullPath="c:\projects\jeremyansel-media-an8\JeremyAnsel.Media.An8\JeremyAnsel.Media.An8\An8Path.cs" />
        <File uid="28" fullPath="c:\projects\jeremyansel-media-an8\JeremyAnsel.Media.An8\JeremyAnsel.Media.An8\An8Point.cs" />
        <File uid="29" fullPath="c:\projects\jeremyansel-media-an8\JeremyAnsel.Media.An8\JeremyAnsel.Media.An8\An8Quaternion.cs" />
        <File uid="30" fullPath="c:\projects\jeremyansel-media-an8\JeremyAnsel.Media.An8\JeremyAnsel.Media.An8\An8Sphere.cs" />
        <File uid="31" fullPath="c:\projects\jeremyansel-media-an8\JeremyAnsel.Media.An8\JeremyAnsel.Media.An8\An8Subdivision.cs" />
        <File uid="32" fullPath="c:\projects\jeremyansel-media-an8\JeremyAnsel.Media.An8\JeremyAnsel.Media.An8\An8Surface.cs" />
        <File uid="33" fullPath="c:\projects\jeremyansel-media-an8\JeremyAnsel.Media.An8\JeremyAnsel.Media.An8\An8TexCoord.cs" />
        <File uid="34" fullPath="c:\projects\jeremyansel-media-an8\JeremyAnsel.Media.An8\JeremyAnsel.Media.An8\An8TextCom.cs" />
        <File uid="35" fullPath="c:\projects\jeremyansel-media-an8\JeremyAnsel.Media.An8\JeremyAnsel.Media.An8\An8Texture.cs" />
        <File uid="36" fullPath="c:\projects\jeremyansel-media-an8\JeremyAnsel.Media.An8\JeremyAnsel.Media.An8\An8TextureParams.cs" />
        <File uid="37" fullPath="c:\projects\jeremyansel-media-an8\JeremyAnsel.Media.An8\JeremyAnsel.Media.An8\Tokenizer.cs" />
      </Files>
      <Classes>
        <Class>
          <Summary numSequencePoints="3" visitedSequencePoints="3" numBranchPoints="2" visitedBranchPoints="2" sequenceCoverage="100" branchCoverage="100" maxCyclomaticComplexity="1" minCyclomaticComplexity="1" />
          <FullName>JeremyAnsel.Media.An8.An8Chunk</FullName>
          <Methods>
            <Method visited="true" cyclomaticComplexity="1" sequenceCoverage="100" branchCoverage="100" isConstructor="false" isStatic="false" isGetter="false" isSetter="false">
              <Summary numSequencePoints="2" visitedSequencePoints="2" numBranchPoints="1" visitedBranchPoints="1" sequenceCoverage="100" branchCoverage="100" maxCyclomaticComplexity="1" minCyclomaticComplexity="1" />
              <MetadataToken>100663297</MetadataToken>
              <Name>System.Void JeremyAnsel.Media.An8.An8Chunk::Parse(System.String)</Name>
              <FileRef uid="1" />
              <SequencePoints>
                <SequencePoint vc="3" uspid="1" ordinal="0" offset="0" sl="21" sc="13" el="21" ec="56" bec="0" bev="0" fileid="1" />
                <SequencePoint vc="3" uspid="2" ordinal="1" offset="12" sl="22" sc="9" el="22" ec="10" bec="0" bev="0" fileid="1" />
              </SequencePoints>
              <BranchPoints />
              <MethodPoint xsi:type="SequencePoint" vc="3" uspid="1" ordinal="0" offset="0" sl="21" sc="13" el="21" ec="56" bec="0" bev="0" fileid="1" />
            </Method>
            <Method visited="true" cyclomaticComplexity="1" sequenceCoverage="100" branchCoverage="100" isConstructor="false" isStatic="false" isGetter="false" isSetter="false">
              <Summary numSequencePoints="1" visitedSequencePoints="1" numBranchPoints="1" visitedBranchPoints="1" sequenceCoverage="100" branchCoverage="100" maxCyclomaticComplexity="1" minCyclomaticComplexity="1" />
              <MetadataToken>100663298</MetadataToken>
              <Name>System.String JeremyAnsel.Media.An8.An8Chunk::GenerateText()</Name>
              <FileRef uid="1" />
              <SequencePoints>
                <SequencePoint vc="2" uspid="3" ordinal="0" offset="0" sl="30" sc="13" el="30" ec="56" bec="0" bev="0" fileid="1" />
              </SequencePoints>
              <BranchPoints />
              <MethodPoint xsi:type="SequencePoint" vc="2" uspid="3" ordinal="0" offset="0" sl="30" sc="13" el="30" ec="56" bec="0" bev="0" fileid="1" />
            </Method>
            <Method visited="true" cyclomaticComplexity="1" sequenceCoverage="0" branchCoverage="0" isConstructor="true" isStatic="false" isGetter="false" isSetter="false">
              <Summary numSequencePoints="0" visitedSequencePoints="0" numBranchPoints="0" visitedBranchPoints="0" sequenceCoverage="0" branchCoverage="0" maxCyclomaticComplexity="1" minCyclomaticComplexity="1" />
              <MetadataToken>100663301</MetadataToken>
              <Name>System.Void JeremyAnsel.Media.An8.An8Chunk::.ctor()</Name>
              <SequencePoints />
              <BranchPoints />
              <MethodPoint vc="8" uspid="4" ordinal="0" offset="0" />
            </Method>
          </Methods>
        </Class>
        <Class>
          <Summary numSequencePoints="29" visitedSequencePoints="0" numBranchPoints="15" visitedBranchPoints="0" sequenceCoverage="0" branchCoverage="0" maxCyclomaticComplexity="5" minCyclomaticComplexity="1" />
          <FullName>JeremyAnsel.Media.An8.An8Bezier</FullName>
          <Methods>
            <Method visited="false" cyclomaticComplexity="1" sequenceCoverage="0" branchCoverage="0" isConstructor="false" isStatic="false" isGetter="true" isSetter="false">
              <Summary numSequencePoints="0" visitedSequencePoints="0" numBranchPoints="0" visitedBranchPoints="0" sequenceCoverage="0" branchCoverage="0" maxCyclomaticComplexity="1" minCyclomaticComplexity="1" />
              <MetadataToken>100663303</MetadataToken>
              <Name>System.Boolean JeremyAnsel.Media.An8.An8Bezier::get_IsClosed()</Name>
              <SequencePoints />
              <BranchPoints />
              <MethodPoint vc="0" uspid="5" ordinal="0" offset="0" />
            </Method>
            <Method visited="false" cyclomaticComplexity="1" sequenceCoverage="0" branchCoverage="0" isConstructor="false" isStatic="false" isGetter="false" isSetter="true">
              <Summary numSequencePoints="0" visitedSequencePoints="0" numBranchPoints="0" visitedBranchPoints="0" sequenceCoverage="0" branchCoverage="0" maxCyclomaticComplexity="1" minCyclomaticComplexity="1" />
              <MetadataToken>100663304</MetadataToken>
              <Name>System.Void JeremyAnsel.Media.An8.An8Bezier::set_IsClosed(System.Boolean)</Name>
              <SequencePoints />
              <BranchPoints />
              <MethodPoint vc="0" uspid="6" ordinal="0" offset="0" />
            </Method>
            <Method visited="false" cyclomaticComplexity="1" sequenceCoverage="0" branchCoverage="0" isConstructor="false" isStatic="false" isGetter="true" isSetter="false">
              <Summary numSequencePoints="0" visitedSequencePoints="0" numBranchPoints="0" visitedBranchPoints="0" sequenceCoverage="0" branchCoverage="0" maxCyclomaticComplexity="1" minCyclomaticComplexity="1" />
              <MetadataToken>100663305</MetadataToken>
              <Name>System.Collections.Generic.IList`1&lt;JeremyAnsel.Media.An8.An8Knot&gt; JeremyAnsel.Media.An8.An8Bezier::get_Knots()</Name>
              <SequencePoints />
              <BranchPoints />
              <MethodPoint vc="0" uspid="7" ordinal="0" offset="0" />
            </Method>
            <Method visited="false" cyclomaticComplexity="1" sequenceCoverage="0" branchCoverage="0" isConstructor="false" isStatic="false" isGetter="false" isSetter="true">
              <Summary numSequencePoints="0" visitedSequencePoints="0" numBranchPoints="0" visitedBranchPoints="0" sequenceCoverage="0" branchCoverage="0" maxCyclomaticComplexity="1" minCyclomaticComplexity="1" />
              <MetadataToken>100663306</MetadataToken>
              <Name>System.Void JeremyAnsel.Media.An8.An8Bezier::set_Knots(System.Collections.Generic.IList`1&lt;JeremyAnsel.Media.An8.An8Knot&gt;)</Name>
              <SequencePoints />
              <BranchPoints />
              <MethodPoint vc="0" uspid="8" ordinal="0" offset="0" />
            </Method>
            <Method visited="false" cyclomaticComplexity="1" sequenceCoverage="0" branchCoverage="0" isConstructor="true" isStatic="false" isGetter="false" isSetter="false">
              <Summary numSequencePoints="3" visitedSequencePoints="0" numBranchPoints="1" visitedBranchPoints="0" sequenceCoverage="0" branchCoverage="0" maxCyclomaticComplexity="1" minCyclomaticComplexity="1" />
              <MetadataToken>100663302</MetadataToken>
              <Name>System.Void JeremyAnsel.Media.An8.An8Bezier::.ctor()</Name>
              <FileRef uid="2" />
              <SequencePoints>
                <SequencePoint vc="0" uspid="9" ordinal="0" offset="0" sl="20" sc="9" el="20" ec="27" bec="0" bev="0" fileid="2" />
                <SequencePoint vc="0" uspid="10" ordinal="1" offset="6" sl="22" sc="13" el="22" ec="46" bec="0" bev="0" fileid="2" />
                <SequencePoint vc="0" uspid="11" ordinal="2" offset="17" sl="23" sc="9" el="23" ec="10" bec="0" bev="0" fileid="2" />
              </SequencePoints>
              <BranchPoints />
              <MethodPoint xsi:type="SequencePoint" vc="0" uspid="9" ordinal="0" offset="0" sl="20" sc="9" el="20" ec="27" bec="0" bev="0" fileid="2" />
            </Method>
            <Method visited="false" cyclomaticComplexity="5" sequenceCoverage="0" branchCoverage="0" isConstructor="false" isStatic="false" isGetter="false" isSetter="false">
              <Summary numSequencePoints="11" visitedSequencePoints="0" numBranchPoints="9" visitedBranchPoints="0" sequenceCoverage="0" branchCoverage="0" maxCyclomaticComplexity="5" minCyclomaticComplexity="5" />
              <MetadataToken>100663307</MetadataToken>
              <Name>System.Void JeremyAnsel.Media.An8.An8Bezier::ParseTokens(System.String[])</Name>
              <FileRef uid="2" />
              <SequencePoints>
                <SequencePoint vc="0" uspid="12" ordinal="0" offset="0" sl="41" sc="13" el="41" ec="56" bec="0" bev="0" fileid="2" />
                <SequencePoint vc="0" uspid="13" ordinal="1" offset="7" sl="43" sc="35" el="43" ec="41" bec="0" bev="0" fileid="2" />
                <SequencePoint vc="0" uspid="14" ordinal="2" offset="16" sl="43" sc="22" el="43" ec="31" bec="0" bev="0" fileid="2" />
                <SequencePoint vc="0" uspid="15" ordinal="3" offset="24" sl="45" sc="17" el="45" ec="37" bec="5" bev="0" fileid="2" />
                <SequencePoint vc="0" uspid="16" ordinal="4" offset="65" sl="48" sc="25" el="48" ec="46" bec="0" bev="0" fileid="2" />
                <SequencePoint vc="0" uspid="17" ordinal="5" offset="72" sl="49" sc="25" el="49" ec="31" bec="0" bev="0" fileid="2" />
                <SequencePoint vc="0" uspid="18" ordinal="6" offset="74" sl="53" sc="29" el="53" ec="54" bec="0" bev="0" fileid="2" />
                <SequencePoint vc="0" uspid="19" ordinal="7" offset="80" sl="54" sc="29" el="54" ec="60" bec="0" bev="0" fileid="2" />
                <SequencePoint vc="0" uspid="20" ordinal="8" offset="92" sl="55" sc="29" el="55" ec="50" bec="0" bev="0" fileid="2" />
                <SequencePoint vc="0" uspid="21" ordinal="9" offset="104" sl="43" sc="32" el="43" ec="34" bec="2" bev="0" fileid="2" />
                <SequencePoint vc="0" uspid="22" ordinal="10" offset="129" sl="60" sc="9" el="60" ec="10" bec="0" bev="0" fileid="2" />
              </SequencePoints>
              <BranchPoints>
                <BranchPoint vc="0" uspid="23" ordinal="0" offset="33" sl="45" path="0" offsetend="35" fileid="2" />
                <BranchPoint vc="0" uspid="24" ordinal="1" offset="33" sl="45" path="1" offsetend="104" fileid="2" />
                <BranchPoint vc="0" uspid="25" ordinal="2" offset="47" sl="45" path="0" offsetend="49" fileid="2" />
                <BranchPoint vc="0" uspid="26" ordinal="3" offset="47" sl="45" path="1" offsetend="65" fileid="2" />
                <BranchPoint vc="0" uspid="27" ordinal="4" offset="61" sl="45" path="0" offsetchain="63" offsetend="104" fileid="2" />
                <BranchPoint vc="0" uspid="28" ordinal="5" offset="61" sl="45" path="1" offsetend="74" fileid="2" />
                <BranchPoint vc="0" uspid="29" ordinal="6" offset="111" sl="43" path="0" offsetend="113" fileid="2" />
                <BranchPoint vc="0" uspid="30" ordinal="7" offset="111" sl="43" path="1" offsetend="16" fileid="2" />
              </BranchPoints>
              <MethodPoint xsi:type="SequencePoint" vc="0" uspid="12" ordinal="0" offset="0" sl="41" sc="13" el="41" ec="56" bec="0" bev="0" fileid="2" />
            </Method>
            <Method visited="false" cyclomaticComplexity="4" sequenceCoverage="0" branchCoverage="0" isConstructor="false" isStatic="false" isGetter="false" isSetter="false">
              <Summary numSequencePoints="15" visitedSequencePoints="0" numBranchPoints="5" visitedBranchPoints="0" sequenceCoverage="0" branchCoverage="0" maxCyclomaticComplexity="4" minCyclomaticComplexity="4" />
              <MetadataToken>100663308</MetadataToken>
              <Name>System.String[] JeremyAnsel.Media.An8.An8Bezier::BuildTokens()</Name>
              <FileRef uid="2" />
              <SequencePoints>
                <SequencePoint vc="0" uspid="31" ordinal="0" offset="0" sl="68" sc="13" el="68" ec="45" bec="0" bev="0" fileid="2" />
                <SequencePoint vc="0" uspid="32" ordinal="1" offset="6" sl="70" sc="13" el="70" ec="56" bec="0" bev="0" fileid="2" />
                <SequencePoint vc="0" uspid="33" ordinal="2" offset="17" sl="71" sc="13" el="71" ec="43" bec="0" bev="0" fileid="2" />
                <SequencePoint vc="0" uspid="34" ordinal="3" offset="23" sl="73" sc="13" el="73" ec="31" bec="2" bev="0" fileid="2" />
                <SequencePoint vc="0" uspid="35" ordinal="4" offset="31" sl="75" sc="17" el="75" ec="48" bec="0" bev="0" fileid="2" />
                <SequencePoint vc="0" uspid="36" ordinal="5" offset="37" sl="76" sc="17" el="76" ec="60" bec="0" bev="0" fileid="2" />
                <SequencePoint vc="0" uspid="37" ordinal="6" offset="48" sl="77" sc="17" el="77" ec="51" bec="0" bev="0" fileid="2" />
                <SequencePoint vc="0" uspid="38" ordinal="7" offset="54" sl="80" sc="34" el="80" ec="44" bec="0" bev="0" fileid="2" />
                <SequencePoint vc="0" uspid="39" ordinal="8" offset="68" sl="80" sc="22" el="80" ec="30" bec="0" bev="0" fileid="2" />
                <SequencePoint vc="0" uspid="40" ordinal="9" offset="75" sl="82" sc="17" el="82" ec="48" bec="0" bev="0" fileid="2" />
                <SequencePoint vc="0" uspid="41" ordinal="10" offset="81" sl="83" sc="17" el="83" ec="53" bec="0" bev="0" fileid="2" />
                <SequencePoint vc="0" uspid="42" ordinal="11" offset="93" sl="80" sc="31" el="80" ec="33" bec="2" bev="0" fileid="2" />
                <SequencePoint vc="0" uspid="43" ordinal="12" offset="113" sl="86" sc="13" el="86" ec="45" bec="0" bev="0" fileid="2" />
                <SequencePoint vc="0" uspid="44" ordinal="13" offset="119" sl="87" sc="13" el="87" ec="47" bec="0" bev="0" fileid="2" />
                <SequencePoint vc="0" uspid="45" ordinal="14" offset="125" sl="89" sc="13" el="89" ec="37" bec="0" bev="0" fileid="2" />
              </SequencePoints>
              <BranchPoints>
                <BranchPoint vc="0" uspid="46" ordinal="0" offset="29" sl="73" path="0" offsetend="31" fileid="2" />
                <BranchPoint vc="0" uspid="47" ordinal="1" offset="29" sl="73" path="1" offsetend="54" fileid="2" />
                <BranchPoint vc="0" uspid="48" ordinal="2" offset="99" sl="80" path="0" offsetend="101" fileid="2" />
                <BranchPoint vc="0" uspid="49" ordinal="3" offset="99" sl="80" path="1" offsetend="68" fileid="2" />
              </BranchPoints>
              <MethodPoint xsi:type="SequencePoint" vc="0" uspid="31" ordinal="0" offset="0" sl="68" sc="13" el="68" ec="45" bec="0" bev="0" fileid="2" />
            </Method>
          </Methods>
        </Class>
        <Class>
          <Summary numSequencePoints="80" visitedSequencePoints="0" numBranchPoints="35" visitedBranchPoints="0" sequenceCoverage="0" branchCoverage="0" maxCyclomaticComplexity="12" minCyclomaticComplexity="1" />
          <FullName>JeremyAnsel.Media.An8.An8Bone</FullName>
          <Methods>
            <Method visited="false" cyclomaticComplexity="1" sequenceCoverage="0" branchCoverage="0" isConstructor="false" isStatic="false" isGetter="true" isSetter="false">
              <Summary numSequencePoints="0" visitedSequencePoints="0" numBranchPoints="0" visitedBranchPoints="0" sequenceCoverage="0" branchCoverage="0" maxCyclomaticComplexity="1" minCyclomaticComplexity="1" />
              <MetadataToken>100663310</MetadataToken>
              <Name>System.String JeremyAnsel.Media.An8.An8Bone::get_Name()</Name>
              <SequencePoints />
              <BranchPoints />
              <MethodPoint vc="0" uspid="50" ordinal="0" offset="0" />
            </Method>
            <Method visited="false" cyclomaticComplexity="1" sequenceCoverage="0" branchCoverage="0" isConstructor="false" isStatic="false" isGetter="false" isSetter="true">
              <Summary numSequencePoints="0" visitedSequencePoints="0" numBranchPoints="0" visitedBranchPoints="0" sequenceCoverage="0" branchCoverage="0" maxCyclomaticComplexity="1" minCyclomaticComplexity="1" />
              <MetadataToken>100663311</MetadataToken>
              <Name>System.Void JeremyAnsel.Media.An8.An8Bone::set_Name(System.String)</Name>
              <SequencePoints />
              <BranchPoints />
              <MethodPoint vc="0" uspid="51" ordinal="0" offset="0" />
            </Method>
            <Method visited="false" cyclomaticComplexity="1" sequenceCoverage="0" branchCoverage="0" isConstructor="false" isStatic="false" isGetter="true" isSetter="false">
              <Summary numSequencePoints="0" visitedSequencePoints="0" numBranchPoints="0" visitedBranchPoints="0" sequenceCoverage="0" branchCoverage="0" maxCyclomaticComplexity="1" minCyclomaticComplexity="1" />
              <MetadataToken>100663312</MetadataToken>
              <Name>System.Single JeremyAnsel.Media.An8.An8Bone::get_Length()</Name>
              <SequencePoints />
              <BranchPoints />
              <MethodPoint vc="0" uspid="52" ordinal="0" offset="0" />
            </Method>
            <Method visited="false" cyclomaticComplexity="1" sequenceCoverage="0" branchCoverage="0" isConstructor="false" isStatic="false" isGetter="false" isSetter="true">
              <Summary numSequencePoints="0" visitedSequencePoints="0" numBranchPoints="0" visitedBranchPoints="0" sequenceCoverage="0" branchCoverage="0" maxCyclomaticComplexity="1" minCyclomaticComplexity="1" />
              <MetadataToken>100663313</MetadataToken>
              <Name>System.Void JeremyAnsel.Media.An8.An8Bone::set_Length(System.Single)</Name>
              <SequencePoints />
              <BranchPoints />
              <MethodPoint vc="0" uspid="53" ordinal="0" offset="0" />
            </Method>
            <Method visited="false" cyclomaticComplexity="1" sequenceCoverage="0" branchCoverage="0" isConstructor="false" isStatic="false" isGetter="true" isSetter="false">
              <Summary numSequencePoints="0" visitedSequencePoints="0" numBranchPoints="0" visitedBranchPoints="0" sequenceCoverage="0" branchCoverage="0" maxCyclomaticComplexity="1" minCyclomaticComplexity="1" />
              <MetadataToken>100663314</MetadataToken>
              <Name>System.Nullable`1&lt;System.Single&gt; JeremyAnsel.Media.An8.An8Bone::get_Diameter()</Name>
              <SequencePoints />
              <BranchPoints />
              <MethodPoint vc="0" uspid="54" ordinal="0" offset="0" />
            </Method>
            <Method visited="false" cyclomaticComplexity="1" sequenceCoverage="0" branchCoverage="0" isConstructor="false" isStatic="false" isGetter="false" isSetter="true">
              <Summary numSequencePoints="0" visitedSequencePoints="0" numBranchPoints="0" visitedBranchPoints="0" sequenceCoverage="0" branchCoverage="0" maxCyclomaticComplexity="1" minCyclomaticComplexity="1" />
              <MetadataToken>100663315</MetadataToken>
              <Name>System.Void JeremyAnsel.Media.An8.An8Bone::set_Diameter(System.Nullable`1&lt;System.Single&gt;)</Name>
              <SequencePoints />
              <BranchPoints />
              <MethodPoint vc="0" uspid="55" ordinal="0" offset="0" />
            </Method>
            <Method visited="false" cyclomaticComplexity="1" sequenceCoverage="0" branchCoverage="0" isConstructor="false" isStatic="false" isGetter="true" isSetter="false">
              <Summary numSequencePoints="0" visitedSequencePoints="0" numBranchPoints="0" visitedBranchPoints="0" sequenceCoverage="0" branchCoverage="0" maxCyclomaticComplexity="1" minCyclomaticComplexity="1" />
              <MetadataToken>100663316</MetadataToken>
              <Name>JeremyAnsel.Media.An8.An8Quaternion JeremyAnsel.Media.An8.An8Bone::get_Orientation()</Name>
              <SequencePoints />
              <BranchPoints />
              <MethodPoint vc="0" uspid="56" ordinal="0" offset="0" />
            </Method>
            <Method visited="false" cyclomaticComplexity="1" sequenceCoverage="0" branchCoverage="0" isConstructor="false" isStatic="false" isGetter="false" isSetter="true">
              <Summary numSequencePoints="0" visitedSequencePoints="0" numBranchPoints="0" visitedBranchPoints="0" sequenceCoverage="0" branchCoverage="0" maxCyclomaticComplexity="1" minCyclomaticComplexity="1" />
              <MetadataToken>100663317</MetadataToken>
              <Name>System.Void JeremyAnsel.Media.An8.An8Bone::set_Orientation(JeremyAnsel.Media.An8.An8Quaternion)</Name>
              <SequencePoints />
              <BranchPoints />
              <MethodPoint vc="0" uspid="57" ordinal="0" offset="0" />
            </Method>
            <Method visited="false" cyclomaticComplexity="1" sequenceCoverage="0" branchCoverage="0" isConstructor="false" isStatic="false" isGetter="true" isSetter="false">
              <Summary numSequencePoints="0" visitedSequencePoints="0" numBranchPoints="0" visitedBranchPoints="0" sequenceCoverage="0" branchCoverage="0" maxCyclomaticComplexity="1" minCyclomaticComplexity="1" />
              <MetadataToken>100663318</MetadataToken>
              <Name>System.Boolean JeremyAnsel.Media.An8.An8Bone::get_IsLocked()</Name>
              <SequencePoints />
              <BranchPoints />
              <MethodPoint vc="0" uspid="58" ordinal="0" offset="0" />
            </Method>
            <Method visited="false" cyclomaticComplexity="1" sequenceCoverage="0" branchCoverage="0" isConstructor="false" isStatic="false" isGetter="false" isSetter="true">
              <Summary numSequencePoints="0" visitedSequencePoints="0" numBranchPoints="0" visitedBranchPoints="0" sequenceCoverage="0" branchCoverage="0" maxCyclomaticComplexity="1" minCyclomaticComplexity="1" />
              <MetadataToken>100663319</MetadataToken>
              <Name>System.Void JeremyAnsel.Media.An8.An8Bone::set_IsLocked(System.Boolean)</Name>
              <SequencePoints />
              <BranchPoints />
              <MethodPoint vc="0" uspid="59" ordinal="0" offset="0" />
            </Method>
            <Method visited="false" cyclomaticComplexity="1" sequenceCoverage="0" branchCoverage="0" isConstructor="false" isStatic="false" isGetter="true" isSetter="false">
              <Summary numSequencePoints="0" visitedSequencePoints="0" numBranchPoints="0" visitedBranchPoints="0" sequenceCoverage="0" branchCoverage="0" maxCyclomaticComplexity="1" minCyclomaticComplexity="1" />
              <MetadataToken>100663320</MetadataToken>
              <Name>System.Collections.Generic.IList`1&lt;JeremyAnsel.Media.An8.An8DegreeOfFreedom&gt; JeremyAnsel.Media.An8.An8Bone::get_DegreesOfFreedom()</Name>
              <SequencePoints />
              <BranchPoints />
              <MethodPoint vc="0" uspid="60" ordinal="0" offset="0" />
            </Method>
            <Method visited="false" cyclomaticComplexity="1" sequenceCoverage="0" branchCoverage="0" isConstructor="false" isStatic="false" isGetter="false" isSetter="true">
              <Summary numSequencePoints="0" visitedSequencePoints="0" numBranchPoints="0" visitedBranchPoints="0" sequenceCoverage="0" branchCoverage="0" maxCyclomaticComplexity="1" minCyclomaticComplexity="1" />
              <MetadataToken>100663321</MetadataToken>
              <Name>System.Void JeremyAnsel.Media.An8.An8Bone::set_DegreesOfFreedom(System.Collections.Generic.IList`1&lt;JeremyAnsel.Media.An8.An8DegreeOfFreedom&gt;)</Name>
              <SequencePoints />
              <BranchPoints />
              <MethodPoint vc="0" uspid="61" ordinal="0" offset="0" />
            </Method>
            <Method visited="false" cyclomaticComplexity="1" sequenceCoverage="0" branchCoverage="0" isConstructor="false" isStatic="false" isGetter="true" isSetter="false">
              <Summary numSequencePoints="0" visitedSequencePoints="0" numBranchPoints="0" visitedBranchPoints="0" sequenceCoverage="0" branchCoverage="0" maxCyclomaticComplexity="1" minCyclomaticComplexity="1" />
              <MetadataToken>100663322</MetadataToken>
              <Name>JeremyAnsel.Media.An8.An8Influence JeremyAnsel.Media.An8.An8Bone::get_Influence()</Name>
              <SequencePoints />
              <BranchPoints />
              <MethodPoint vc="0" uspid="62" ordinal="0" offset="0" />
            </Method>
            <Method visited="false" cyclomaticComplexity="1" sequenceCoverage="0" branchCoverage="0" isConstructor="false" isStatic="false" isGetter="false" isSetter="true">
              <Summary numSequencePoints="0" visitedSequencePoints="0" numBranchPoints="0" visitedBranchPoints="0" sequenceCoverage="0" branchCoverage="0" maxCyclomaticComplexity="1" minCyclomaticComplexity="1" />
              <MetadataToken>100663323</MetadataToken>
              <Name>System.Void JeremyAnsel.Media.An8.An8Bone::set_Influence(JeremyAnsel.Media.An8.An8Influence)</Name>
              <SequencePoints />
              <BranchPoints />
              <MethodPoint vc="0" uspid="63" ordinal="0" offset="0" />
            </Method>
            <Method visited="false" cyclomaticComplexity="1" sequenceCoverage="0" branchCoverage="0" isConstructor="false" isStatic="false" isGetter="true" isSetter="false">
              <Summary numSequencePoints="0" visitedSequencePoints="0" numBranchPoints="0" visitedBranchPoints="0" sequenceCoverage="0" branchCoverage="0" maxCyclomaticComplexity="1" minCyclomaticComplexity="1" />
              <MetadataToken>100663324</MetadataToken>
              <Name>System.Collections.Generic.IList`1&lt;JeremyAnsel.Media.An8.An8Component&gt; JeremyAnsel.Media.An8.An8Bone::get_Components()</Name>
              <SequencePoints />
              <BranchPoints />
              <MethodPoint vc="0" uspid="64" ordinal="0" offset="0" />
            </Method>
            <Method visited="false" cyclomaticComplexity="1" sequenceCoverage="0" branchCoverage="0" isConstructor="false" isStatic="false" isGetter="false" isSetter="true">
              <Summary numSequencePoints="0" visitedSequencePoints="0" numBranchPoints="0" visitedBranchPoints="0" sequenceCoverage="0" branchCoverage="0" maxCyclomaticComplexity="1" minCyclomaticComplexity="1" />
              <MetadataToken>100663325</MetadataToken>
              <Name>System.Void JeremyAnsel.Media.An8.An8Bone::set_Components(System.Collections.Generic.IList`1&lt;JeremyAnsel.Media.An8.An8Component&gt;)</Name>
              <SequencePoints />
              <BranchPoints />
              <MethodPoint vc="0" uspid="65" ordinal="0" offset="0" />
            </Method>
            <Method visited="false" cyclomaticComplexity="1" sequenceCoverage="0" branchCoverage="0" isConstructor="false" isStatic="false" isGetter="true" isSetter="false">
              <Summary numSequencePoints="0" visitedSequencePoints="0" numBranchPoints="0" visitedBranchPoints="0" sequenceCoverage="0" branchCoverage="0" maxCyclomaticComplexity="1" minCyclomaticComplexity="1" />
              <MetadataToken>100663326</MetadataToken>
              <Name>System.Collections.Generic.IList`1&lt;JeremyAnsel.Media.An8.An8Bone&gt; JeremyAnsel.Media.An8.An8Bone::get_Bones()</Name>
              <SequencePoints />
              <BranchPoints />
              <MethodPoint vc="0" uspid="66" ordinal="0" offset="0" />
            </Method>
            <Method visited="false" cyclomaticComplexity="1" sequenceCoverage="0" branchCoverage="0" isConstructor="false" isStatic="false" isGetter="false" isSetter="true">
              <Summary numSequencePoints="0" visitedSequencePoints="0" numBranchPoints="0" visitedBranchPoints="0" sequenceCoverage="0" branchCoverage="0" maxCyclomaticComplexity="1" minCyclomaticComplexity="1" />
              <MetadataToken>100663327</MetadataToken>
              <Name>System.Void JeremyAnsel.Media.An8.An8Bone::set_Bones(System.Collections.Generic.IList`1&lt;JeremyAnsel.Media.An8.An8Bone&gt;)</Name>
              <SequencePoints />
              <BranchPoints />
              <MethodPoint vc="0" uspid="67" ordinal="0" offset="0" />
            </Method>
            <Method visited="false" cyclomaticComplexity="1" sequenceCoverage="0" branchCoverage="0" isConstructor="true" isStatic="false" isGetter="false" isSetter="false">
              <Summary numSequencePoints="5" visitedSequencePoints="0" numBranchPoints="1" visitedBranchPoints="0" sequenceCoverage="0" branchCoverage="0" maxCyclomaticComplexity="1" minCyclomaticComplexity="1" />
              <MetadataToken>100663309</MetadataToken>
              <Name>System.Void JeremyAnsel.Media.An8.An8Bone::.ctor()</Name>
              <FileRef uid="3" />
              <SequencePoints>
                <SequencePoint vc="0" uspid="68" ordinal="0" offset="0" sl="20" sc="9" el="20" ec="25" bec="0" bev="0" fileid="3" />
                <SequencePoint vc="0" uspid="69" ordinal="1" offset="6" sl="22" sc="13" el="22" ec="68" bec="0" bev="0" fileid="3" />
                <SequencePoint vc="0" uspid="70" ordinal="2" offset="17" sl="23" sc="13" el="23" ec="56" bec="0" bev="0" fileid="3" />
                <SequencePoint vc="0" uspid="71" ordinal="3" offset="28" sl="24" sc="13" el="24" ec="46" bec="0" bev="0" fileid="3" />
                <SequencePoint vc="0" uspid="72" ordinal="4" offset="39" sl="25" sc="9" el="25" ec="10" bec="0" bev="0" fileid="3" />
              </SequencePoints>
              <BranchPoints />
              <MethodPoint xsi:type="SequencePoint" vc="0" uspid="68" ordinal="0" offset="0" sl="20" sc="9" el="20" ec="25" bec="0" bev="0" fileid="3" />
            </Method>
            <Method visited="false" cyclomaticComplexity="12" sequenceCoverage="0" branchCoverage="0" isConstructor="false" isStatic="false" isGetter="false" isSetter="false">
              <Summary numSequencePoints="32" visitedSequencePoints="0" numBranchPoints="19" visitedBranchPoints="0" sequenceCoverage="0" branchCoverage="0" maxCyclomaticComplexity="12" minCyclomaticComplexity="12" />
              <MetadataToken>100663328</MetadataToken>
              <Name>System.Void JeremyAnsel.Media.An8.An8Bone::ParseTokens(System.String[])</Name>
              <FileRef uid="3" />
              <SequencePoints>
                <SequencePoint vc="0" uspid="73" ordinal="0" offset="0" sl="78" sc="13" el="78" ec="56" bec="0" bev="0" fileid="3" />
                <SequencePoint vc="0" uspid="74" ordinal="1" offset="7" sl="80" sc="35" el="80" ec="41" bec="0" bev="0" fileid="3" />
                <SequencePoint vc="0" uspid="75" ordinal="2" offset="20" sl="80" sc="22" el="80" ec="31" bec="0" bev="0" fileid="3" />
                <SequencePoint vc="0" uspid="76" ordinal="3" offset="28" sl="82" sc="17" el="82" ec="31" bec="0" bev="0" fileid="3" />
                <SequencePoint vc="0" uspid="77" ordinal="4" offset="30" sl="84" sc="17" el="84" ec="37" bec="13" bev="0" fileid="3" />
                <SequencePoint vc="0" uspid="78" ordinal="5" offset="211" sl="87" sc="25" el="87" ec="83" bec="0" bev="0" fileid="3" />
                <SequencePoint vc="0" uspid="79" ordinal="6" offset="230" sl="88" sc="25" el="88" ec="31" bec="0" bev="0" fileid="3" />
                <SequencePoint vc="0" uspid="80" ordinal="7" offset="235" sl="91" sc="25" el="91" ec="84" bec="0" bev="0" fileid="3" />
                <SequencePoint vc="0" uspid="81" ordinal="8" offset="254" sl="92" sc="25" el="92" ec="31" bec="0" bev="0" fileid="3" />
                <SequencePoint vc="0" uspid="82" ordinal="9" offset="259" sl="95" sc="25" el="95" ec="86" bec="0" bev="0" fileid="3" />
                <SequencePoint vc="0" uspid="83" ordinal="10" offset="283" sl="96" sc="25" el="96" ec="31" bec="0" bev="0" fileid="3" />
                <SequencePoint vc="0" uspid="84" ordinal="11" offset="285" sl="99" sc="25" el="99" ec="94" bec="0" bev="0" fileid="3" />
                <SequencePoint vc="0" uspid="85" ordinal="12" offset="304" sl="100" sc="25" el="100" ec="31" bec="0" bev="0" fileid="3" />
                <SequencePoint vc="0" uspid="86" ordinal="13" offset="306" sl="103" sc="25" el="103" ec="46" bec="0" bev="0" fileid="3" />
                <SequencePoint vc="0" uspid="87" ordinal="14" offset="313" sl="104" sc="25" el="104" ec="31" bec="0" bev="0" fileid="3" />
                <SequencePoint vc="0" uspid="88" ordinal="15" offset="315" sl="108" sc="29" el="108" ec="64" bec="0" bev="0" fileid="3" />
                <SequencePoint vc="0" uspid="89" ordinal="16" offset="321" sl="109" sc="29" el="109" ec="59" bec="0" bev="0" fileid="3" />
                <SequencePoint vc="0" uspid="90" ordinal="17" offset="333" sl="110" sc="29" el="110" ec="60" bec="0" bev="0" fileid="3" />
                <SequencePoint vc="0" uspid="91" ordinal="18" offset="345" sl="111" sc="29" el="111" ec="35" bec="0" bev="0" fileid="3" />
                <SequencePoint vc="0" uspid="92" ordinal="19" offset="347" sl="116" sc="29" el="116" ec="64" bec="0" bev="0" fileid="3" />
                <SequencePoint vc="0" uspid="93" ordinal="20" offset="354" sl="117" sc="29" el="117" ec="65" bec="0" bev="0" fileid="3" />
                <SequencePoint vc="0" uspid="94" ordinal="21" offset="367" sl="118" sc="29" el="118" ec="56" bec="0" bev="0" fileid="3" />
                <SequencePoint vc="0" uspid="95" ordinal="22" offset="375" sl="119" sc="29" el="119" ec="35" bec="0" bev="0" fileid="3" />
                <SequencePoint vc="0" uspid="96" ordinal="23" offset="377" sl="124" sc="29" el="124" ec="54" bec="0" bev="0" fileid="3" />
                <SequencePoint vc="0" uspid="97" ordinal="24" offset="384" sl="125" sc="29" el="125" ec="60" bec="0" bev="0" fileid="3" />
                <SequencePoint vc="0" uspid="98" ordinal="25" offset="397" sl="126" sc="29" el="126" ec="50" bec="0" bev="0" fileid="3" />
                <SequencePoint vc="0" uspid="99" ordinal="26" offset="410" sl="80" sc="32" el="80" ec="34" bec="2" bev="0" fileid="3" />
                <SequencePoint vc="0" uspid="100" ordinal="27" offset="438" sl="132" sc="39" el="132" ec="75" bec="0" bev="0" fileid="3" />
                <SequencePoint vc="0" uspid="101" ordinal="28" offset="453" sl="132" sc="22" el="132" ec="35" bec="0" bev="0" fileid="3" />
                <SequencePoint vc="0" uspid="102" ordinal="29" offset="462" sl="134" sc="17" el="134" ec="48" bec="0" bev="0" fileid="3" />
                <SequencePoint vc="0" uspid="103" ordinal="30" offset="475" sl="132" sc="36" el="132" ec="38" bec="2" bev="0" fileid="3" />
                <SequencePoint vc="0" uspid="104" ordinal="31" offset="500" sl="136" sc="9" el="136" ec="10" bec="0" bev="0" fileid="3" />
              </SequencePoints>
              <BranchPoints>
                <BranchPoint vc="0" uspid="105" ordinal="0" offset="39" sl="84" path="0" offsetend="44" fileid="3" />
                <BranchPoint vc="0" uspid="106" ordinal="1" offset="39" sl="84" path="1" offsetend="211" fileid="3" />
                <BranchPoint vc="0" uspid="107" ordinal="2" offset="51" sl="84" path="0" offsetend="53" fileid="3" />
                <BranchPoint vc="0" uspid="108" ordinal="3" offset="51" sl="84" path="1" offsetend="150" fileid="3" />
                <BranchPoint vc="0" uspid="109" ordinal="4" offset="166" sl="84" path="0" offsetend="171" fileid="3" />
                <BranchPoint vc="0" uspid="110" ordinal="5" offset="166" sl="84" path="1" offsetend="410" fileid="3" />
                <BranchPoint vc="0" uspid="111" ordinal="6" offset="173" sl="84" path="0" offsetchain="206" offsetend="410" fileid="3" />
                <BranchPoint vc="0" uspid="112" ordinal="7" offset="173" sl="84" path="1" offsetend="235" fileid="3" />
                <BranchPoint vc="0" uspid="113" ordinal="8" offset="173" sl="84" path="2" offsetend="259" fileid="3" />
                <BranchPoint vc="0" uspid="114" ordinal="9" offset="173" sl="84" path="3" offsetend="285" fileid="3" />
                <BranchPoint vc="0" uspid="115" ordinal="10" offset="173" sl="84" path="4" offsetend="306" fileid="3" />
                <BranchPoint vc="0" uspid="116" ordinal="11" offset="173" sl="84" path="5" offsetend="315" fileid="3" />
                <BranchPoint vc="0" uspid="117" ordinal="12" offset="173" sl="84" path="6" offsetend="347" fileid="3" />
                <BranchPoint vc="0" uspid="118" ordinal="13" offset="173" sl="84" path="7" offsetend="377" fileid="3" />
                <BranchPoint vc="0" uspid="119" ordinal="14" offset="417" sl="80" path="0" offsetend="422" fileid="3" />
                <BranchPoint vc="0" uspid="120" ordinal="15" offset="417" sl="80" path="1" offsetend="20" fileid="3" />
                <BranchPoint vc="0" uspid="121" ordinal="16" offset="482" sl="132" path="0" offsetend="484" fileid="3" />
                <BranchPoint vc="0" uspid="122" ordinal="17" offset="482" sl="132" path="1" offsetend="453" fileid="3" />
              </BranchPoints>
              <MethodPoint xsi:type="SequencePoint" vc="0" uspid="73" ordinal="0" offset="0" sl="78" sc="13" el="78" ec="56" bec="0" bev="0" fileid="3" />
            </Method>
            <Method visited="false" cyclomaticComplexity="11" sequenceCoverage="0" branchCoverage="0" isConstructor="false" isStatic="false" isGetter="false" isSetter="false">
              <Summary numSequencePoints="43" visitedSequencePoints="0" numBranchPoints="15" visitedBranchPoints="0" sequenceCoverage="0" branchCoverage="0" maxCyclomaticComplexity="11" minCyclomaticComplexity="11" />
              <MetadataToken>100663329</MetadataToken>
              <Name>System.String[] JeremyAnsel.Media.An8.An8Bone::BuildTokens()</Name>
              <FileRef uid="3" />
              <SequencePoints>
                <SequencePoint vc="0" uspid="123" ordinal="0" offset="0" sl="144" sc="13" el="144" ec="45" bec="0" bev="0" fileid="3" />
                <SequencePoint vc="0" uspid="124" ordinal="1" offset="6" sl="146" sc="13" el="146" ec="54" bec="0" bev="0" fileid="3" />
                <SequencePoint vc="0" uspid="125" ordinal="2" offset="17" sl="147" sc="13" el="147" ec="54" bec="0" bev="0" fileid="3" />
                <SequencePoint vc="0" uspid="126" ordinal="3" offset="29" sl="148" sc="13" el="148" ec="43" bec="0" bev="0" fileid="3" />
                <SequencePoint vc="0" uspid="127" ordinal="4" offset="35" sl="150" sc="13" el="150" ec="44" bec="0" bev="0" fileid="3" />
                <SequencePoint vc="0" uspid="128" ordinal="5" offset="41" sl="151" sc="13" el="151" ec="56" bec="0" bev="0" fileid="3" />
                <SequencePoint vc="0" uspid="129" ordinal="6" offset="52" sl="152" sc="13" el="152" ec="55" bec="0" bev="0" fileid="3" />
                <SequencePoint vc="0" uspid="130" ordinal="7" offset="64" sl="153" sc="13" el="153" ec="47" bec="0" bev="0" fileid="3" />
                <SequencePoint vc="0" uspid="131" ordinal="8" offset="70" sl="155" sc="13" el="155" ec="40" bec="2" bev="0" fileid="3" />
                <SequencePoint vc="0" uspid="132" ordinal="9" offset="87" sl="157" sc="17" el="157" ec="48" bec="0" bev="0" fileid="3" />
                <SequencePoint vc="0" uspid="133" ordinal="10" offset="93" sl="158" sc="17" el="158" ec="62" bec="0" bev="0" fileid="3" />
                <SequencePoint vc="0" uspid="134" ordinal="11" offset="104" sl="159" sc="17" el="159" ec="67" bec="0" bev="0" fileid="3" />
                <SequencePoint vc="0" uspid="135" ordinal="12" offset="125" sl="160" sc="17" el="160" ec="51" bec="0" bev="0" fileid="3" />
                <SequencePoint vc="0" uspid="136" ordinal="13" offset="131" sl="163" sc="13" el="163" ec="42" bec="2" bev="0" fileid="3" />
                <SequencePoint vc="0" uspid="137" ordinal="14" offset="139" sl="165" sc="17" el="165" ec="48" bec="0" bev="0" fileid="3" />
                <SequencePoint vc="0" uspid="138" ordinal="15" offset="145" sl="166" sc="17" el="166" ec="65" bec="0" bev="0" fileid="3" />
                <SequencePoint vc="0" uspid="139" ordinal="16" offset="156" sl="167" sc="17" el="167" ec="65" bec="0" bev="0" fileid="3" />
                <SequencePoint vc="0" uspid="140" ordinal="17" offset="173" sl="168" sc="17" el="168" ec="51" bec="0" bev="0" fileid="3" />
                <SequencePoint vc="0" uspid="141" ordinal="18" offset="179" sl="171" sc="13" el="171" ec="31" bec="2" bev="0" fileid="3" />
                <SequencePoint vc="0" uspid="142" ordinal="19" offset="187" sl="173" sc="17" el="173" ec="48" bec="0" bev="0" fileid="3" />
                <SequencePoint vc="0" uspid="143" ordinal="20" offset="193" sl="174" sc="17" el="174" ec="60" bec="0" bev="0" fileid="3" />
                <SequencePoint vc="0" uspid="144" ordinal="21" offset="204" sl="175" sc="17" el="175" ec="51" bec="0" bev="0" fileid="3" />
                <SequencePoint vc="0" uspid="145" ordinal="22" offset="210" sl="178" sc="33" el="178" ec="54" bec="0" bev="0" fileid="3" />
                <SequencePoint vc="0" uspid="146" ordinal="23" offset="225" sl="178" sc="22" el="178" ec="29" bec="0" bev="0" fileid="3" />
                <SequencePoint vc="0" uspid="147" ordinal="24" offset="233" sl="180" sc="17" el="180" ec="48" bec="0" bev="0" fileid="3" />
                <SequencePoint vc="0" uspid="148" ordinal="25" offset="239" sl="181" sc="17" el="181" ec="52" bec="0" bev="0" fileid="3" />
                <SequencePoint vc="0" uspid="149" ordinal="26" offset="251" sl="178" sc="30" el="178" ec="32" bec="2" bev="0" fileid="3" />
                <SequencePoint vc="0" uspid="150" ordinal="27" offset="274" sl="184" sc="13" el="184" ec="40" bec="2" bev="0" fileid="3" />
                <SequencePoint vc="0" uspid="151" ordinal="28" offset="282" sl="186" sc="17" el="186" ec="48" bec="0" bev="0" fileid="3" />
                <SequencePoint vc="0" uspid="152" ordinal="29" offset="288" sl="187" sc="17" el="187" ec="63" bec="0" bev="0" fileid="3" />
                <SequencePoint vc="0" uspid="153" ordinal="30" offset="305" sl="190" sc="39" el="190" ec="54" bec="0" bev="0" fileid="3" />
                <SequencePoint vc="0" uspid="154" ordinal="31" offset="320" sl="190" sc="22" el="190" ec="35" bec="0" bev="0" fileid="3" />
                <SequencePoint vc="0" uspid="155" ordinal="32" offset="328" sl="192" sc="17" el="192" ec="48" bec="0" bev="0" fileid="3" />
                <SequencePoint vc="0" uspid="156" ordinal="33" offset="334" sl="193" sc="17" el="193" ec="58" bec="0" bev="0" fileid="3" />
                <SequencePoint vc="0" uspid="157" ordinal="34" offset="346" sl="190" sc="36" el="190" ec="38" bec="2" bev="0" fileid="3" />
                <SequencePoint vc="0" uspid="158" ordinal="35" offset="369" sl="196" sc="34" el="196" ec="44" bec="0" bev="0" fileid="3" />
                <SequencePoint vc="0" uspid="159" ordinal="36" offset="384" sl="196" sc="22" el="196" ec="30" bec="0" bev="0" fileid="3" />
                <SequencePoint vc="0" uspid="160" ordinal="37" offset="392" sl="198" sc="17" el="198" ec="48" bec="0" bev="0" fileid="3" />
                <SequencePoint vc="0" uspid="161" ordinal="38" offset="398" sl="199" sc="17" el="199" ec="53" bec="0" bev="0" fileid="3" />
                <SequencePoint vc="0" uspid="162" ordinal="39" offset="410" sl="196" sc="31" el="196" ec="33" bec="2" bev="0" fileid="3" />
                <SequencePoint vc="0" uspid="163" ordinal="40" offset="433" sl="202" sc="13" el="202" ec="45" bec="0" bev="0" fileid="3" />
                <SequencePoint vc="0" uspid="164" ordinal="41" offset="439" sl="203" sc="13" el="203" ec="47" bec="0" bev="0" fileid="3" />
                <SequencePoint vc="0" uspid="165" ordinal="42" offset="445" sl="205" sc="13" el="205" ec="37" bec="0" bev="0" fileid="3" />
              </SequencePoints>
              <BranchPoints>
                <BranchPoint vc="0" uspid="166" ordinal="0" offset="85" sl="155" path="0" offsetend="87" fileid="3" />
                <BranchPoint vc="0" uspid="167" ordinal="1" offset="85" sl="155" path="1" offsetend="131" fileid="3" />
                <BranchPoint vc="0" uspid="168" ordinal="2" offset="137" sl="163" path="0" offsetend="139" fileid="3" />
                <BranchPoint vc="0" uspid="169" ordinal="3" offset="137" sl="163" path="1" offsetend="179" fileid="3" />
                <BranchPoint vc="0" uspid="170" ordinal="4" offset="185" sl="171" path="0" offsetend="187" fileid="3" />
                <BranchPoint vc="0" uspid="171" ordinal="5" offset="185" sl="171" path="1" offsetend="210" fileid="3" />
                <BranchPoint vc="0" uspid="172" ordinal="6" offset="258" sl="178" path="0" offsetend="260" fileid="3" />
                <BranchPoint vc="0" uspid="173" ordinal="7" offset="258" sl="178" path="1" offsetend="225" fileid="3" />
                <BranchPoint vc="0" uspid="174" ordinal="8" offset="280" sl="184" path="0" offsetend="282" fileid="3" />
                <BranchPoint vc="0" uspid="175" ordinal="9" offset="280" sl="184" path="1" offsetend="305" fileid="3" />
                <BranchPoint vc="0" uspid="176" ordinal="10" offset="353" sl="190" path="0" offsetend="355" fileid="3" />
                <BranchPoint vc="0" uspid="177" ordinal="11" offset="353" sl="190" path="1" offsetend="320" fileid="3" />
                <BranchPoint vc="0" uspid="178" ordinal="12" offset="417" sl="196" path="0" offsetend="419" fileid="3" />
                <BranchPoint vc="0" uspid="179" ordinal="13" offset="417" sl="196" path="1" offsetend="384" fileid="3" />
              </BranchPoints>
              <MethodPoint xsi:type="SequencePoint" vc="0" uspid="123" ordinal="0" offset="0" sl="144" sc="13" el="144" ec="45" bec="0" bev="0" fileid="3" />
            </Method>
          </Methods>
        </Class>
        <Class>
          <Summary numSequencePoints="0" visitedSequencePoints="0" numBranchPoints="0" visitedBranchPoints="0" sequenceCoverage="0" branchCoverage="0" maxCyclomaticComplexity="1" minCyclomaticComplexity="1" />
          <FullName>JeremyAnsel.Media.An8.An8ChunkTokens</FullName>
          <Methods>
            <Method visited="true" cyclomaticComplexity="1" sequenceCoverage="0" branchCoverage="0" isConstructor="false" isStatic="false" isGetter="true" isSetter="false">
              <Summary numSequencePoints="0" visitedSequencePoints="0" numBranchPoints="0" visitedBranchPoints="0" sequenceCoverage="0" branchCoverage="0" maxCyclomaticComplexity="1" minCyclomaticComplexity="1" />
              <MetadataToken>100663330</MetadataToken>
              <Name>System.String JeremyAnsel.Media.An8.An8ChunkTokens::get_Ident()</Name>
              <SequencePoints />
              <BranchPoints />
              <MethodPoint vc="3" uspid="180" ordinal="0" offset="0" />
            </Method>
            <Method visited="true" cyclomaticComplexity="1" sequenceCoverage="0" branchCoverage="0" isConstructor="false" isStatic="false" isGetter="false" isSetter="true">
              <Summary numSequencePoints="0" visitedSequencePoints="0" numBranchPoints="0" visitedBranchPoints="0" sequenceCoverage="0" branchCoverage="0" maxCyclomaticComplexity="1" minCyclomaticComplexity="1" />
              <MetadataToken>100663331</MetadataToken>
              <Name>System.Void JeremyAnsel.Media.An8.An8ChunkTokens::set_Ident(System.String)</Name>
              <SequencePoints />
              <BranchPoints />
              <MethodPoint vc="3" uspid="181" ordinal="0" offset="0" />
            </Method>
            <Method visited="true" cyclomaticComplexity="1" sequenceCoverage="0" branchCoverage="0" isConstructor="false" isStatic="false" isGetter="true" isSetter="false">
              <Summary numSequencePoints="0" visitedSequencePoints="0" numBranchPoints="0" visitedBranchPoints="0" sequenceCoverage="0" branchCoverage="0" maxCyclomaticComplexity="1" minCyclomaticComplexity="1" />
              <MetadataToken>100663332</MetadataToken>
              <Name>System.String[] JeremyAnsel.Media.An8.An8ChunkTokens::get_Tokens()</Name>
              <SequencePoints />
              <BranchPoints />
              <MethodPoint vc="5" uspid="182" ordinal="0" offset="0" />
            </Method>
            <Method visited="true" cyclomaticComplexity="1" sequenceCoverage="0" branchCoverage="0" isConstructor="false" isStatic="false" isGetter="false" isSetter="true">
              <Summary numSequencePoints="0" visitedSequencePoints="0" numBranchPoints="0" visitedBranchPoints="0" sequenceCoverage="0" branchCoverage="0" maxCyclomaticComplexity="1" minCyclomaticComplexity="1" />
              <MetadataToken>100663333</MetadataToken>
              <Name>System.Void JeremyAnsel.Media.An8.An8ChunkTokens::set_Tokens(System.String[])</Name>
              <SequencePoints />
              <BranchPoints />
              <MethodPoint vc="3" uspid="183" ordinal="0" offset="0" />
            </Method>
            <Method visited="true" cyclomaticComplexity="1" sequenceCoverage="0" branchCoverage="0" isConstructor="true" isStatic="false" isGetter="false" isSetter="false">
              <Summary numSequencePoints="0" visitedSequencePoints="0" numBranchPoints="0" visitedBranchPoints="0" sequenceCoverage="0" branchCoverage="0" maxCyclomaticComplexity="1" minCyclomaticComplexity="1" />
              <MetadataToken>100663334</MetadataToken>
              <Name>System.Void JeremyAnsel.Media.An8.An8ChunkTokens::.ctor()</Name>
              <SequencePoints />
              <BranchPoints />
              <MethodPoint vc="3" uspid="184" ordinal="0" offset="0" />
            </Method>
          </Methods>
        </Class>
        <Class>
          <Summary numSequencePoints="105" visitedSequencePoints="0" numBranchPoints="71" visitedBranchPoints="0" sequenceCoverage="0" branchCoverage="0" maxCyclomaticComplexity="17" minCyclomaticComplexity="1" />
          <FullName>JeremyAnsel.Media.An8.An8Component</FullName>
          <Methods>
            <Method visited="false" cyclomaticComplexity="1" sequenceCoverage="0" branchCoverage="0" isConstructor="false" isStatic="false" isGetter="true" isSetter="false">
              <Summary numSequencePoints="0" visitedSequencePoints="0" numBranchPoints="0" visitedBranchPoints="0" sequenceCoverage="0" branchCoverage="0" maxCyclomaticComplexity="1" minCyclomaticComplexity="1" />
              <MetadataToken>100663335</MetadataToken>
              <Name>System.String JeremyAnsel.Media.An8.An8Component::get_Name()</Name>
              <SequencePoints />
              <BranchPoints />
              <MethodPoint vc="0" uspid="185" ordinal="0" offset="0" />
            </Method>
            <Method visited="false" cyclomaticComplexity="1" sequenceCoverage="0" branchCoverage="0" isConstructor="false" isStatic="false" isGetter="false" isSetter="true">
              <Summary numSequencePoints="0" visitedSequencePoints="0" numBranchPoints="0" visitedBranchPoints="0" sequenceCoverage="0" branchCoverage="0" maxCyclomaticComplexity="1" minCyclomaticComplexity="1" />
              <MetadataToken>100663336</MetadataToken>
              <Name>System.Void JeremyAnsel.Media.An8.An8Component::set_Name(System.String)</Name>
              <SequencePoints />
              <BranchPoints />
              <MethodPoint vc="0" uspid="186" ordinal="0" offset="0" />
            </Method>
            <Method visited="false" cyclomaticComplexity="1" sequenceCoverage="0" branchCoverage="0" isConstructor="false" isStatic="false" isGetter="true" isSetter="false">
              <Summary numSequencePoints="0" visitedSequencePoints="0" numBranchPoints="0" visitedBranchPoints="0" sequenceCoverage="0" branchCoverage="0" maxCyclomaticComplexity="1" minCyclomaticComplexity="1" />
              <MetadataToken>100663337</MetadataToken>
              <Name>JeremyAnsel.Media.An8.An8Point JeremyAnsel.Media.An8.An8Component::get_BaseOrigin()</Name>
              <SequencePoints />
              <BranchPoints />
              <MethodPoint vc="0" uspid="187" ordinal="0" offset="0" />
            </Method>
            <Method visited="false" cyclomaticComplexity="1" sequenceCoverage="0" branchCoverage="0" isConstructor="false" isStatic="false" isGetter="false" isSetter="true">
              <Summary numSequencePoints="0" visitedSequencePoints="0" numBranchPoints="0" visitedBranchPoints="0" sequenceCoverage="0" branchCoverage="0" maxCyclomaticComplexity="1" minCyclomaticComplexity="1" />
              <MetadataToken>100663338</MetadataToken>
              <Name>System.Void JeremyAnsel.Media.An8.An8Component::set_BaseOrigin(JeremyAnsel.Media.An8.An8Point)</Name>
              <SequencePoints />
              <BranchPoints />
              <MethodPoint vc="0" uspid="188" ordinal="0" offset="0" />
            </Method>
            <Method visited="false" cyclomaticComplexity="1" sequenceCoverage="0" branchCoverage="0" isConstructor="false" isStatic="false" isGetter="true" isSetter="false">
              <Summary numSequencePoints="0" visitedSequencePoints="0" numBranchPoints="0" visitedBranchPoints="0" sequenceCoverage="0" branchCoverage="0" maxCyclomaticComplexity="1" minCyclomaticComplexity="1" />
              <MetadataToken>100663339</MetadataToken>
              <Name>JeremyAnsel.Media.An8.An8Quaternion JeremyAnsel.Media.An8.An8Component::get_BaseOrientation()</Name>
              <SequencePoints />
              <BranchPoints />
              <MethodPoint vc="0" uspid="189" ordinal="0" offset="0" />
            </Method>
            <Method visited="false" cyclomaticComplexity="1" sequenceCoverage="0" branchCoverage="0" isConstructor="false" isStatic="false" isGetter="false" isSetter="true">
              <Summary numSequencePoints="0" visitedSequencePoints="0" numBranchPoints="0" visitedBranchPoints="0" sequenceCoverage="0" branchCoverage="0" maxCyclomaticComplexity="1" minCyclomaticComplexity="1" />
              <MetadataToken>100663340</MetadataToken>
              <Name>System.Void JeremyAnsel.Media.An8.An8Component::set_BaseOrientation(JeremyAnsel.Media.An8.An8Quaternion)</Name>
              <SequencePoints />
              <BranchPoints />
              <MethodPoint vc="0" uspid="190" ordinal="0" offset="0" />
            </Method>
            <Method visited="false" cyclomaticComplexity="1" sequenceCoverage="0" branchCoverage="0" isConstructor="false" isStatic="false" isGetter="true" isSetter="false">
              <Summary numSequencePoints="0" visitedSequencePoints="0" numBranchPoints="0" visitedBranchPoints="0" sequenceCoverage="0" branchCoverage="0" maxCyclomaticComplexity="1" minCyclomaticComplexity="1" />
              <MetadataToken>100663341</MetadataToken>
              <Name>JeremyAnsel.Media.An8.An8Point JeremyAnsel.Media.An8.An8Component::get_PivotOrigin()</Name>
              <SequencePoints />
              <BranchPoints />
              <MethodPoint vc="0" uspid="191" ordinal="0" offset="0" />
            </Method>
            <Method visited="false" cyclomaticComplexity="1" sequenceCoverage="0" branchCoverage="0" isConstructor="false" isStatic="false" isGetter="false" isSetter="true">
              <Summary numSequencePoints="0" visitedSequencePoints="0" numBranchPoints="0" visitedBranchPoints="0" sequenceCoverage="0" branchCoverage="0" maxCyclomaticComplexity="1" minCyclomaticComplexity="1" />
              <MetadataToken>100663342</MetadataToken>
              <Name>System.Void JeremyAnsel.Media.An8.An8Component::set_PivotOrigin(JeremyAnsel.Media.An8.An8Point)</Name>
              <SequencePoints />
              <BranchPoints />
              <MethodPoint vc="0" uspid="192" ordinal="0" offset="0" />
            </Method>
            <Method visited="false" cyclomaticComplexity="1" sequenceCoverage="0" branchCoverage="0" isConstructor="false" isStatic="false" isGetter="true" isSetter="false">
              <Summary numSequencePoints="0" visitedSequencePoints="0" numBranchPoints="0" visitedBranchPoints="0" sequenceCoverage="0" branchCoverage="0" maxCyclomaticComplexity="1" minCyclomaticComplexity="1" />
              <MetadataToken>100663343</MetadataToken>
              <Name>JeremyAnsel.Media.An8.An8Quaternion JeremyAnsel.Media.An8.An8Component::get_PivotOrientation()</Name>
              <SequencePoints />
              <BranchPoints />
              <MethodPoint vc="0" uspid="193" ordinal="0" offset="0" />
            </Method>
            <Method visited="false" cyclomaticComplexity="1" sequenceCoverage="0" branchCoverage="0" isConstructor="false" isStatic="false" isGetter="false" isSetter="true">
              <Summary numSequencePoints="0" visitedSequencePoints="0" numBranchPoints="0" visitedBranchPoints="0" sequenceCoverage="0" branchCoverage="0" maxCyclomaticComplexity="1" minCyclomaticComplexity="1" />
              <MetadataToken>100663344</MetadataToken>
              <Name>System.Void JeremyAnsel.Media.An8.An8Component::set_PivotOrientation(JeremyAnsel.Media.An8.An8Quaternion)</Name>
              <SequencePoints />
              <BranchPoints />
              <MethodPoint vc="0" uspid="194" ordinal="0" offset="0" />
            </Method>
            <Method visited="false" cyclomaticComplexity="17" sequenceCoverage="0" branchCoverage="0" isConstructor="false" isStatic="true" isGetter="false" isSetter="false">
              <Summary numSequencePoints="32" visitedSequencePoints="0" numBranchPoints="23" visitedBranchPoints="0" sequenceCoverage="0" branchCoverage="0" maxCyclomaticComplexity="17" minCyclomaticComplexity="17" />
              <MetadataToken>100663345</MetadataToken>
              <Name>System.Collections.Generic.List`1&lt;JeremyAnsel.Media.An8.An8Component&gt; JeremyAnsel.Media.An8.An8Component::ParseComponents(System.String[])</Name>
              <FileRef uid="4" />
              <SequencePoints>
                <SequencePoint vc="0" uspid="195" ordinal="0" offset="0" sl="49" sc="13" el="49" ec="55" bec="0" bev="0" fileid="4" />
                <SequencePoint vc="0" uspid="196" ordinal="1" offset="6" sl="51" sc="13" el="51" ec="56" bec="0" bev="0" fileid="4" />
                <SequencePoint vc="0" uspid="197" ordinal="2" offset="13" sl="53" sc="35" el="53" ec="41" bec="0" bev="0" fileid="4" />
                <SequencePoint vc="0" uspid="198" ordinal="3" offset="26" sl="53" sc="22" el="53" ec="31" bec="0" bev="0" fileid="4" />
                <SequencePoint vc="0" uspid="199" ordinal="4" offset="34" sl="55" sc="17" el="55" ec="47" bec="0" bev="0" fileid="4" />
                <SequencePoint vc="0" uspid="200" ordinal="5" offset="36" sl="57" sc="17" el="57" ec="37" bec="16" bev="0" fileid="4" />
                <SequencePoint vc="0" uspid="201" ordinal="6" offset="284" sl="60" sc="25" el="60" ec="51" bec="0" bev="0" fileid="4" />
                <SequencePoint vc="0" uspid="202" ordinal="7" offset="290" sl="61" sc="25" el="61" ec="31" bec="0" bev="0" fileid="4" />
                <SequencePoint vc="0" uspid="203" ordinal="8" offset="292" sl="64" sc="25" el="64" ec="53" bec="0" bev="0" fileid="4" />
                <SequencePoint vc="0" uspid="204" ordinal="9" offset="298" sl="65" sc="25" el="65" ec="31" bec="0" bev="0" fileid="4" />
                <SequencePoint vc="0" uspid="205" ordinal="10" offset="300" sl="68" sc="25" el="68" ec="55" bec="0" bev="0" fileid="4" />
                <SequencePoint vc="0" uspid="206" ordinal="11" offset="306" sl="69" sc="25" el="69" ec="31" bec="0" bev="0" fileid="4" />
                <SequencePoint vc="0" uspid="207" ordinal="12" offset="308" sl="72" sc="25" el="72" ec="51" bec="0" bev="0" fileid="4" />
                <SequencePoint vc="0" uspid="208" ordinal="13" offset="314" sl="73" sc="25" el="73" ec="31" bec="0" bev="0" fileid="4" />
                <SequencePoint vc="0" uspid="209" ordinal="14" offset="316" sl="76" sc="25" el="76" ec="58" bec="0" bev="0" fileid="4" />
                <SequencePoint vc="0" uspid="210" ordinal="15" offset="322" sl="77" sc="25" el="77" ec="31" bec="0" bev="0" fileid="4" />
                <SequencePoint vc="0" uspid="211" ordinal="16" offset="324" sl="80" sc="25" el="80" ec="51" bec="0" bev="0" fileid="4" />
                <SequencePoint vc="0" uspid="212" ordinal="17" offset="330" sl="81" sc="25" el="81" ec="31" bec="0" bev="0" fileid="4" />
                <SequencePoint vc="0" uspid="213" ordinal="18" offset="332" sl="84" sc="25" el="84" ec="54" bec="0" bev="0" fileid="4" />
                <SequencePoint vc="0" uspid="214" ordinal="19" offset="338" sl="85" sc="25" el="85" ec="31" bec="0" bev="0" fileid="4" />
                <SequencePoint vc="0" uspid="215" ordinal="20" offset="340" sl="88" sc="25" el="88" ec="55" bec="0" bev="0" fileid="4" />
                <SequencePoint vc="0" uspid="216" ordinal="21" offset="346" sl="89" sc="25" el="89" ec="31" bec="0" bev="0" fileid="4" />
                <SequencePoint vc="0" uspid="217" ordinal="22" offset="348" sl="92" sc="25" el="92" ec="52" bec="0" bev="0" fileid="4" />
                <SequencePoint vc="0" uspid="218" ordinal="23" offset="354" sl="93" sc="25" el="93" ec="31" bec="0" bev="0" fileid="4" />
                <SequencePoint vc="0" uspid="219" ordinal="24" offset="356" sl="96" sc="25" el="96" ec="58" bec="0" bev="0" fileid="4" />
                <SequencePoint vc="0" uspid="220" ordinal="25" offset="362" sl="97" sc="25" el="97" ec="31" bec="0" bev="0" fileid="4" />
                <SequencePoint vc="0" uspid="221" ordinal="26" offset="364" sl="100" sc="25" el="100" ec="52" bec="0" bev="0" fileid="4" />
                <SequencePoint vc="0" uspid="222" ordinal="27" offset="370" sl="104" sc="17" el="104" ec="39" bec="2" bev="0" fileid="4" />
                <SequencePoint vc="0" uspid="223" ordinal="28" offset="373" sl="106" sc="21" el="106" ec="57" bec="0" bev="0" fileid="4" />
                <SequencePoint vc="0" uspid="224" ordinal="29" offset="385" sl="107" sc="21" el="107" ec="47" bec="0" bev="0" fileid="4" />
                <SequencePoint vc="0" uspid="225" ordinal="30" offset="392" sl="53" sc="32" el="53" ec="34" bec="2" bev="0" fileid="4" />
                <SequencePoint vc="0" uspid="226" ordinal="31" offset="420" sl="111" sc="13" el="111" ec="31" bec="0" bev="0" fileid="4" />
              </SequencePoints>
              <BranchPoints>
                <BranchPoint vc="0" uspid="227" ordinal="0" offset="45" sl="57" path="0" offsetend="50" fileid="4" />
                <BranchPoint vc="0" uspid="228" ordinal="1" offset="45" sl="57" path="1" offsetend="370" fileid="4" />
                <BranchPoint vc="0" uspid="229" ordinal="2" offset="57" sl="57" path="0" offsetend="62" fileid="4" />
                <BranchPoint vc="0" uspid="230" ordinal="3" offset="57" sl="57" path="1" offsetend="210" fileid="4" />
                <BranchPoint vc="0" uspid="231" ordinal="4" offset="226" sl="57" path="0" offsetend="231" fileid="4" />
                <BranchPoint vc="0" uspid="232" ordinal="5" offset="226" sl="57" path="1" offsetend="370" fileid="4" />
                <BranchPoint vc="0" uspid="233" ordinal="6" offset="233" sl="57" path="0" offsetchain="282" offsetend="370" fileid="4" />
                <BranchPoint vc="0" uspid="234" ordinal="7" offset="233" sl="57" path="1" offsetend="284" fileid="4" />
                <BranchPoint vc="0" uspid="235" ordinal="8" offset="233" sl="57" path="2" offsetend="292" fileid="4" />
                <BranchPoint vc="0" uspid="236" ordinal="9" offset="233" sl="57" path="3" offsetend="300" fileid="4" />
                <BranchPoint vc="0" uspid="237" ordinal="10" offset="233" sl="57" path="4" offsetend="308" fileid="4" />
                <BranchPoint vc="0" uspid="238" ordinal="11" offset="233" sl="57" path="5" offsetend="316" fileid="4" />
                <BranchPoint vc="0" uspid="239" ordinal="12" offset="233" sl="57" path="6" offsetend="324" fileid="4" />
                <BranchPoint vc="0" uspid="240" ordinal="13" offset="233" sl="57" path="7" offsetend="332" fileid="4" />
                <BranchPoint vc="0" uspid="241" ordinal="14" offset="233" sl="57" path="8" offsetend="340" fileid="4" />
                <BranchPoint vc="0" uspid="242" ordinal="15" offset="233" sl="57" path="9" offsetend="348" fileid="4" />
                <BranchPoint vc="0" uspid="243" ordinal="16" offset="233" sl="57" path="10" offsetend="356" fileid="4" />
                <BranchPoint vc="0" uspid="244" ordinal="17" offset="233" sl="57" path="11" offsetend="364" fileid="4" />
                <BranchPoint vc="0" uspid="245" ordinal="18" offset="371" sl="104" path="0" offsetend="373" fileid="4" />
                <BranchPoint vc="0" uspid="246" ordinal="19" offset="371" sl="104" path="1" offsetend="392" fileid="4" />
                <BranchPoint vc="0" uspid="247" ordinal="20" offset="399" sl="53" path="0" offsetend="404" fileid="4" />
                <BranchPoint vc="0" uspid="248" ordinal="21" offset="399" sl="53" path="1" offsetend="26" fileid="4" />
              </BranchPoints>
              <MethodPoint xsi:type="SequencePoint" vc="0" uspid="195" ordinal="0" offset="0" sl="49" sc="13" el="49" ec="55" bec="0" bev="0" fileid="4" />
            </Method>
            <Method visited="false" cyclomaticComplexity="6" sequenceCoverage="0" branchCoverage="0" isConstructor="false" isStatic="false" isGetter="false" isSetter="false">
              <Summary numSequencePoints="12" visitedSequencePoints="0" numBranchPoints="11" visitedBranchPoints="0" sequenceCoverage="0" branchCoverage="0" maxCyclomaticComplexity="6" minCyclomaticComplexity="6" />
              <MetadataToken>100663346</MetadataToken>
              <Name>System.Void JeremyAnsel.Media.An8.An8Component::ParseTokens(System.String[])</Name>
              <FileRef uid="4" />
              <SequencePoints>
                <SequencePoint vc="0" uspid="249" ordinal="0" offset="0" sl="120" sc="13" el="120" ec="56" bec="0" bev="0" fileid="4" />
                <SequencePoint vc="0" uspid="250" ordinal="1" offset="7" sl="122" sc="35" el="122" ec="41" bec="0" bev="0" fileid="4" />
                <SequencePoint vc="0" uspid="251" ordinal="2" offset="16" sl="122" sc="22" el="122" ec="31" bec="0" bev="0" fileid="4" />
                <SequencePoint vc="0" uspid="252" ordinal="3" offset="24" sl="124" sc="17" el="124" ec="31" bec="0" bev="0" fileid="4" />
                <SequencePoint vc="0" uspid="253" ordinal="4" offset="26" sl="126" sc="17" el="126" ec="37" bec="7" bev="0" fileid="4" />
                <SequencePoint vc="0" uspid="254" ordinal="5" offset="81" sl="129" sc="25" el="129" ec="83" bec="0" bev="0" fileid="4" />
                <SequencePoint vc="0" uspid="255" ordinal="6" offset="100" sl="130" sc="25" el="130" ec="31" bec="0" bev="0" fileid="4" />
                <SequencePoint vc="0" uspid="256" ordinal="7" offset="102" sl="133" sc="25" el="133" ec="54" bec="0" bev="0" fileid="4" />
                <SequencePoint vc="0" uspid="257" ordinal="8" offset="114" sl="134" sc="25" el="134" ec="31" bec="0" bev="0" fileid="4" />
                <SequencePoint vc="0" uspid="258" ordinal="9" offset="116" sl="137" sc="25" el="137" ec="55" bec="0" bev="0" fileid="4" />
                <SequencePoint vc="0" uspid="259" ordinal="10" offset="128" sl="122" sc="32" el="122" ec="34" bec="2" bev="0" fileid="4" />
                <SequencePoint vc="0" uspid="260" ordinal="11" offset="153" sl="141" sc="9" el="141" ec="10" bec="0" bev="0" fileid="4" />
              </SequencePoints>
              <BranchPoints>
                <BranchPoint vc="0" uspid="261" ordinal="0" offset="35" sl="126" path="0" offsetend="37" fileid="4" />
                <BranchPoint vc="0" uspid="262" ordinal="1" offset="35" sl="126" path="1" offsetend="128" fileid="4" />
                <BranchPoint vc="0" uspid="263" ordinal="2" offset="49" sl="126" path="0" offsetend="51" fileid="4" />
                <BranchPoint vc="0" uspid="264" ordinal="3" offset="49" sl="126" path="1" offsetend="81" fileid="4" />
                <BranchPoint vc="0" uspid="265" ordinal="4" offset="63" sl="126" path="0" offsetend="65" fileid="4" />
                <BranchPoint vc="0" uspid="266" ordinal="5" offset="63" sl="126" path="1" offsetend="102" fileid="4" />
                <BranchPoint vc="0" uspid="267" ordinal="6" offset="77" sl="126" path="0" offsetchain="79" offsetend="128" fileid="4" />
                <BranchPoint vc="0" uspid="268" ordinal="7" offset="77" sl="126" path="1" offsetend="116" fileid="4" />
                <BranchPoint vc="0" uspid="269" ordinal="8" offset="135" sl="122" path="0" offsetend="137" fileid="4" />
                <BranchPoint vc="0" uspid="270" ordinal="9" offset="135" sl="122" path="1" offsetend="16" fileid="4" />
              </BranchPoints>
              <MethodPoint xsi:type="SequencePoint" vc="0" uspid="249" ordinal="0" offset="0" sl="120" sc="13" el="120" ec="56" bec="0" bev="0" fileid="4" />
            </Method>
            <Method visited="false" cyclomaticComplexity="5" sequenceCoverage="0" branchCoverage="0" isConstructor="false" isStatic="false" isGetter="false" isSetter="false">
              <Summary numSequencePoints="11" visitedSequencePoints="0" numBranchPoints="9" visitedBranchPoints="0" sequenceCoverage="0" branchCoverage="0" maxCyclomaticComplexity="5" minCyclomaticComplexity="5" />
              <MetadataToken>100663347</MetadataToken>
              <Name>System.String[] JeremyAnsel.Media.An8.An8Component::BuildTokens()</Name>
              <FileRef uid="4" />
              <SequencePoints>
                <SequencePoint vc="0" uspid="271" ordinal="0" offset="0" sl="149" sc="13" el="149" ec="45" bec="0" bev="0" fileid="4" />
                <SequencePoint vc="0" uspid="272" ordinal="1" offset="6" sl="151" sc="13" el="151" ec="54" bec="0" bev="0" fileid="4" />
                <SequencePoint vc="0" uspid="273" ordinal="2" offset="17" sl="152" sc="13" el="152" ec="54" bec="0" bev="0" fileid="4" />
                <SequencePoint vc="0" uspid="274" ordinal="3" offset="29" sl="153" sc="13" el="153" ec="47" bec="0" bev="0" fileid="4" />
                <SequencePoint vc="0" uspid="275" ordinal="4" offset="35" sl="155" sc="13" el="155" ec="73" bec="3" bev="0" fileid="4" />
                <SequencePoint vc="0" uspid="276" ordinal="5" offset="51" sl="157" sc="17" el="157" ec="48" bec="0" bev="0" fileid="4" />
                <SequencePoint vc="0" uspid="277" ordinal="6" offset="57" sl="158" sc="17" el="158" ec="40" bec="0" bev="0" fileid="4" />
                <SequencePoint vc="0" uspid="278" ordinal="7" offset="64" sl="161" sc="13" el="161" ec="75" bec="3" bev="0" fileid="4" />
                <SequencePoint vc="0" uspid="279" ordinal="8" offset="80" sl="163" sc="17" el="163" ec="48" bec="0" bev="0" fileid="4" />
                <SequencePoint vc="0" uspid="280" ordinal="9" offset="86" sl="164" sc="17" el="164" ec="41" bec="0" bev="0" fileid="4" />
                <SequencePoint vc="0" uspid="281" ordinal="10" offset="93" sl="167" sc="13" el="167" ec="37" bec="0" bev="0" fileid="4" />
              </SequencePoints>
              <BranchPoints>
                <BranchPoint vc="0" uspid="282" ordinal="0" offset="41" sl="155" path="0" offsetend="43" fileid="4" />
                <BranchPoint vc="0" uspid="283" ordinal="1" offset="41" sl="155" path="1" offsetend="51" fileid="4" />
                <BranchPoint vc="0" uspid="284" ordinal="2" offset="49" sl="155" path="0" offsetend="51" fileid="4" />
                <BranchPoint vc="0" uspid="285" ordinal="3" offset="49" sl="155" path="1" offsetend="64" fileid="4" />
                <BranchPoint vc="0" uspid="286" ordinal="4" offset="70" sl="161" path="0" offsetend="72" fileid="4" />
                <BranchPoint vc="0" uspid="287" ordinal="5" offset="70" sl="161" path="1" offsetend="80" fileid="4" />
                <BranchPoint vc="0" uspid="288" ordinal="6" offset="78" sl="161" path="0" offsetend="80" fileid="4" />
                <BranchPoint vc="0" uspid="289" ordinal="7" offset="78" sl="161" path="1" offsetend="93" fileid="4" />
              </BranchPoints>
              <MethodPoint xsi:type="SequencePoint" vc="0" uspid="271" ordinal="0" offset="0" sl="149" sc="13" el="149" ec="45" bec="0" bev="0" fileid="4" />
            </Method>
            <Method visited="false" cyclomaticComplexity="5" sequenceCoverage="0" branchCoverage="0" isConstructor="false" isStatic="false" isGetter="false" isSetter="false">
              <Summary numSequencePoints="10" visitedSequencePoints="0" numBranchPoints="9" visitedBranchPoints="0" sequenceCoverage="0" branchCoverage="0" maxCyclomaticComplexity="5" minCyclomaticComplexity="5" />
              <MetadataToken>100663348</MetadataToken>
              <Name>System.Void JeremyAnsel.Media.An8.An8Component::ParseBase(System.String[])</Name>
              <FileRef uid="4" />
              <SequencePoints>
                <SequencePoint vc="0" uspid="290" ordinal="0" offset="0" sl="176" sc="13" el="176" ec="56" bec="0" bev="0" fileid="4" />
                <SequencePoint vc="0" uspid="291" ordinal="1" offset="7" sl="178" sc="35" el="178" ec="41" bec="0" bev="0" fileid="4" />
                <SequencePoint vc="0" uspid="292" ordinal="2" offset="16" sl="178" sc="22" el="178" ec="31" bec="0" bev="0" fileid="4" />
                <SequencePoint vc="0" uspid="293" ordinal="3" offset="24" sl="180" sc="17" el="180" ec="31" bec="0" bev="0" fileid="4" />
                <SequencePoint vc="0" uspid="294" ordinal="4" offset="26" sl="182" sc="17" el="182" ec="37" bec="5" bev="0" fileid="4" />
                <SequencePoint vc="0" uspid="295" ordinal="5" offset="67" sl="185" sc="25" el="185" ec="88" bec="0" bev="0" fileid="4" />
                <SequencePoint vc="0" uspid="296" ordinal="6" offset="86" sl="186" sc="25" el="186" ec="31" bec="0" bev="0" fileid="4" />
                <SequencePoint vc="0" uspid="297" ordinal="7" offset="88" sl="189" sc="25" el="189" ec="98" bec="0" bev="0" fileid="4" />
                <SequencePoint vc="0" uspid="298" ordinal="8" offset="107" sl="178" sc="32" el="178" ec="34" bec="2" bev="0" fileid="4" />
                <SequencePoint vc="0" uspid="299" ordinal="9" offset="132" sl="193" sc="9" el="193" ec="10" bec="0" bev="0" fileid="4" />
              </SequencePoints>
              <BranchPoints>
                <BranchPoint vc="0" uspid="300" ordinal="0" offset="35" sl="182" path="0" offsetend="37" fileid="4" />
                <BranchPoint vc="0" uspid="301" ordinal="1" offset="35" sl="182" path="1" offsetend="107" fileid="4" />
                <BranchPoint vc="0" uspid="302" ordinal="2" offset="49" sl="182" path="0" offsetend="51" fileid="4" />
                <BranchPoint vc="0" uspid="303" ordinal="3" offset="49" sl="182" path="1" offsetend="67" fileid="4" />
                <BranchPoint vc="0" uspid="304" ordinal="4" offset="63" sl="182" path="0" offsetchain="65" offsetend="107" fileid="4" />
[...]
                <BranchPoint vc="4" uspid="2689" ordinal="4" offset="63" sl="402" path="0" offsetend="65" fileid="37" />
                <BranchPoint vc="2" uspid="2690" ordinal="5" offset="63" sl="402" path="1" offsetend="130" fileid="37" />
                <BranchPoint vc="1" uspid="2691" ordinal="6" offset="91" sl="404" path="0" offsetend="93" fileid="37" />
                <BranchPoint vc="3" uspid="2692" ordinal="7" offset="91" sl="404" path="1" offsetend="110" fileid="37" />
                <BranchPoint vc="2" uspid="2693" ordinal="8" offset="142" sl="391" path="0" offsetend="147" fileid="37" />
                <BranchPoint vc="24" uspid="2694" ordinal="9" offset="142" sl="391" path="1" offsetend="12" fileid="37" />
                <BranchPoint vc="2" uspid="2695" ordinal="10" offset="151" sl="416" path="0" offsetend="153" fileid="37" />
                <BranchPoint vc="0" uspid="2696" ordinal="11" offset="151" sl="416" path="1" offsetend="220" fileid="37" />
                <BranchPoint vc="1" uspid="2697" ordinal="12" offset="181" sl="418" path="0" offsetend="183" fileid="37" />
                <BranchPoint vc="1" uspid="2698" ordinal="13" offset="181" sl="418" path="1" offsetend="200" fileid="37" />
                <BranchPoint vc="2" uspid="2699" ordinal="14" offset="262" sl="432" path="0" offsetend="264" fileid="37" />
                <BranchPoint vc="8" uspid="2700" ordinal="15" offset="262" sl="432" path="1" offsetend="272" fileid="37" />
                <BranchPoint vc="2" uspid="2701" ordinal="16" offset="285" sl="436" path="0" offsetend="287" fileid="37" />
                <BranchPoint vc="6" uspid="2702" ordinal="17" offset="285" sl="436" path="1" offsetend="295" fileid="37" />
                <BranchPoint vc="2" uspid="2703" ordinal="18" offset="339" sl="430" path="0" offsetend="341" fileid="37" />
                <BranchPoint vc="10" uspid="2704" ordinal="19" offset="339" sl="430" path="1" offsetend="240" fileid="37" />
              </BranchPoints>
              <MethodPoint xsi:type="SequencePoint" vc="2" uspid="2658" ordinal="0" offset="0" sl="387" sc="13" el="387" ec="44" bec="0" bev="0" fileid="37" />
            </Method>
            <Method visited="true" cyclomaticComplexity="1" sequenceCoverage="100" branchCoverage="100" isConstructor="false" isStatic="true" isGetter="false" isSetter="false">
              <Summary numSequencePoints="2" visitedSequencePoints="2" numBranchPoints="1" visitedBranchPoints="1" sequenceCoverage="100" branchCoverage="100" maxCyclomaticComplexity="1" minCyclomaticComplexity="1" />
              <MetadataToken>100663758</MetadataToken>
              <Name>System.Void JeremyAnsel.Media.An8.Tokenizer::BuildNewLine(System.Collections.Generic.List`1&lt;System.String&gt;)</Name>
              <FileRef uid="37" />
              <SequencePoints>
                <SequencePoint vc="2" uspid="2705" ordinal="0" offset="0" sl="456" sc="13" el="456" ec="30" bec="0" bev="0" fileid="37" />
                <SequencePoint vc="2" uspid="2706" ordinal="1" offset="11" sl="457" sc="9" el="457" ec="10" bec="0" bev="0" fileid="37" />
              </SequencePoints>
              <BranchPoints />
              <MethodPoint xsi:type="SequencePoint" vc="2" uspid="2705" ordinal="0" offset="0" sl="456" sc="13" el="456" ec="30" bec="0" bev="0" fileid="37" />
            </Method>
            <Method visited="true" cyclomaticComplexity="1" sequenceCoverage="100" branchCoverage="100" isConstructor="false" isStatic="true" isGetter="false" isSetter="false">
              <Summary numSequencePoints="3" visitedSequencePoints="3" numBranchPoints="1" visitedBranchPoints="1" sequenceCoverage="100" branchCoverage="100" maxCyclomaticComplexity="1" minCyclomaticComplexity="1" />
              <MetadataToken>100663759</MetadataToken>
              <Name>System.Void JeremyAnsel.Media.An8.Tokenizer::BuildIndent(System.Collections.Generic.List`1&lt;System.String&gt;)</Name>
              <FileRef uid="37" />
              <SequencePoints>
                <SequencePoint vc="2" uspid="2707" ordinal="0" offset="0" sl="465" sc="13" el="465" ec="30" bec="0" bev="0" fileid="37" />
                <SequencePoint vc="2" uspid="2708" ordinal="1" offset="11" sl="466" sc="13" el="466" ec="29" bec="0" bev="0" fileid="37" />
                <SequencePoint vc="2" uspid="2709" ordinal="2" offset="22" sl="467" sc="9" el="467" ec="10" bec="0" bev="0" fileid="37" />
              </SequencePoints>
              <BranchPoints />
              <MethodPoint xsi:type="SequencePoint" vc="2" uspid="2707" ordinal="0" offset="0" sl="465" sc="13" el="465" ec="30" bec="0" bev="0" fileid="37" />
            </Method>
            <Method visited="true" cyclomaticComplexity="1" sequenceCoverage="100" branchCoverage="100" isConstructor="false" isStatic="true" isGetter="false" isSetter="false">
              <Summary numSequencePoints="3" visitedSequencePoints="3" numBranchPoints="1" visitedBranchPoints="1" sequenceCoverage="100" branchCoverage="100" maxCyclomaticComplexity="1" minCyclomaticComplexity="1" />
              <MetadataToken>100663760</MetadataToken>
              <Name>System.Void JeremyAnsel.Media.An8.Tokenizer::BuildUnindent(System.Collections.Generic.List`1&lt;System.String&gt;)</Name>
              <FileRef uid="37" />
              <SequencePoints>
                <SequencePoint vc="2" uspid="2710" ordinal="0" offset="0" sl="475" sc="13" el="475" ec="30" bec="0" bev="0" fileid="37" />
                <SequencePoint vc="2" uspid="2711" ordinal="1" offset="11" sl="476" sc="13" el="476" ec="29" bec="0" bev="0" fileid="37" />
                <SequencePoint vc="2" uspid="2712" ordinal="2" offset="22" sl="477" sc="9" el="477" ec="10" bec="0" bev="0" fileid="37" />
              </SequencePoints>
              <BranchPoints />
              <MethodPoint xsi:type="SequencePoint" vc="2" uspid="2710" ordinal="0" offset="0" sl="475" sc="13" el="475" ec="30" bec="0" bev="0" fileid="37" />
            </Method>
            <Method visited="true" cyclomaticComplexity="1" sequenceCoverage="100" branchCoverage="100" isConstructor="false" isStatic="true" isGetter="false" isSetter="false">
              <Summary numSequencePoints="3" visitedSequencePoints="3" numBranchPoints="1" visitedBranchPoints="1" sequenceCoverage="100" branchCoverage="100" maxCyclomaticComplexity="1" minCyclomaticComplexity="1" />
              <MetadataToken>100663761</MetadataToken>
              <Name>System.Void JeremyAnsel.Media.An8.Tokenizer::BuildOpenChunk(System.Collections.Generic.List`1&lt;System.String&gt;,System.String)</Name>
              <FileRef uid="37" />
              <SequencePoints>
                <SequencePoint vc="4" uspid="2713" ordinal="0" offset="0" sl="486" sc="13" el="486" ec="31" bec="0" bev="0" fileid="37" />
                <SequencePoint vc="4" uspid="2714" ordinal="1" offset="7" sl="487" sc="13" el="487" ec="29" bec="0" bev="0" fileid="37" />
                <SequencePoint vc="4" uspid="2715" ordinal="2" offset="18" sl="488" sc="9" el="488" ec="10" bec="0" bev="0" fileid="37" />
              </SequencePoints>
              <BranchPoints />
              <MethodPoint xsi:type="SequencePoint" vc="4" uspid="2713" ordinal="0" offset="0" sl="486" sc="13" el="486" ec="31" bec="0" bev="0" fileid="37" />
            </Method>
            <Method visited="true" cyclomaticComplexity="1" sequenceCoverage="100" branchCoverage="100" isConstructor="false" isStatic="true" isGetter="false" isSetter="false">
              <Summary numSequencePoints="2" visitedSequencePoints="2" numBranchPoints="1" visitedBranchPoints="1" sequenceCoverage="100" branchCoverage="100" maxCyclomaticComplexity="1" minCyclomaticComplexity="1" />
              <MetadataToken>100663762</MetadataToken>
              <Name>System.Void JeremyAnsel.Media.An8.Tokenizer::BuildCloseChunk(System.Collections.Generic.List`1&lt;System.String&gt;)</Name>
              <FileRef uid="37" />
              <SequencePoints>
                <SequencePoint vc="4" uspid="2716" ordinal="0" offset="0" sl="496" sc="13" el="496" ec="29" bec="0" bev="0" fileid="37" />
                <SequencePoint vc="4" uspid="2717" ordinal="1" offset="11" sl="497" sc="9" el="497" ec="10" bec="0" bev="0" fileid="37" />
              </SequencePoints>
              <BranchPoints />
              <MethodPoint xsi:type="SequencePoint" vc="4" uspid="2716" ordinal="0" offset="0" sl="496" sc="13" el="496" ec="29" bec="0" bev="0" fileid="37" />
            </Method>
            <Method visited="false" cyclomaticComplexity="1" sequenceCoverage="0" branchCoverage="0" isConstructor="false" isStatic="true" isGetter="false" isSetter="false">
              <Summary numSequencePoints="2" visitedSequencePoints="0" numBranchPoints="1" visitedBranchPoints="0" sequenceCoverage="0" branchCoverage="0" maxCyclomaticComplexity="1" minCyclomaticComplexity="1" />
              <MetadataToken>100663763</MetadataToken>
              <Name>System.Void JeremyAnsel.Media.An8.Tokenizer::BuildOpenData(System.Collections.Generic.List`1&lt;System.String&gt;)</Name>
              <FileRef uid="37" />
              <SequencePoints>
                <SequencePoint vc="0" uspid="2718" ordinal="0" offset="0" sl="505" sc="13" el="505" ec="29" bec="0" bev="0" fileid="37" />
                <SequencePoint vc="0" uspid="2719" ordinal="1" offset="11" sl="506" sc="9" el="506" ec="10" bec="0" bev="0" fileid="37" />
              </SequencePoints>
              <BranchPoints />
              <MethodPoint xsi:type="SequencePoint" vc="0" uspid="2718" ordinal="0" offset="0" sl="505" sc="13" el="505" ec="29" bec="0" bev="0" fileid="37" />
            </Method>
            <Method visited="false" cyclomaticComplexity="1" sequenceCoverage="0" branchCoverage="0" isConstructor="false" isStatic="true" isGetter="false" isSetter="false">
              <Summary numSequencePoints="2" visitedSequencePoints="0" numBranchPoints="1" visitedBranchPoints="0" sequenceCoverage="0" branchCoverage="0" maxCyclomaticComplexity="1" minCyclomaticComplexity="1" />
              <MetadataToken>100663764</MetadataToken>
              <Name>System.Void JeremyAnsel.Media.An8.Tokenizer::BuildCloseData(System.Collections.Generic.List`1&lt;System.String&gt;)</Name>
              <FileRef uid="37" />
              <SequencePoints>
                <SequencePoint vc="0" uspid="2720" ordinal="0" offset="0" sl="514" sc="13" el="514" ec="29" bec="0" bev="0" fileid="37" />
                <SequencePoint vc="0" uspid="2721" ordinal="1" offset="11" sl="515" sc="9" el="515" ec="10" bec="0" bev="0" fileid="37" />
              </SequencePoints>
              <BranchPoints />
              <MethodPoint xsi:type="SequencePoint" vc="0" uspid="2720" ordinal="0" offset="0" sl="514" sc="13" el="514" ec="29" bec="0" bev="0" fileid="37" />
            </Method>
            <Method visited="true" cyclomaticComplexity="2" sequenceCoverage="75" branchCoverage="66.67" isConstructor="false" isStatic="true" isGetter="false" isSetter="false">
              <Summary numSequencePoints="4" visitedSequencePoints="3" numBranchPoints="3" visitedBranchPoints="2" sequenceCoverage="75" branchCoverage="66.67" maxCyclomaticComplexity="2" minCyclomaticComplexity="2" />
              <MetadataToken>100663765</MetadataToken>
              <Name>System.Void JeremyAnsel.Media.An8.Tokenizer::BuildString(System.Collections.Generic.List`1&lt;System.String&gt;,System.String)</Name>
              <FileRef uid="37" />
              <SequencePoints>
                <SequencePoint vc="2" uspid="2722" ordinal="0" offset="0" sl="524" sc="13" el="524" ec="43" bec="2" bev="1" fileid="37" />
                <SequencePoint vc="0" uspid="2723" ordinal="1" offset="8" sl="526" sc="17" el="526" ec="36" bec="0" bev="0" fileid="37" />
                <SequencePoint vc="2" uspid="2724" ordinal="2" offset="20" sl="530" sc="17" el="533" ec="28" bec="0" bev="0" fileid="37" />
                <SequencePoint vc="2" uspid="2725" ordinal="3" offset="72" sl="535" sc="9" el="535" ec="10" bec="0" bev="0" fileid="37" />
              </SequencePoints>
              <BranchPoints>
                <BranchPoint vc="0" uspid="2726" ordinal="0" offset="6" sl="524" path="0" offsetend="8" fileid="37" />
                <BranchPoint vc="2" uspid="2727" ordinal="1" offset="6" sl="524" path="1" offsetend="20" fileid="37" />
              </BranchPoints>
              <MethodPoint xsi:type="SequencePoint" vc="2" uspid="2722" ordinal="0" offset="0" sl="524" sc="13" el="524" ec="43" bec="2" bev="1" fileid="37" />
            </Method>
            <Method visited="false" cyclomaticComplexity="2" sequenceCoverage="0" branchCoverage="0" isConstructor="false" isStatic="true" isGetter="false" isSetter="false">
              <Summary numSequencePoints="4" visitedSequencePoints="0" numBranchPoints="3" visitedBranchPoints="0" sequenceCoverage="0" branchCoverage="0" maxCyclomaticComplexity="2" minCyclomaticComplexity="2" />
              <MetadataToken>100663766</MetadataToken>
              <Name>System.Void JeremyAnsel.Media.An8.Tokenizer::BuildUnicodeString(System.Collections.Generic.List`1&lt;System.String&gt;,System.String)</Name>
              <FileRef uid="37" />
              <SequencePoints>
                <SequencePoint vc="0" uspid="2728" ordinal="0" offset="0" sl="546" sc="13" el="546" ec="43" bec="2" bev="0" fileid="37" />
                <SequencePoint vc="0" uspid="2729" ordinal="1" offset="8" sl="548" sc="17" el="548" ec="37" bec="0" bev="0" fileid="37" />
                <SequencePoint vc="0" uspid="2730" ordinal="2" offset="20" sl="552" sc="17" el="555" ec="28" bec="0" bev="0" fileid="37" />
                <SequencePoint vc="0" uspid="2731" ordinal="3" offset="72" sl="557" sc="9" el="557" ec="10" bec="0" bev="0" fileid="37" />
              </SequencePoints>
              <BranchPoints>
                <BranchPoint vc="0" uspid="2732" ordinal="0" offset="6" sl="546" path="0" offsetend="8" fileid="37" />
                <BranchPoint vc="0" uspid="2733" ordinal="1" offset="6" sl="546" path="1" offsetend="20" fileid="37" />
              </BranchPoints>
              <MethodPoint xsi:type="SequencePoint" vc="0" uspid="2728" ordinal="0" offset="0" sl="546" sc="13" el="546" ec="43" bec="2" bev="0" fileid="37" />
            </Method>
            <Method visited="false" cyclomaticComplexity="1" sequenceCoverage="0" branchCoverage="0" isConstructor="false" isStatic="true" isGetter="false" isSetter="false">
              <Summary numSequencePoints="2" visitedSequencePoints="0" numBranchPoints="1" visitedBranchPoints="0" sequenceCoverage="0" branchCoverage="0" maxCyclomaticComplexity="1" minCyclomaticComplexity="1" />
              <MetadataToken>100663767</MetadataToken>
              <Name>System.Void JeremyAnsel.Media.An8.Tokenizer::BuildInt(System.Collections.Generic.List`1&lt;System.String&gt;,System.Int32)</Name>
              <FileRef uid="37" />
              <SequencePoints>
                <SequencePoint vc="0" uspid="2734" ordinal="0" offset="0" sl="566" sc="13" el="566" ec="70" bec="0" bev="0" fileid="37" />
                <SequencePoint vc="0" uspid="2735" ordinal="1" offset="18" sl="567" sc="9" el="567" ec="10" bec="0" bev="0" fileid="37" />
              </SequencePoints>
              <BranchPoints />
              <MethodPoint xsi:type="SequencePoint" vc="0" uspid="2734" ordinal="0" offset="0" sl="566" sc="13" el="566" ec="70" bec="0" bev="0" fileid="37" />
            </Method>
            <Method visited="false" cyclomaticComplexity="1" sequenceCoverage="0" branchCoverage="0" isConstructor="false" isStatic="true" isGetter="false" isSetter="false">
              <Summary numSequencePoints="2" visitedSequencePoints="0" numBranchPoints="1" visitedBranchPoints="0" sequenceCoverage="0" branchCoverage="0" maxCyclomaticComplexity="1" minCyclomaticComplexity="1" />
              <MetadataToken>100663768</MetadataToken>
              <Name>System.Void JeremyAnsel.Media.An8.Tokenizer::BuildFloat(System.Collections.Generic.List`1&lt;System.String&gt;,System.Single)</Name>
              <FileRef uid="37" />
              <SequencePoints>
                <SequencePoint vc="0" uspid="2736" ordinal="0" offset="0" sl="576" sc="13" el="576" ec="76" bec="0" bev="0" fileid="37" />
                <SequencePoint vc="0" uspid="2737" ordinal="1" offset="23" sl="577" sc="9" el="577" ec="10" bec="0" bev="0" fileid="37" />
              </SequencePoints>
              <BranchPoints />
              <MethodPoint xsi:type="SequencePoint" vc="0" uspid="2736" ordinal="0" offset="0" sl="576" sc="13" el="576" ec="76" bec="0" bev="0" fileid="37" />
            </Method>
            <Method visited="true" cyclomaticComplexity="1" sequenceCoverage="100" branchCoverage="100" isConstructor="false" isStatic="true" isGetter="false" isSetter="false">
              <Summary numSequencePoints="1" visitedSequencePoints="1" numBranchPoints="1" visitedBranchPoints="1" sequenceCoverage="100" branchCoverage="100" maxCyclomaticComplexity="1" minCyclomaticComplexity="1" />
              <MetadataToken>100663769</MetadataToken>
              <Name>System.Boolean JeremyAnsel.Media.An8.Tokenizer::&lt;Build&gt;b__2(System.String)</Name>
              <FileRef uid="37" />
              <SequencePoints>
                <SequencePoint vc="12" uspid="2738" ordinal="0" offset="0" sl="409" sc="41" el="409" ec="89" bec="0" bev="0" fileid="37" />
              </SequencePoints>
              <BranchPoints />
              <MethodPoint xsi:type="SequencePoint" vc="12" uspid="2738" ordinal="0" offset="0" sl="409" sc="41" el="409" ec="89" bec="0" bev="0" fileid="37" />
            </Method>
            <Method visited="true" cyclomaticComplexity="1" sequenceCoverage="100" branchCoverage="100" isConstructor="false" isStatic="true" isGetter="false" isSetter="false">
              <Summary numSequencePoints="1" visitedSequencePoints="1" numBranchPoints="1" visitedBranchPoints="1" sequenceCoverage="100" branchCoverage="100" maxCyclomaticComplexity="1" minCyclomaticComplexity="1" />
              <MetadataToken>100663770</MetadataToken>
              <Name>System.Boolean JeremyAnsel.Media.An8.Tokenizer::&lt;Build&gt;b__3(System.String)</Name>
              <FileRef uid="37" />
              <SequencePoints>
                <SequencePoint vc="2" uspid="2739" ordinal="0" offset="0" sl="423" sc="33" el="423" ec="81" bec="0" bev="0" fileid="37" />
              </SequencePoints>
              <BranchPoints />
              <MethodPoint xsi:type="SequencePoint" vc="2" uspid="2739" ordinal="0" offset="0" sl="423" sc="33" el="423" ec="81" bec="0" bev="0" fileid="37" />
            </Method>
            <Method visited="true" cyclomaticComplexity="1" sequenceCoverage="100" branchCoverage="100" isConstructor="true" isStatic="true" isGetter="false" isSetter="false">
              <Summary numSequencePoints="2" visitedSequencePoints="2" numBranchPoints="1" visitedBranchPoints="1" sequenceCoverage="100" branchCoverage="100" maxCyclomaticComplexity="1" minCyclomaticComplexity="1" />
              <MetadataToken>100663771</MetadataToken>
              <Name>System.Void JeremyAnsel.Media.An8.Tokenizer::.cctor()</Name>
              <FileRef uid="37" />
              <SequencePoints>
                <SequencePoint vc="1" uspid="2740" ordinal="0" offset="0" sl="26" sc="9" el="26" ec="97" bec="0" bev="0" fileid="37" />
                <SequencePoint vc="1" uspid="2741" ordinal="1" offset="22" sl="31" sc="9" el="31" ec="82" bec="0" bev="0" fileid="37" />
              </SequencePoints>
              <BranchPoints />
              <MethodPoint xsi:type="SequencePoint" vc="1" uspid="2740" ordinal="0" offset="0" sl="26" sc="9" el="26" ec="97" bec="0" bev="0" fileid="37" />
            </Method>
          </Methods>
        </Class>
      </Classes>
    </Module>
  </Modules>
</CoverageSession>