<?xml version="1.0" encoding="utf-8"?>
<CoverageSession>
  <Summary numSequencePoints="1793" visitedSequencePoints="1765" numBranchPoints="870" visitedBranchPoints="852" sequenceCoverage="98.43" branchCoverage="97.93" maxCyclomaticComplexity="1073" minCyclomaticComplexity="1073" visitedClasses="38" numClasses="38" visitedMethods="280" numMethods="285" />
  <Modules>
    <Module hash="FA38EEEE-1415-4733-94E0-CF7536EF276C">
      <ModulePath>JeremyAnsel.Media.An8.dll</ModulePath>
      <ModuleTime>2019-10-08T01:54:56</ModuleTime>
      <ModuleName>JeremyAnsel.Media.An8</ModuleName>
      <Files>
        <File uid="1" fullPath="C:\projects\jeremyansel-media-an8\JeremyAnsel.Media.An8\JeremyAnsel.Media.An8\An8Bezier.cs" />
        <File uid="2" fullPath="C:\projects\jeremyansel-media-an8\JeremyAnsel.Media.An8\JeremyAnsel.Media.An8\An8Bone.cs" />
        <File uid="3" fullPath="C:\projects\jeremyansel-media-an8\JeremyAnsel.Media.An8\JeremyAnsel.Media.An8\An8Chunk.cs" />
        <File uid="4" fullPath="C:\projects\jeremyansel-media-an8\JeremyAnsel.Media.An8\JeremyAnsel.Media.An8\An8ChunkTokens.cs" />
        <File uid="5" fullPath="C:\projects\jeremyansel-media-an8\JeremyAnsel.Media.An8\JeremyAnsel.Media.An8\An8Component.cs" />
        <File uid="6" fullPath="C:\projects\jeremyansel-media-an8\JeremyAnsel.Media.An8\JeremyAnsel.Media.An8\An8Cube.cs" />
        <File uid="7" fullPath="C:\projects\jeremyansel-media-an8\JeremyAnsel.Media.An8\JeremyAnsel.Media.An8\An8Cylinder.cs" />
        <File uid="8" fullPath="C:\projects\jeremyansel-media-an8\JeremyAnsel.Media.An8\JeremyAnsel.Media.An8\An8DegreeOfFreedom.cs" />
        <File uid="9" fullPath="C:\projects\jeremyansel-media-an8\JeremyAnsel.Media.An8\JeremyAnsel.Media.An8\An8Edge.cs" />
        <File uid="10" fullPath="C:\projects\jeremyansel-media-an8\JeremyAnsel.Media.An8\JeremyAnsel.Media.An8\An8Environment.cs" />
        <File uid="11" fullPath="C:\projects\jeremyansel-media-an8\JeremyAnsel.Media.An8\JeremyAnsel.Media.An8\An8Face.cs" />
        <File uid="12" fullPath="C:\projects\jeremyansel-media-an8\JeremyAnsel.Media.An8\JeremyAnsel.Media.An8\An8Figure.cs" />
        <File uid="13" fullPath="C:\projects\jeremyansel-media-an8\JeremyAnsel.Media.An8\JeremyAnsel.Media.An8\An8File.cs" />
        <File uid="14" fullPath="C:\projects\jeremyansel-media-an8\JeremyAnsel.Media.An8\JeremyAnsel.Media.An8\An8Group.cs" />
        <File uid="15" fullPath="C:\projects\jeremyansel-media-an8\JeremyAnsel.Media.An8\JeremyAnsel.Media.An8\An8Header.cs" />
        <File uid="16" fullPath="C:\projects\jeremyansel-media-an8\JeremyAnsel.Media.An8\JeremyAnsel.Media.An8\An8Image.cs" />
        <File uid="17" fullPath="C:\projects\jeremyansel-media-an8\JeremyAnsel.Media.An8\JeremyAnsel.Media.An8\An8Influence.cs" />
        <File uid="18" fullPath="C:\projects\jeremyansel-media-an8\JeremyAnsel.Media.An8\JeremyAnsel.Media.An8\An8Knot.cs" />
        <File uid="19" fullPath="C:\projects\jeremyansel-media-an8\JeremyAnsel.Media.An8\JeremyAnsel.Media.An8\An8LongLat.cs" />
        <File uid="20" fullPath="C:\projects\jeremyansel-media-an8\JeremyAnsel.Media.An8\JeremyAnsel.Media.An8\An8Map.cs" />
        <File uid="21" fullPath="C:\projects\jeremyansel-media-an8\JeremyAnsel.Media.An8\JeremyAnsel.Media.An8\An8Material.cs" />
        <File uid="22" fullPath="C:\projects\jeremyansel-media-an8\JeremyAnsel.Media.An8\JeremyAnsel.Media.An8\An8MaterialColor.cs" />
        <File uid="23" fullPath="C:\projects\jeremyansel-media-an8\JeremyAnsel.Media.An8\JeremyAnsel.Media.An8\An8Mesh.cs" />
        <File uid="24" fullPath="C:\projects\jeremyansel-media-an8\JeremyAnsel.Media.An8\JeremyAnsel.Media.An8\An8Method.cs" />
        <File uid="25" fullPath="C:\projects\jeremyansel-media-an8\JeremyAnsel.Media.An8\JeremyAnsel.Media.An8\An8Modifier.cs" />
        <File uid="26" fullPath="C:\projects\jeremyansel-media-an8\JeremyAnsel.Media.An8\JeremyAnsel.Media.An8\An8NamedObject.cs" />
        <File uid="27" fullPath="C:\projects\jeremyansel-media-an8\JeremyAnsel.Media.An8\JeremyAnsel.Media.An8\An8Object.cs" />
        <File uid="28" fullPath="C:\projects\jeremyansel-media-an8\JeremyAnsel.Media.An8\JeremyAnsel.Media.An8\An8Path.cs" />
        <File uid="29" fullPath="C:\projects\jeremyansel-media-an8\JeremyAnsel.Media.An8\JeremyAnsel.Media.An8\An8Point.cs" />
        <File uid="30" fullPath="C:\projects\jeremyansel-media-an8\JeremyAnsel.Media.An8\JeremyAnsel.Media.An8\An8Quaternion.cs" />
        <File uid="31" fullPath="C:\projects\jeremyansel-media-an8\JeremyAnsel.Media.An8\JeremyAnsel.Media.An8\An8Sphere.cs" />
        <File uid="32" fullPath="C:\projects\jeremyansel-media-an8\JeremyAnsel.Media.An8\JeremyAnsel.Media.An8\An8Subdivision.cs" />
        <File uid="33" fullPath="C:\projects\jeremyansel-media-an8\JeremyAnsel.Media.An8\JeremyAnsel.Media.An8\An8Surface.cs" />
        <File uid="34" fullPath="C:\projects\jeremyansel-media-an8\JeremyAnsel.Media.An8\JeremyAnsel.Media.An8\An8TexCoord.cs" />
        <File uid="35" fullPath="C:\projects\jeremyansel-media-an8\JeremyAnsel.Media.An8\JeremyAnsel.Media.An8\An8TextCom.cs" />
        <File uid="36" fullPath="C:\projects\jeremyansel-media-an8\JeremyAnsel.Media.An8\JeremyAnsel.Media.An8\An8Texture.cs" />
        <File uid="37" fullPath="C:\projects\jeremyansel-media-an8\JeremyAnsel.Media.An8\JeremyAnsel.Media.An8\An8TextureParams.cs" />
        <File uid="38" fullPath="C:\projects\jeremyansel-media-an8\JeremyAnsel.Media.An8\JeremyAnsel.Media.An8\Tokenizer.cs" />
      </Files>
      <Classes>
        <Class>
          <Summary numSequencePoints="27" visitedSequencePoints="27" numBranchPoints="12" visitedBranchPoints="12" sequenceCoverage="100" branchCoverage="100" maxCyclomaticComplexity="8" minCyclomaticComplexity="1" visitedClasses="1" numClasses="1" visitedMethods="5" numMethods="5" />
          <FullName>JeremyAnsel.Media.An8.An8Bezier</FullName>
          <Methods>
            <Method cyclomaticComplexity="1" nPathComplexity="0" sequenceCoverage="100" branchCoverage="100" isConstructor="False" isGetter="True" isSetter="False" isStatic="True">
              <Summary numSequencePoints="1" visitedSequencePoints="1" numBranchPoints="0" visitedBranchPoints="0" sequenceCoverage="100" branchCoverage="100" maxCyclomaticComplexity="1" minCyclomaticComplexity="1" visitedClasses="0" numClasses="0" visitedMethods="1" numMethods="1" />
              <MetadataToken />
              <Name>System.Boolean JeremyAnsel.Media.An8.An8Bezier::get_IsClosed()</Name>
              <FileRef uid="1" />
              <SequencePoints>
                <SequencePoint vc="8" uspid="28" ordinal="0" sl="28" sc="1" el="28" ec="2" bec="0" bev="0" fileid="1" />
              </SequencePoints>
              <BranchPoints />
              <MethodPoint vc="1" uspid="0" p8:type="SequencePoint" ordinal="0" offset="0" sc="0" sl="28" ec="1" el="28" bec="0" bev="0" fileid="1" xmlns:p8="xsi" />
            </Method>
            <Method cyclomaticComplexity="1" nPathComplexity="0" sequenceCoverage="100" branchCoverage="100" isConstructor="False" isGetter="True" isSetter="False" isStatic="True">
              <Summary numSequencePoints="1" visitedSequencePoints="1" numBranchPoints="0" visitedBranchPoints="0" sequenceCoverage="100" branchCoverage="100" maxCyclomaticComplexity="1" minCyclomaticComplexity="1" visitedClasses="0" numClasses="0" visitedMethods="1" numMethods="1" />
              <MetadataToken />
              <Name>System.Collections.Generic.IList`1&lt;JeremyAnsel.Media.An8.An8Knot&gt; JeremyAnsel.Media.An8.An8Bezier::get_Knots()</Name>
              <FileRef uid="1" />
              <SequencePoints>
                <SequencePoint vc="18" uspid="33" ordinal="0" sl="33" sc="1" el="33" ec="2" bec="0" bev="0" fileid="1" />
              </SequencePoints>
              <BranchPoints />
              <MethodPoint vc="1" uspid="0" p8:type="SequencePoint" ordinal="1" offset="1" sc="0" sl="33" ec="1" el="33" bec="0" bev="0" fileid="1" xmlns:p8="xsi" />
            </Method>
            <Method cyclomaticComplexity="8" nPathComplexity="0" sequenceCoverage="100" branchCoverage="100" isConstructor="False" isGetter="False" isSetter="False" isStatic="True">
              <Summary numSequencePoints="9" visitedSequencePoints="9" numBranchPoints="8" visitedBranchPoints="8" sequenceCoverage="100" branchCoverage="100" maxCyclomaticComplexity="8" minCyclomaticComplexity="8" visitedClasses="0" numClasses="0" visitedMethods="1" numMethods="1" />
              <MetadataToken />
              <Name>System.Void JeremyAnsel.Media.An8.An8Bezier::ParseTokens(System.String[])</Name>
              <FileRef uid="1" />
              <SequencePoints>
                <SequencePoint vc="5" uspid="41" ordinal="0" sl="41" sc="1" el="41" ec="2" bec="0" bev="0" fileid="1" />
                <SequencePoint vc="16" uspid="43" ordinal="1" sl="43" sc="1" el="43" ec="2" bec="0" bev="0" fileid="1" />
                <SequencePoint vc="3" uspid="45" ordinal="2" sl="45" sc="1" el="45" ec="2" bec="0" bev="0" fileid="1" />
                <SequencePoint vc="1" uspid="48" ordinal="3" sl="48" sc="1" el="48" ec="2" bec="0" bev="0" fileid="1" />
                <SequencePoint vc="1" uspid="49" ordinal="4" sl="49" sc="1" el="49" ec="2" bec="0" bev="0" fileid="1" />
                <SequencePoint vc="1" uspid="53" ordinal="5" sl="53" sc="1" el="53" ec="2" bec="0" bev="0" fileid="1" />
                <SequencePoint vc="1" uspid="54" ordinal="6" sl="54" sc="1" el="54" ec="2" bec="0" bev="0" fileid="1" />
                <SequencePoint vc="1" uspid="55" ordinal="7" sl="55" sc="1" el="55" ec="2" bec="0" bev="0" fileid="1" />
                <SequencePoint vc="5" uspid="60" ordinal="8" sl="60" sc="1" el="60" ec="2" bec="0" bev="0" fileid="1" />
              </SequencePoints>
              <BranchPoints>
                <BranchPoint vc="3" uspid="43" ordinal="7" path="1" offset="106" offsetend="14" sl="43" fileid="1" />
                <BranchPoint vc="3" uspid="45" ordinal="0" path="0" offset="30" offsetend="32" sl="45" fileid="1" />
                <BranchPoint vc="2" uspid="45" ordinal="2" path="0" offset="43" offsetend="45" sl="45" fileid="1" />
                <BranchPoint vc="1" uspid="45" ordinal="3" path="1" offset="43" offsetend="60" sl="45" fileid="1" />
                <BranchPoint vc="1" uspid="45" ordinal="5" path="1" offset="56" offsetend="69" sl="45" fileid="1" />
                <BranchPoint vc="8" uspid="45" ordinal="1" path="1" offset="30" offsetend="99" sl="45" fileid="1" />
                <BranchPoint vc="8" uspid="45" ordinal="4" path="0" offset="56" offsetend="99" sl="45" fileid="1" />
                <BranchPoint vc="5" uspid="43" ordinal="6" path="0" offset="106" offsetend="108" sl="43" fileid="1" />
              </BranchPoints>
              <MethodPoint vc="9" uspid="0" p8:type="SequencePoint" ordinal="2" offset="2" sc="0" sl="41" ec="1" el="60" bec="0" bev="0" fileid="1" xmlns:p8="xsi" />
            </Method>
            <Method cyclomaticComplexity="4" nPathComplexity="0" sequenceCoverage="100" branchCoverage="100" isConstructor="False" isGetter="False" isSetter="False" isStatic="True">
              <Summary numSequencePoints="13" visitedSequencePoints="13" numBranchPoints="4" visitedBranchPoints="4" sequenceCoverage="100" branchCoverage="100" maxCyclomaticComplexity="4" minCyclomaticComplexity="4" visitedClasses="0" numClasses="0" visitedMethods="1" numMethods="1" />
              <MetadataToken />
              <Name>System.String[] JeremyAnsel.Media.An8.An8Bezier::BuildTokens()</Name>
              <FileRef uid="1" />
              <SequencePoints>
                <SequencePoint vc="4" uspid="68" ordinal="0" sl="68" sc="1" el="68" ec="2" bec="0" bev="0" fileid="1" />
                <SequencePoint vc="4" uspid="70" ordinal="1" sl="70" sc="1" el="70" ec="2" bec="0" bev="0" fileid="1" />
                <SequencePoint vc="4" uspid="71" ordinal="2" sl="71" sc="1" el="71" ec="2" bec="0" bev="0" fileid="1" />
                <SequencePoint vc="4" uspid="73" ordinal="3" sl="73" sc="1" el="73" ec="2" bec="0" bev="0" fileid="1" />
                <SequencePoint vc="1" uspid="75" ordinal="4" sl="75" sc="1" el="75" ec="2" bec="0" bev="0" fileid="1" />
                <SequencePoint vc="1" uspid="76" ordinal="5" sl="76" sc="1" el="76" ec="2" bec="0" bev="0" fileid="1" />
                <SequencePoint vc="1" uspid="77" ordinal="6" sl="77" sc="1" el="77" ec="2" bec="0" bev="0" fileid="1" />
                <SequencePoint vc="10" uspid="80" ordinal="7" sl="80" sc="1" el="80" ec="2" bec="0" bev="0" fileid="1" />
                <SequencePoint vc="1" uspid="82" ordinal="8" sl="82" sc="1" el="82" ec="2" bec="0" bev="0" fileid="1" />
                <SequencePoint vc="1" uspid="83" ordinal="9" sl="83" sc="1" el="83" ec="2" bec="0" bev="0" fileid="1" />
                <SequencePoint vc="4" uspid="86" ordinal="10" sl="86" sc="1" el="86" ec="2" bec="0" bev="0" fileid="1" />
                <SequencePoint vc="4" uspid="87" ordinal="11" sl="87" sc="1" el="87" ec="2" bec="0" bev="0" fileid="1" />
                <SequencePoint vc="4" uspid="89" ordinal="12" sl="89" sc="1" el="89" ec="2" bec="0" bev="0" fileid="1" />
              </SequencePoints>
              <BranchPoints>
                <BranchPoint vc="1" uspid="73" ordinal="0" path="0" offset="29" offsetend="31" sl="73" fileid="1" />
                <BranchPoint vc="4" uspid="73" ordinal="1" path="1" offset="29" offsetend="54" sl="73" fileid="1" />
                <BranchPoint vc="1" uspid="80" ordinal="3" path="1" offset="99" offsetend="68" sl="80" fileid="1" />
                <BranchPoint vc="4" uspid="80" ordinal="2" path="0" offset="99" offsetend="101" sl="80" fileid="1" />
              </BranchPoints>
              <MethodPoint vc="13" uspid="0" p8:type="SequencePoint" ordinal="3" offset="3" sc="0" sl="68" ec="1" el="89" bec="0" bev="0" fileid="1" xmlns:p8="xsi" />
            </Method>
            <Method cyclomaticComplexity="1" nPathComplexity="0" sequenceCoverage="100" branchCoverage="100" isConstructor="True" isGetter="False" isSetter="False" isStatic="True">
              <Summary numSequencePoints="3" visitedSequencePoints="3" numBranchPoints="0" visitedBranchPoints="0" sequenceCoverage="100" branchCoverage="100" maxCyclomaticComplexity="1" minCyclomaticComplexity="1" visitedClasses="0" numClasses="0" visitedMethods="1" numMethods="1" />
              <MetadataToken />
              <Name>System.Void JeremyAnsel.Media.An8.An8Bezier::.ctor()</Name>
              <FileRef uid="1" />
              <SequencePoints>
                <SequencePoint vc="10" uspid="20" ordinal="0" sl="20" sc="1" el="20" ec="2" bec="0" bev="0" fileid="1" />
                <SequencePoint vc="10" uspid="22" ordinal="1" sl="22" sc="1" el="22" ec="2" bec="0" bev="0" fileid="1" />
                <SequencePoint vc="10" uspid="23" ordinal="2" sl="23" sc="1" el="23" ec="2" bec="0" bev="0" fileid="1" />
              </SequencePoints>
              <BranchPoints />
              <MethodPoint vc="3" uspid="0" p8:type="SequencePoint" ordinal="4" offset="4" sc="0" sl="20" ec="1" el="23" bec="0" bev="0" fileid="1" xmlns:p8="xsi" />
            </Method>
          </Methods>
        </Class>
        <Class>
          <Summary numSequencePoints="79" visitedSequencePoints="79" numBranchPoints="52" visitedBranchPoints="52" sequenceCoverage="100" branchCoverage="100" maxCyclomaticComplexity="38" minCyclomaticComplexity="1" visitedClasses="1" numClasses="1" visitedMethods="12" numMethods="12" />
          <FullName>JeremyAnsel.Media.An8.An8Bone</FullName>
          <Methods>
            <Method cyclomaticComplexity="1" nPathComplexity="0" sequenceCoverage="100" branchCoverage="100" isConstructor="False" isGetter="True" isSetter="False" isStatic="True">
              <Summary numSequencePoints="1" visitedSequencePoints="1" numBranchPoints="0" visitedBranchPoints="0" sequenceCoverage="100" branchCoverage="100" maxCyclomaticComplexity="1" minCyclomaticComplexity="1" visitedClasses="0" numClasses="0" visitedMethods="1" numMethods="1" />
              <MetadataToken />
              <Name>System.String JeremyAnsel.Media.An8.An8Bone::get_Name()</Name>
              <FileRef uid="2" />
              <SequencePoints>
                <SequencePoint vc="15" uspid="30" ordinal="0" sl="30" sc="1" el="30" ec="2" bec="0" bev="0" fileid="2" />
              </SequencePoints>
              <BranchPoints />
              <MethodPoint vc="1" uspid="0" p8:type="SequencePoint" ordinal="0" offset="0" sc="0" sl="30" ec="1" el="30" bec="0" bev="0" fileid="2" xmlns:p8="xsi" />
            </Method>
            <Method cyclomaticComplexity="1" nPathComplexity="0" sequenceCoverage="100" branchCoverage="100" isConstructor="False" isGetter="True" isSetter="False" isStatic="True">
              <Summary numSequencePoints="1" visitedSequencePoints="1" numBranchPoints="0" visitedBranchPoints="0" sequenceCoverage="100" branchCoverage="100" maxCyclomaticComplexity="1" minCyclomaticComplexity="1" visitedClasses="0" numClasses="0" visitedMethods="1" numMethods="1" />
              <MetadataToken />
              <Name>System.Single JeremyAnsel.Media.An8.An8Bone::get_Length()</Name>
              <FileRef uid="2" />
              <SequencePoints>
                <SequencePoint vc="15" uspid="35" ordinal="0" sl="35" sc="1" el="35" ec="2" bec="0" bev="0" fileid="2" />
              </SequencePoints>
              <BranchPoints />
              <MethodPoint vc="1" uspid="0" p8:type="SequencePoint" ordinal="1" offset="1" sc="0" sl="35" ec="1" el="35" bec="0" bev="0" fileid="2" xmlns:p8="xsi" />
            </Method>
            <Method cyclomaticComplexity="1" nPathComplexity="0" sequenceCoverage="100" branchCoverage="100" isConstructor="False" isGetter="True" isSetter="False" isStatic="True">
              <Summary numSequencePoints="1" visitedSequencePoints="1" numBranchPoints="0" visitedBranchPoints="0" sequenceCoverage="100" branchCoverage="100" maxCyclomaticComplexity="1" minCyclomaticComplexity="1" visitedClasses="0" numClasses="0" visitedMethods="1" numMethods="1" />
              <MetadataToken />
              <Name>System.Nullable`1&lt;System.Single&gt; JeremyAnsel.Media.An8.An8Bone::get_Diameter()</Name>
              <FileRef uid="2" />
              <SequencePoints>
                <SequencePoint vc="18" uspid="40" ordinal="0" sl="40" sc="1" el="40" ec="2" bec="0" bev="0" fileid="2" />
              </SequencePoints>
              <BranchPoints />
              <MethodPoint vc="1" uspid="0" p8:type="SequencePoint" ordinal="2" offset="2" sc="0" sl="40" ec="1" el="40" bec="0" bev="0" fileid="2" xmlns:p8="xsi" />
            </Method>
            <Method cyclomaticComplexity="1" nPathComplexity="0" sequenceCoverage="100" branchCoverage="100" isConstructor="False" isGetter="True" isSetter="False" isStatic="True">
              <Summary numSequencePoints="1" visitedSequencePoints="1" numBranchPoints="0" visitedBranchPoints="0" sequenceCoverage="100" branchCoverage="100" maxCyclomaticComplexity="1" minCyclomaticComplexity="1" visitedClasses="0" numClasses="0" visitedMethods="1" numMethods="1" />
              <MetadataToken />
              <Name>JeremyAnsel.Media.An8.An8Quaternion JeremyAnsel.Media.An8.An8Bone::get_Orientation()</Name>
              <FileRef uid="2" />
              <SequencePoints>
                <SequencePoint vc="21" uspid="45" ordinal="0" sl="45" sc="1" el="45" ec="2" bec="0" bev="0" fileid="2" />
              </SequencePoints>
              <BranchPoints />
              <MethodPoint vc="1" uspid="0" p8:type="SequencePoint" ordinal="3" offset="3" sc="0" sl="45" ec="1" el="45" bec="0" bev="0" fileid="2" xmlns:p8="xsi" />
            </Method>
            <Method cyclomaticComplexity="1" nPathComplexity="0" sequenceCoverage="100" branchCoverage="100" isConstructor="False" isGetter="True" isSetter="False" isStatic="True">
              <Summary numSequencePoints="1" visitedSequencePoints="1" numBranchPoints="0" visitedBranchPoints="0" sequenceCoverage="100" branchCoverage="100" maxCyclomaticComplexity="1" minCyclomaticComplexity="1" visitedClasses="0" numClasses="0" visitedMethods="1" numMethods="1" />
              <MetadataToken />
              <Name>System.Boolean JeremyAnsel.Media.An8.An8Bone::get_IsLocked()</Name>
              <FileRef uid="2" />
              <SequencePoints>
                <SequencePoint vc="16" uspid="50" ordinal="0" sl="50" sc="1" el="50" ec="2" bec="0" bev="0" fileid="2" />
              </SequencePoints>
              <BranchPoints />
              <MethodPoint vc="1" uspid="0" p8:type="SequencePoint" ordinal="4" offset="4" sc="0" sl="50" ec="1" el="50" bec="0" bev="0" fileid="2" xmlns:p8="xsi" />
            </Method>
            <Method cyclomaticComplexity="1" nPathComplexity="0" sequenceCoverage="100" branchCoverage="100" isConstructor="False" isGetter="True" isSetter="False" isStatic="True">
              <Summary numSequencePoints="1" visitedSequencePoints="1" numBranchPoints="0" visitedBranchPoints="0" sequenceCoverage="100" branchCoverage="100" maxCyclomaticComplexity="1" minCyclomaticComplexity="1" visitedClasses="0" numClasses="0" visitedMethods="1" numMethods="1" />
              <MetadataToken />
              <Name>System.Collections.Generic.IList`1&lt;JeremyAnsel.Media.An8.An8DegreeOfFreedom&gt; JeremyAnsel.Media.An8.An8Bone::get_DegreesOfFreedom()</Name>
              <FileRef uid="2" />
              <SequencePoints>
                <SequencePoint vc="42" uspid="55" ordinal="0" sl="55" sc="1" el="55" ec="2" bec="0" bev="0" fileid="2" />
              </SequencePoints>
              <BranchPoints />
              <MethodPoint vc="1" uspid="0" p8:type="SequencePoint" ordinal="5" offset="5" sc="0" sl="55" ec="1" el="55" bec="0" bev="0" fileid="2" xmlns:p8="xsi" />
            </Method>
            <Method cyclomaticComplexity="1" nPathComplexity="0" sequenceCoverage="100" branchCoverage="100" isConstructor="False" isGetter="True" isSetter="False" isStatic="True">
              <Summary numSequencePoints="1" visitedSequencePoints="1" numBranchPoints="0" visitedBranchPoints="0" sequenceCoverage="100" branchCoverage="100" maxCyclomaticComplexity="1" minCyclomaticComplexity="1" visitedClasses="0" numClasses="0" visitedMethods="1" numMethods="1" />
              <MetadataToken />
              <Name>JeremyAnsel.Media.An8.An8Influence JeremyAnsel.Media.An8.An8Bone::get_Influence()</Name>
              <FileRef uid="2" />
              <SequencePoints>
                <SequencePoint vc="17" uspid="60" ordinal="0" sl="60" sc="1" el="60" ec="2" bec="0" bev="0" fileid="2" />
              </SequencePoints>
              <BranchPoints />
              <MethodPoint vc="1" uspid="0" p8:type="SequencePoint" ordinal="6" offset="6" sc="0" sl="60" ec="1" el="60" bec="0" bev="0" fileid="2" xmlns:p8="xsi" />
            </Method>
            <Method cyclomaticComplexity="1" nPathComplexity="0" sequenceCoverage="100" branchCoverage="100" isConstructor="False" isGetter="True" isSetter="False" isStatic="True">
              <Summary numSequencePoints="1" visitedSequencePoints="1" numBranchPoints="0" visitedBranchPoints="0" sequenceCoverage="100" branchCoverage="100" maxCyclomaticComplexity="1" minCyclomaticComplexity="1" visitedClasses="0" numClasses="0" visitedMethods="1" numMethods="1" />
              <MetadataToken />
              <Name>System.Collections.Generic.IList`1&lt;JeremyAnsel.Media.An8.An8Component&gt; JeremyAnsel.Media.An8.An8Bone::get_Components()</Name>
              <FileRef uid="2" />
              <SequencePoints>
                <SequencePoint vc="42" uspid="65" ordinal="0" sl="65" sc="1" el="65" ec="2" bec="0" bev="0" fileid="2" />
              </SequencePoints>
              <BranchPoints />
              <MethodPoint vc="1" uspid="0" p8:type="SequencePoint" ordinal="7" offset="7" sc="0" sl="65" ec="1" el="65" bec="0" bev="0" fileid="2" xmlns:p8="xsi" />
            </Method>
            <Method cyclomaticComplexity="1" nPathComplexity="0" sequenceCoverage="100" branchCoverage="100" isConstructor="False" isGetter="True" isSetter="False" isStatic="True">
              <Summary numSequencePoints="1" visitedSequencePoints="1" numBranchPoints="0" visitedBranchPoints="0" sequenceCoverage="100" branchCoverage="100" maxCyclomaticComplexity="1" minCyclomaticComplexity="1" visitedClasses="0" numClasses="0" visitedMethods="1" numMethods="1" />
              <MetadataToken />
              <Name>System.Collections.Generic.IList`1&lt;JeremyAnsel.Media.An8.An8Bone&gt; JeremyAnsel.Media.An8.An8Bone::get_Bones()</Name>
              <FileRef uid="2" />
              <SequencePoints>
                <SequencePoint vc="42" uspid="70" ordinal="0" sl="70" sc="1" el="70" ec="2" bec="0" bev="0" fileid="2" />
              </SequencePoints>
              <BranchPoints />
              <MethodPoint vc="1" uspid="0" p8:type="SequencePoint" ordinal="8" offset="8" sc="0" sl="70" ec="1" el="70" bec="0" bev="0" fileid="2" xmlns:p8="xsi" />
            </Method>
            <Method cyclomaticComplexity="38" nPathComplexity="0" sequenceCoverage="100" branchCoverage="100" isConstructor="False" isGetter="False" isSetter="False" isStatic="True">
              <Summary numSequencePoints="28" visitedSequencePoints="28" numBranchPoints="38" visitedBranchPoints="38" sequenceCoverage="100" branchCoverage="100" maxCyclomaticComplexity="38" minCyclomaticComplexity="38" visitedClasses="0" numClasses="0" visitedMethods="1" numMethods="1" />
              <MetadataToken />
              <Name>System.Void JeremyAnsel.Media.An8.An8Bone::ParseTokens(System.String[])</Name>
              <FileRef uid="2" />
              <SequencePoints>
                <SequencePoint vc="13" uspid="78" ordinal="0" sl="78" sc="1" el="78" ec="2" bec="0" bev="0" fileid="2" />
                <SequencePoint vc="46" uspid="80" ordinal="1" sl="80" sc="1" el="80" ec="2" bec="0" bev="0" fileid="2" />
                <SequencePoint vc="10" uspid="82" ordinal="2" sl="82" sc="1" el="82" ec="2" bec="0" bev="0" fileid="2" />
                <SequencePoint vc="10" uspid="84" ordinal="3" sl="84" sc="1" el="84" ec="2" bec="0" bev="0" fileid="2" />
                <SequencePoint vc="1" uspid="87" ordinal="4" sl="87" sc="1" el="87" ec="2" bec="0" bev="0" fileid="2" />
                <SequencePoint vc="1" uspid="88" ordinal="5" sl="88" sc="1" el="88" ec="2" bec="0" bev="0" fileid="2" />
                <SequencePoint vc="1" uspid="91" ordinal="6" sl="91" sc="1" el="91" ec="2" bec="0" bev="0" fileid="2" />
                <SequencePoint vc="1" uspid="92" ordinal="7" sl="92" sc="1" el="92" ec="2" bec="0" bev="0" fileid="2" />
                <SequencePoint vc="1" uspid="95" ordinal="8" sl="95" sc="1" el="95" ec="2" bec="0" bev="0" fileid="2" />
                <SequencePoint vc="1" uspid="96" ordinal="9" sl="96" sc="1" el="96" ec="2" bec="0" bev="0" fileid="2" />
                <SequencePoint vc="1" uspid="99" ordinal="10" sl="99" sc="1" el="99" ec="2" bec="0" bev="0" fileid="2" />
                <SequencePoint vc="1" uspid="100" ordinal="11" sl="100" sc="1" el="100" ec="2" bec="0" bev="0" fileid="2" />
                <SequencePoint vc="1" uspid="103" ordinal="12" sl="103" sc="1" el="103" ec="2" bec="0" bev="0" fileid="2" />
                <SequencePoint vc="1" uspid="104" ordinal="13" sl="104" sc="1" el="104" ec="2" bec="0" bev="0" fileid="2" />
                <SequencePoint vc="1" uspid="108" ordinal="14" sl="108" sc="1" el="108" ec="2" bec="0" bev="0" fileid="2" />
                <SequencePoint vc="1" uspid="109" ordinal="15" sl="109" sc="1" el="109" ec="2" bec="0" bev="0" fileid="2" />
                <SequencePoint vc="1" uspid="110" ordinal="16" sl="110" sc="1" el="110" ec="2" bec="0" bev="0" fileid="2" />
                <SequencePoint vc="1" uspid="111" ordinal="17" sl="111" sc="1" el="111" ec="2" bec="0" bev="0" fileid="2" />
                <SequencePoint vc="1" uspid="116" ordinal="18" sl="116" sc="1" el="116" ec="2" bec="0" bev="0" fileid="2" />
                <SequencePoint vc="1" uspid="117" ordinal="19" sl="117" sc="1" el="117" ec="2" bec="0" bev="0" fileid="2" />
                <SequencePoint vc="1" uspid="118" ordinal="20" sl="118" sc="1" el="118" ec="2" bec="0" bev="0" fileid="2" />
                <SequencePoint vc="1" uspid="119" ordinal="21" sl="119" sc="1" el="119" ec="2" bec="0" bev="0" fileid="2" />
                <SequencePoint vc="1" uspid="124" ordinal="22" sl="124" sc="1" el="124" ec="2" bec="0" bev="0" fileid="2" />
                <SequencePoint vc="1" uspid="125" ordinal="23" sl="125" sc="1" el="125" ec="2" bec="0" bev="0" fileid="2" />
                <SequencePoint vc="1" uspid="126" ordinal="24" sl="126" sc="1" el="126" ec="2" bec="0" bev="0" fileid="2" />
                <SequencePoint vc="28" uspid="132" ordinal="25" sl="132" sc="1" el="132" ec="2" bec="0" bev="0" fileid="2" />
                <SequencePoint vc="1" uspid="134" ordinal="26" sl="134" sc="1" el="134" ec="2" bec="0" bev="0" fileid="2" />
                <SequencePoint vc="13" uspid="136" ordinal="27" sl="136" sc="1" el="136" ec="2" bec="0" bev="0" fileid="2" />
              </SequencePoints>
              <BranchPoints>
                <BranchPoint vc="10" uspid="80" ordinal="35" path="1" offset="509" offsetend="17" sl="80" fileid="2" />
                <BranchPoint vc="9" uspid="84" ordinal="0" path="0" offset="35" offsetend="40" sl="84" fileid="2" />
                <BranchPoint vc="4" uspid="84" ordinal="2" path="0" offset="55" offsetend="57" sl="84" fileid="2" />
                <BranchPoint vc="3" uspid="84" ordinal="4" path="0" offset="64" offsetend="66" sl="84" fileid="2" />
                <BranchPoint vc="2" uspid="84" ordinal="6" path="0" offset="73" offsetend="78" sl="84" fileid="2" />
                <BranchPoint vc="5" uspid="84" ordinal="3" path="1" offset="55" offsetend="92" sl="84" fileid="2" />
                <BranchPoint vc="3" uspid="84" ordinal="10" path="0" offset="99" offsetend="101" sl="84" fileid="2" />
                <BranchPoint vc="2" uspid="84" ordinal="12" path="0" offset="108" offsetend="110" sl="84" fileid="2" />
                <BranchPoint vc="2" uspid="84" ordinal="11" path="1" offset="99" offsetend="124" sl="84" fileid="2" />
                <BranchPoint vc="1" uspid="84" ordinal="16" path="0" offset="131" offsetend="136" sl="84" fileid="2" />
                <BranchPoint vc="1" uspid="84" ordinal="5" path="1" offset="64" offsetend="150" sl="84" fileid="2" />
                <BranchPoint vc="1" uspid="84" ordinal="15" path="1" offset="117" offsetend="171" sl="84" fileid="2" />
                <BranchPoint vc="1" uspid="84" ordinal="9" path="1" offset="85" offsetend="192" sl="84" fileid="2" />
                <BranchPoint vc="1" uspid="84" ordinal="13" path="1" offset="108" offsetend="213" sl="84" fileid="2" />
                <BranchPoint vc="1" uspid="84" ordinal="19" path="1" offset="143" offsetend="234" sl="84" fileid="2" />
                <BranchPoint vc="1" uspid="84" ordinal="7" path="1" offset="73" offsetend="255" sl="84" fileid="2" />
                <BranchPoint vc="1" uspid="84" ordinal="17" path="1" offset="131" offsetend="276" sl="84" fileid="2" />
                <BranchPoint vc="1" uspid="84" ordinal="1" path="1" offset="35" offsetend="297" sl="84" fileid="2" />
                <BranchPoint vc="1" uspid="84" ordinal="21" path="1" offset="161" offsetend="321" sl="84" fileid="2" />
                <BranchPoint vc="1" uspid="84" ordinal="23" path="1" offset="182" offsetend="345" sl="84" fileid="2" />
                <BranchPoint vc="1" uspid="84" ordinal="25" path="1" offset="203" offsetend="374" sl="84" fileid="2" />
                <BranchPoint vc="1" uspid="84" ordinal="27" path="1" offset="224" offsetend="395" sl="84" fileid="2" />
                <BranchPoint vc="1" uspid="84" ordinal="29" path="1" offset="245" offsetend="404" sl="84" fileid="2" />
                <BranchPoint vc="1" uspid="84" ordinal="31" path="1" offset="266" offsetend="439" sl="84" fileid="2" />
                <BranchPoint vc="1" uspid="84" ordinal="33" path="1" offset="287" offsetend="469" sl="84" fileid="2" />
                <BranchPoint vc="23" uspid="84" ordinal="8" path="0" offset="85" offsetend="502" sl="84" fileid="2" />
                <BranchPoint vc="23" uspid="84" ordinal="14" path="0" offset="117" offsetend="502" sl="84" fileid="2" />
                <BranchPoint vc="23" uspid="84" ordinal="18" path="0" offset="143" offsetend="502" sl="84" fileid="2" />
                <BranchPoint vc="23" uspid="84" ordinal="20" path="0" offset="161" offsetend="502" sl="84" fileid="2" />
                <BranchPoint vc="23" uspid="84" ordinal="22" path="0" offset="182" offsetend="502" sl="84" fileid="2" />
                <BranchPoint vc="23" uspid="84" ordinal="24" path="0" offset="203" offsetend="502" sl="84" fileid="2" />
                <BranchPoint vc="23" uspid="84" ordinal="26" path="0" offset="224" offsetend="502" sl="84" fileid="2" />
                <BranchPoint vc="23" uspid="84" ordinal="28" path="0" offset="245" offsetend="502" sl="84" fileid="2" />
                <BranchPoint vc="23" uspid="84" ordinal="30" path="0" offset="266" offsetend="502" sl="84" fileid="2" />
                <BranchPoint vc="23" uspid="84" ordinal="32" path="0" offset="287" offsetend="502" sl="84" fileid="2" />
                <BranchPoint vc="13" uspid="80" ordinal="34" path="0" offset="509" offsetend="514" sl="80" fileid="2" />
                <BranchPoint vc="1" uspid="132" ordinal="37" path="1" offset="574" offsetend="545" sl="132" fileid="2" />
                <BranchPoint vc="13" uspid="132" ordinal="36" path="0" offset="574" offsetend="576" sl="132" fileid="2" />
              </BranchPoints>
              <MethodPoint vc="28" uspid="0" p8:type="SequencePoint" ordinal="9" offset="9" sc="0" sl="78" ec="1" el="136" bec="0" bev="0" fileid="2" xmlns:p8="xsi" />
            </Method>
            <Method cyclomaticComplexity="14" nPathComplexity="0" sequenceCoverage="100" branchCoverage="100" isConstructor="False" isGetter="False" isSetter="False" isStatic="True">
              <Summary numSequencePoints="37" visitedSequencePoints="37" numBranchPoints="14" visitedBranchPoints="14" sequenceCoverage="100" branchCoverage="100" maxCyclomaticComplexity="14" minCyclomaticComplexity="14" visitedClasses="0" numClasses="0" visitedMethods="1" numMethods="1" />
              <MetadataToken />
              <Name>System.String[] JeremyAnsel.Media.An8.An8Bone::BuildTokens()</Name>
              <FileRef uid="2" />
              <SequencePoints>
                <SequencePoint vc="12" uspid="144" ordinal="0" sl="144" sc="1" el="144" ec="2" bec="0" bev="0" fileid="2" />
                <SequencePoint vc="12" uspid="146" ordinal="1" sl="146" sc="1" el="146" ec="2" bec="0" bev="0" fileid="2" />
                <SequencePoint vc="12" uspid="147" ordinal="2" sl="147" sc="1" el="147" ec="2" bec="0" bev="0" fileid="2" />
                <SequencePoint vc="12" uspid="148" ordinal="3" sl="148" sc="1" el="148" ec="2" bec="0" bev="0" fileid="2" />
                <SequencePoint vc="12" uspid="150" ordinal="4" sl="150" sc="1" el="150" ec="2" bec="0" bev="0" fileid="2" />
                <SequencePoint vc="12" uspid="151" ordinal="5" sl="151" sc="1" el="151" ec="2" bec="0" bev="0" fileid="2" />
                <SequencePoint vc="12" uspid="152" ordinal="6" sl="152" sc="1" el="152" ec="2" bec="0" bev="0" fileid="2" />
                <SequencePoint vc="12" uspid="153" ordinal="7" sl="153" sc="1" el="153" ec="2" bec="0" bev="0" fileid="2" />
                <SequencePoint vc="12" uspid="155" ordinal="8" sl="155" sc="1" el="155" ec="2" bec="0" bev="0" fileid="2" />
                <SequencePoint vc="1" uspid="157" ordinal="9" sl="157" sc="1" el="157" ec="2" bec="0" bev="0" fileid="2" />
                <SequencePoint vc="1" uspid="158" ordinal="10" sl="158" sc="1" el="158" ec="2" bec="0" bev="0" fileid="2" />
                <SequencePoint vc="1" uspid="159" ordinal="11" sl="159" sc="1" el="159" ec="2" bec="0" bev="0" fileid="2" />
                <SequencePoint vc="1" uspid="160" ordinal="12" sl="160" sc="1" el="160" ec="2" bec="0" bev="0" fileid="2" />
                <SequencePoint vc="12" uspid="163" ordinal="13" sl="163" sc="1" el="163" ec="2" bec="0" bev="0" fileid="2" />
                <SequencePoint vc="1" uspid="165" ordinal="14" sl="165" sc="1" el="165" ec="2" bec="0" bev="0" fileid="2" />
                <SequencePoint vc="1" uspid="166" ordinal="15" sl="166" sc="1" el="166" ec="2" bec="0" bev="0" fileid="2" />
                <SequencePoint vc="1" uspid="167" ordinal="16" sl="167" sc="1" el="167" ec="2" bec="0" bev="0" fileid="2" />
                <SequencePoint vc="1" uspid="168" ordinal="17" sl="168" sc="1" el="168" ec="2" bec="0" bev="0" fileid="2" />
                <SequencePoint vc="12" uspid="171" ordinal="18" sl="171" sc="1" el="171" ec="2" bec="0" bev="0" fileid="2" />
                <SequencePoint vc="1" uspid="173" ordinal="19" sl="173" sc="1" el="173" ec="2" bec="0" bev="0" fileid="2" />
                <SequencePoint vc="1" uspid="174" ordinal="20" sl="174" sc="1" el="174" ec="2" bec="0" bev="0" fileid="2" />
                <SequencePoint vc="1" uspid="175" ordinal="21" sl="175" sc="1" el="175" ec="2" bec="0" bev="0" fileid="2" />
                <SequencePoint vc="26" uspid="178" ordinal="22" sl="178" sc="1" el="178" ec="2" bec="0" bev="0" fileid="2" />
                <SequencePoint vc="1" uspid="180" ordinal="23" sl="180" sc="1" el="180" ec="2" bec="0" bev="0" fileid="2" />
                <SequencePoint vc="1" uspid="181" ordinal="24" sl="181" sc="1" el="181" ec="2" bec="0" bev="0" fileid="2" />
                <SequencePoint vc="12" uspid="184" ordinal="25" sl="184" sc="1" el="184" ec="2" bec="0" bev="0" fileid="2" />
                <SequencePoint vc="1" uspid="186" ordinal="26" sl="186" sc="1" el="186" ec="2" bec="0" bev="0" fileid="2" />
                <SequencePoint vc="1" uspid="187" ordinal="27" sl="187" sc="1" el="187" ec="2" bec="0" bev="0" fileid="2" />
                <SequencePoint vc="26" uspid="190" ordinal="28" sl="190" sc="1" el="190" ec="2" bec="0" bev="0" fileid="2" />
                <SequencePoint vc="1" uspid="192" ordinal="29" sl="192" sc="1" el="192" ec="2" bec="0" bev="0" fileid="2" />
                <SequencePoint vc="1" uspid="193" ordinal="30" sl="193" sc="1" el="193" ec="2" bec="0" bev="0" fileid="2" />
                <SequencePoint vc="26" uspid="196" ordinal="31" sl="196" sc="1" el="196" ec="2" bec="0" bev="0" fileid="2" />
                <SequencePoint vc="1" uspid="198" ordinal="32" sl="198" sc="1" el="198" ec="2" bec="0" bev="0" fileid="2" />
                <SequencePoint vc="1" uspid="199" ordinal="33" sl="199" sc="1" el="199" ec="2" bec="0" bev="0" fileid="2" />
                <SequencePoint vc="12" uspid="202" ordinal="34" sl="202" sc="1" el="202" ec="2" bec="0" bev="0" fileid="2" />
                <SequencePoint vc="12" uspid="203" ordinal="35" sl="203" sc="1" el="203" ec="2" bec="0" bev="0" fileid="2" />
                <SequencePoint vc="12" uspid="205" ordinal="36" sl="205" sc="1" el="205" ec="2" bec="0" bev="0" fileid="2" />
              </SequencePoints>
              <BranchPoints>
                <BranchPoint vc="1" uspid="155" ordinal="0" path="0" offset="84" offsetend="86" sl="155" fileid="2" />
                <BranchPoint vc="12" uspid="155" ordinal="1" path="1" offset="84" offsetend="129" sl="155" fileid="2" />
                <BranchPoint vc="1" uspid="163" ordinal="2" path="0" offset="135" offsetend="137" sl="163" fileid="2" />
                <BranchPoint vc="12" uspid="163" ordinal="3" path="1" offset="135" offsetend="177" sl="163" fileid="2" />
                <BranchPoint vc="1" uspid="171" ordinal="4" path="0" offset="183" offsetend="185" sl="171" fileid="2" />
                <BranchPoint vc="12" uspid="171" ordinal="5" path="1" offset="183" offsetend="208" sl="171" fileid="2" />
                <BranchPoint vc="1" uspid="178" ordinal="7" path="1" offset="253" offsetend="222" sl="178" fileid="2" />
                <BranchPoint vc="12" uspid="178" ordinal="6" path="0" offset="253" offsetend="255" sl="178" fileid="2" />
                <BranchPoint vc="1" uspid="184" ordinal="8" path="0" offset="273" offsetend="275" sl="184" fileid="2" />
                <BranchPoint vc="12" uspid="184" ordinal="9" path="1" offset="273" offsetend="298" sl="184" fileid="2" />
                <BranchPoint vc="1" uspid="190" ordinal="11" path="1" offset="348" offsetend="313" sl="190" fileid="2" />
                <BranchPoint vc="12" uspid="190" ordinal="10" path="0" offset="348" offsetend="350" sl="190" fileid="2" />
                <BranchPoint vc="1" uspid="196" ordinal="13" path="1" offset="414" offsetend="379" sl="196" fileid="2" />
                <BranchPoint vc="12" uspid="196" ordinal="12" path="0" offset="414" offsetend="416" sl="196" fileid="2" />
              </BranchPoints>
              <MethodPoint vc="37" uspid="0" p8:type="SequencePoint" ordinal="10" offset="10" sc="0" sl="144" ec="1" el="205" bec="0" bev="0" fileid="2" xmlns:p8="xsi" />
            </Method>
            <Method cyclomaticComplexity="1" nPathComplexity="0" sequenceCoverage="100" branchCoverage="100" isConstructor="True" isGetter="False" isSetter="False" isStatic="True">
              <Summary numSequencePoints="5" visitedSequencePoints="5" numBranchPoints="0" visitedBranchPoints="0" sequenceCoverage="100" branchCoverage="100" maxCyclomaticComplexity="1" minCyclomaticComplexity="1" visitedClasses="0" numClasses="0" visitedMethods="1" numMethods="1" />
              <MetadataToken />
              <Name>System.Void JeremyAnsel.Media.An8.An8Bone::.ctor()</Name>
              <FileRef uid="2" />
              <SequencePoints>
                <SequencePoint vc="26" uspid="20" ordinal="0" sl="20" sc="1" el="20" ec="2" bec="0" bev="0" fileid="2" />
                <SequencePoint vc="26" uspid="22" ordinal="1" sl="22" sc="1" el="22" ec="2" bec="0" bev="0" fileid="2" />
                <SequencePoint vc="26" uspid="23" ordinal="2" sl="23" sc="1" el="23" ec="2" bec="0" bev="0" fileid="2" />
                <SequencePoint vc="26" uspid="24" ordinal="3" sl="24" sc="1" el="24" ec="2" bec="0" bev="0" fileid="2" />
                <SequencePoint vc="26" uspid="25" ordinal="4" sl="25" sc="1" el="25" ec="2" bec="0" bev="0" fileid="2" />
              </SequencePoints>
              <BranchPoints />
              <MethodPoint vc="5" uspid="0" p8:type="SequencePoint" ordinal="11" offset="11" sc="0" sl="20" ec="1" el="25" bec="0" bev="0" fileid="2" xmlns:p8="xsi" />
            </Method>
          </Methods>
        </Class>
        <Class>
          <Summary numSequencePoints="3" visitedSequencePoints="3" numBranchPoints="0" visitedBranchPoints="0" sequenceCoverage="100" branchCoverage="100" maxCyclomaticComplexity="1" minCyclomaticComplexity="1" visitedClasses="1" numClasses="1" visitedMethods="2" numMethods="2" />
          <FullName>JeremyAnsel.Media.An8.An8Chunk</FullName>
          <Methods>
            <Method cyclomaticComplexity="1" nPathComplexity="0" sequenceCoverage="100" branchCoverage="100" isConstructor="False" isGetter="False" isSetter="False" isStatic="True">
              <Summary numSequencePoints="2" visitedSequencePoints="2" numBranchPoints="0" visitedBranchPoints="0" sequenceCoverage="100" branchCoverage="100" maxCyclomaticComplexity="1" minCyclomaticComplexity="1" visitedClasses="0" numClasses="0" visitedMethods="1" numMethods="1" />
              <MetadataToken />
              <Name>System.Void JeremyAnsel.Media.An8.An8Chunk::Parse(System.String)</Name>
              <FileRef uid="3" />
              <SequencePoints>
                <SequencePoint vc="191" uspid="21" ordinal="0" sl="21" sc="1" el="21" ec="2" bec="0" bev="0" fileid="3" />
                <SequencePoint vc="191" uspid="22" ordinal="1" sl="22" sc="1" el="22" ec="2" bec="0" bev="0" fileid="3" />
              </SequencePoints>
              <BranchPoints />
              <MethodPoint vc="2" uspid="0" p8:type="SequencePoint" ordinal="0" offset="0" sc="0" sl="21" ec="1" el="22" bec="0" bev="0" fileid="3" xmlns:p8="xsi" />
            </Method>
            <Method cyclomaticComplexity="1" nPathComplexity="0" sequenceCoverage="100" branchCoverage="100" isConstructor="False" isGetter="False" isSetter="False" isStatic="True">
              <Summary numSequencePoints="1" visitedSequencePoints="1" numBranchPoints="0" visitedBranchPoints="0" sequenceCoverage="100" branchCoverage="100" maxCyclomaticComplexity="1" minCyclomaticComplexity="1" visitedClasses="0" numClasses="0" visitedMethods="1" numMethods="1" />
              <MetadataToken />
              <Name>System.String JeremyAnsel.Media.An8.An8Chunk::GenerateText()</Name>
              <FileRef uid="3" />
              <SequencePoints>
                <SequencePoint vc="144" uspid="30" ordinal="0" sl="30" sc="1" el="30" ec="2" bec="0" bev="0" fileid="3" />
              </SequencePoints>
              <BranchPoints />
              <MethodPoint vc="1" uspid="0" p8:type="SequencePoint" ordinal="1" offset="1" sc="0" sl="30" ec="1" el="30" bec="0" bev="0" fileid="3" xmlns:p8="xsi" />
            </Method>
          </Methods>
        </Class>
        <Class>
          <Summary numSequencePoints="2" visitedSequencePoints="2" numBranchPoints="0" visitedBranchPoints="0" sequenceCoverage="100" branchCoverage="100" maxCyclomaticComplexity="1" minCyclomaticComplexity="1" visitedClasses="1" numClasses="1" visitedMethods="2" numMethods="2" />
          <FullName>JeremyAnsel.Media.An8.An8ChunkTokens</FullName>
          <Methods>
            <Method cyclomaticComplexity="1" nPathComplexity="0" sequenceCoverage="100" branchCoverage="100" isConstructor="False" isGetter="True" isSetter="False" isStatic="True">
              <Summary numSequencePoints="1" visitedSequencePoints="1" numBranchPoints="0" visitedBranchPoints="0" sequenceCoverage="100" branchCoverage="100" maxCyclomaticComplexity="1" minCyclomaticComplexity="1" visitedClasses="0" numClasses="0" visitedMethods="1" numMethods="1" />
              <MetadataToken />
              <Name>System.String JeremyAnsel.Media.An8.An8ChunkTokens::get_Ident()</Name>
              <FileRef uid="4" />
              <SequencePoints>
                <SequencePoint vc="602" uspid="18" ordinal="0" sl="18" sc="1" el="18" ec="2" bec="0" bev="0" fileid="4" />
              </SequencePoints>
              <BranchPoints />
              <MethodPoint vc="1" uspid="0" p8:type="SequencePoint" ordinal="0" offset="0" sc="0" sl="18" ec="1" el="18" bec="0" bev="0" fileid="4" xmlns:p8="xsi" />
            </Method>
            <Method cyclomaticComplexity="1" nPathComplexity="0" sequenceCoverage="100" branchCoverage="100" isConstructor="False" isGetter="True" isSetter="False" isStatic="True">
              <Summary numSequencePoints="1" visitedSequencePoints="1" numBranchPoints="0" visitedBranchPoints="0" sequenceCoverage="100" branchCoverage="100" maxCyclomaticComplexity="1" minCyclomaticComplexity="1" visitedClasses="0" numClasses="0" visitedMethods="1" numMethods="1" />
              <MetadataToken />
              <Name>System.String[] JeremyAnsel.Media.An8.An8ChunkTokens::get_Tokens()</Name>
              <FileRef uid="4" />
              <SequencePoints>
                <SequencePoint vc="794" uspid="23" ordinal="0" sl="23" sc="1" el="23" ec="2" bec="0" bev="0" fileid="4" />
              </SequencePoints>
              <BranchPoints />
              <MethodPoint vc="1" uspid="0" p8:type="SequencePoint" ordinal="1" offset="1" sc="0" sl="23" ec="1" el="23" bec="0" bev="0" fileid="4" xmlns:p8="xsi" />
            </Method>
          </Methods>
        </Class>
        <Class>
          <Summary numSequencePoints="102" visitedSequencePoints="102" numBranchPoints="98" visitedBranchPoints="98" sequenceCoverage="100" branchCoverage="100" maxCyclomaticComplexity="56" minCyclomaticComplexity="1" visitedClasses="1" numClasses="1" visitedMethods="12" numMethods="12" />
          <FullName>JeremyAnsel.Media.An8.An8Component</FullName>
          <Methods>
            <Method cyclomaticComplexity="1" nPathComplexity="0" sequenceCoverage="100" branchCoverage="100" isConstructor="False" isGetter="True" isSetter="False" isStatic="True">
              <Summary numSequencePoints="1" visitedSequencePoints="1" numBranchPoints="0" visitedBranchPoints="0" sequenceCoverage="100" branchCoverage="100" maxCyclomaticComplexity="1" minCyclomaticComplexity="1" visitedClasses="0" numClasses="0" visitedMethods="1" numMethods="1" />
              <MetadataToken />
              <Name>System.String JeremyAnsel.Media.An8.An8Component::get_Name()</Name>
              <FileRef uid="5" />
              <SequencePoints>
                <SequencePoint vc="73" uspid="20" ordinal="0" sl="20" sc="1" el="20" ec="2" bec="0" bev="0" fileid="5" />
              </SequencePoints>
              <BranchPoints />
              <MethodPoint vc="1" uspid="0" p8:type="SequencePoint" ordinal="0" offset="0" sc="0" sl="20" ec="1" el="20" bec="0" bev="0" fileid="5" xmlns:p8="xsi" />
            </Method>
            <Method cyclomaticComplexity="1" nPathComplexity="0" sequenceCoverage="100" branchCoverage="100" isConstructor="False" isGetter="True" isSetter="False" isStatic="True">
              <Summary numSequencePoints="1" visitedSequencePoints="1" numBranchPoints="0" visitedBranchPoints="0" sequenceCoverage="100" branchCoverage="100" maxCyclomaticComplexity="1" minCyclomaticComplexity="1" visitedClasses="0" numClasses="0" visitedMethods="1" numMethods="1" />
              <MetadataToken />
              <Name>JeremyAnsel.Media.An8.An8Point JeremyAnsel.Media.An8.An8Component::get_BaseOrigin()</Name>
              <FileRef uid="5" />
              <SequencePoints>
                <SequencePoint vc="79" uspid="25" ordinal="0" sl="25" sc="1" el="25" ec="2" bec="0" bev="0" fileid="5" />
              </SequencePoints>
              <BranchPoints />
              <MethodPoint vc="1" uspid="0" p8:type="SequencePoint" ordinal="1" offset="1" sc="0" sl="25" ec="1" el="25" bec="0" bev="0" fileid="5" xmlns:p8="xsi" />
            </Method>
            <Method cyclomaticComplexity="1" nPathComplexity="0" sequenceCoverage="100" branchCoverage="100" isConstructor="False" isGetter="True" isSetter="False" isStatic="True">
              <Summary numSequencePoints="1" visitedSequencePoints="1" numBranchPoints="0" visitedBranchPoints="0" sequenceCoverage="100" branchCoverage="100" maxCyclomaticComplexity="1" minCyclomaticComplexity="1" visitedClasses="0" numClasses="0" visitedMethods="1" numMethods="1" />
              <MetadataToken />
              <Name>JeremyAnsel.Media.An8.An8Quaternion JeremyAnsel.Media.An8.An8Component::get_BaseOrientation()</Name>
              <FileRef uid="5" />
              <SequencePoints>
                <SequencePoint vc="79" uspid="30" ordinal="0" sl="30" sc="1" el="30" ec="2" bec="0" bev="0" fileid="5" />
              </SequencePoints>
              <BranchPoints />
              <MethodPoint vc="1" uspid="0" p8:type="SequencePoint" ordinal="2" offset="2" sc="0" sl="30" ec="1" el="30" bec="0" bev="0" fileid="5" xmlns:p8="xsi" />
            </Method>
            <Method cyclomaticComplexity="1" nPathComplexity="0" sequenceCoverage="100" branchCoverage="100" isConstructor="False" isGetter="True" isSetter="False" isStatic="True">
              <Summary numSequencePoints="1" visitedSequencePoints="1" numBranchPoints="0" visitedBranchPoints="0" sequenceCoverage="100" branchCoverage="100" maxCyclomaticComplexity="1" minCyclomaticComplexity="1" visitedClasses="0" numClasses="0" visitedMethods="1" numMethods="1" />
              <MetadataToken />
              <Name>JeremyAnsel.Media.An8.An8Point JeremyAnsel.Media.An8.An8Component::get_PivotOrigin()</Name>
              <FileRef uid="5" />
              <SequencePoints>
                <SequencePoint vc="79" uspid="35" ordinal="0" sl="35" sc="1" el="35" ec="2" bec="0" bev="0" fileid="5" />
              </SequencePoints>
              <BranchPoints />
              <MethodPoint vc="1" uspid="0" p8:type="SequencePoint" ordinal="3" offset="3" sc="0" sl="35" ec="1" el="35" bec="0" bev="0" fileid="5" xmlns:p8="xsi" />
            </Method>
            <Method cyclomaticComplexity="1" nPathComplexity="0" sequenceCoverage="100" branchCoverage="100" isConstructor="False" isGetter="True" isSetter="False" isStatic="True">
              <Summary numSequencePoints="1" visitedSequencePoints="1" numBranchPoints="0" visitedBranchPoints="0" sequenceCoverage="100" branchCoverage="100" maxCyclomaticComplexity="1" minCyclomaticComplexity="1" visitedClasses="0" numClasses="0" visitedMethods="1" numMethods="1" />
              <MetadataToken />
              <Name>JeremyAnsel.Media.An8.An8Quaternion JeremyAnsel.Media.An8.An8Component::get_PivotOrientation()</Name>
              <FileRef uid="5" />
              <SequencePoints>
                <SequencePoint vc="79" uspid="40" ordinal="0" sl="40" sc="1" el="40" ec="2" bec="0" bev="0" fileid="5" />
              </SequencePoints>
              <BranchPoints />
              <MethodPoint vc="1" uspid="0" p8:type="SequencePoint" ordinal="4" offset="4" sc="0" sl="40" ec="1" el="40" bec="0" bev="0" fileid="5" xmlns:p8="xsi" />
            </Method>
            <Method cyclomaticComplexity="56" nPathComplexity="0" sequenceCoverage="100" branchCoverage="100" isConstructor="False" isGetter="False" isSetter="False" isStatic="True">
              <Summary numSequencePoints="30" visitedSequencePoints="30" numBranchPoints="56" visitedBranchPoints="56" sequenceCoverage="100" branchCoverage="100" maxCyclomaticComplexity="56" minCyclomaticComplexity="56" visitedClasses="0" numClasses="0" visitedMethods="1" numMethods="1" />
              <MetadataToken />
              <Name>System.Collections.Generic.List`1&lt;JeremyAnsel.Media.An8.An8Component&gt; JeremyAnsel.Media.An8.An8Component::ParseComponents(System.String[])</Name>
              <FileRef uid="5" />
              <SequencePoints>
                <SequencePoint vc="39" uspid="49" ordinal="0" sl="49" sc="1" el="49" ec="2" bec="0" bev="0" fileid="5" />
                <SequencePoint vc="39" uspid="51" ordinal="1" sl="51" sc="1" el="51" ec="2" bec="0" bev="0" fileid="5" />
                <SequencePoint vc="152" uspid="53" ordinal="2" sl="53" sc="1" el="53" ec="2" bec="0" bev="0" fileid="5" />
                <SequencePoint vc="37" uspid="55" ordinal="3" sl="55" sc="1" el="55" ec="2" bec="0" bev="0" fileid="5" />
                <SequencePoint vc="37" uspid="57" ordinal="4" sl="57" sc="1" el="57" ec="2" bec="0" bev="0" fileid="5" />
                <SequencePoint vc="1" uspid="60" ordinal="5" sl="60" sc="1" el="60" ec="2" bec="0" bev="0" fileid="5" />
                <SequencePoint vc="1" uspid="61" ordinal="6" sl="61" sc="1" el="61" ec="2" bec="0" bev="0" fileid="5" />
                <SequencePoint vc="1" uspid="64" ordinal="7" sl="64" sc="1" el="64" ec="2" bec="0" bev="0" fileid="5" />
                <SequencePoint vc="1" uspid="65" ordinal="8" sl="65" sc="1" el="65" ec="2" bec="0" bev="0" fileid="5" />
                <SequencePoint vc="1" uspid="68" ordinal="9" sl="68" sc="1" el="68" ec="2" bec="0" bev="0" fileid="5" />
                <SequencePoint vc="1" uspid="69" ordinal="10" sl="69" sc="1" el="69" ec="2" bec="0" bev="0" fileid="5" />
                <SequencePoint vc="1" uspid="72" ordinal="11" sl="72" sc="1" el="72" ec="2" bec="0" bev="0" fileid="5" />
                <SequencePoint vc="1" uspid="73" ordinal="12" sl="73" sc="1" el="73" ec="2" bec="0" bev="0" fileid="5" />
                <SequencePoint vc="1" uspid="76" ordinal="13" sl="76" sc="1" el="76" ec="2" bec="0" bev="0" fileid="5" />
                <SequencePoint vc="1" uspid="77" ordinal="14" sl="77" sc="1" el="77" ec="2" bec="0" bev="0" fileid="5" />
                <SequencePoint vc="1" uspid="80" ordinal="15" sl="80" sc="1" el="80" ec="2" bec="0" bev="0" fileid="5" />
                <SequencePoint vc="1" uspid="81" ordinal="16" sl="81" sc="1" el="81" ec="2" bec="0" bev="0" fileid="5" />
                <SequencePoint vc="1" uspid="84" ordinal="17" sl="84" sc="1" el="84" ec="2" bec="0" bev="0" fileid="5" />
                <SequencePoint vc="1" uspid="85" ordinal="18" sl="85" sc="1" el="85" ec="2" bec="0" bev="0" fileid="5" />
                <SequencePoint vc="1" uspid="88" ordinal="19" sl="88" sc="1" el="88" ec="2" bec="0" bev="0" fileid="5" />
                <SequencePoint vc="1" uspid="89" ordinal="20" sl="89" sc="1" el="89" ec="2" bec="0" bev="0" fileid="5" />
                <SequencePoint vc="1" uspid="92" ordinal="21" sl="92" sc="1" el="92" ec="2" bec="0" bev="0" fileid="5" />
                <SequencePoint vc="1" uspid="93" ordinal="22" sl="93" sc="1" el="93" ec="2" bec="0" bev="0" fileid="5" />
                <SequencePoint vc="1" uspid="96" ordinal="23" sl="96" sc="1" el="96" ec="2" bec="0" bev="0" fileid="5" />
                <SequencePoint vc="1" uspid="97" ordinal="24" sl="97" sc="1" el="97" ec="2" bec="0" bev="0" fileid="5" />
                <SequencePoint vc="5" uspid="100" ordinal="25" sl="100" sc="1" el="100" ec="2" bec="0" bev="0" fileid="5" />
                <SequencePoint vc="37" uspid="104" ordinal="26" sl="104" sc="1" el="104" ec="2" bec="0" bev="0" fileid="5" />
                <SequencePoint vc="15" uspid="106" ordinal="27" sl="106" sc="1" el="106" ec="2" bec="0" bev="0" fileid="5" />
                <SequencePoint vc="15" uspid="107" ordinal="28" sl="107" sc="1" el="107" ec="2" bec="0" bev="0" fileid="5" />
                <SequencePoint vc="39" uspid="111" ordinal="29" sl="111" sc="1" el="111" ec="2" bec="0" bev="0" fileid="5" />
              </SequencePoints>
              <BranchPoints>
                <BranchPoint vc="37" uspid="53" ordinal="55" path="1" offset="557" offsetend="23" sl="53" fileid="5" />
                <BranchPoint vc="35" uspid="57" ordinal="0" path="0" offset="43" offsetend="48" sl="57" fileid="5" />
                <BranchPoint vc="15" uspid="57" ordinal="2" path="0" offset="64" offsetend="66" sl="57" fileid="5" />
                <BranchPoint vc="8" uspid="57" ordinal="4" path="0" offset="73" offsetend="75" sl="57" fileid="5" />
                <BranchPoint vc="3" uspid="57" ordinal="6" path="0" offset="82" offsetend="87" sl="57" fileid="5" />
                <BranchPoint vc="7" uspid="57" ordinal="5" path="1" offset="73" offsetend="104" sl="57" fileid="5" />
                <BranchPoint vc="6" uspid="57" ordinal="10" path="0" offset="111" offsetend="116" sl="57" fileid="5" />
                <BranchPoint vc="5" uspid="57" ordinal="12" path="0" offset="123" offsetend="128" sl="57" fileid="5" />
                <BranchPoint vc="20" uspid="57" ordinal="3" path="1" offset="64" offsetend="142" sl="57" fileid="5" />
                <BranchPoint vc="4" uspid="57" ordinal="16" path="0" offset="149" offsetend="151" sl="57" fileid="5" />
                <BranchPoint vc="3" uspid="57" ordinal="18" path="0" offset="158" offsetend="160" sl="57" fileid="5" />
                <BranchPoint vc="2" uspid="57" ordinal="20" path="0" offset="167" offsetend="169" sl="57" fileid="5" />
                <BranchPoint vc="16" uspid="57" ordinal="17" path="1" offset="149" offsetend="186" sl="57" fileid="5" />
                <BranchPoint vc="15" uspid="57" ordinal="24" path="0" offset="193" offsetend="198" sl="57" fileid="5" />
                <BranchPoint vc="14" uspid="57" ordinal="26" path="0" offset="205" offsetend="207" sl="57" fileid="5" />
                <BranchPoint vc="1" uspid="57" ordinal="15" path="1" offset="135" offsetend="224" sl="57" fileid="5" />
                <BranchPoint vc="1" uspid="57" ordinal="21" path="1" offset="167" offsetend="246" sl="57" fileid="5" />
                <BranchPoint vc="1" uspid="57" ordinal="19" path="1" offset="158" offsetend="268" sl="57" fileid="5" />
                <BranchPoint vc="1" uspid="57" ordinal="9" path="1" offset="94" offsetend="290" sl="57" fileid="5" />
                <BranchPoint vc="1" uspid="57" ordinal="27" path="1" offset="205" offsetend="312" sl="57" fileid="5" />
                <BranchPoint vc="1" uspid="57" ordinal="11" path="1" offset="111" offsetend="334" sl="57" fileid="5" />
                <BranchPoint vc="1" uspid="57" ordinal="25" path="1" offset="193" offsetend="356" sl="57" fileid="5" />
                <BranchPoint vc="1" uspid="57" ordinal="13" path="1" offset="123" offsetend="375" sl="57" fileid="5" />
                <BranchPoint vc="1" uspid="57" ordinal="23" path="1" offset="176" offsetend="394" sl="57" fileid="5" />
                <BranchPoint vc="1" uspid="57" ordinal="29" path="1" offset="214" offsetend="410" sl="57" fileid="5" />
                <BranchPoint vc="5" uspid="57" ordinal="7" path="1" offset="82" offsetend="426" sl="57" fileid="5" />
                <BranchPoint vc="1" uspid="57" ordinal="31" path="1" offset="236" offsetend="442" sl="57" fileid="5" />
                <BranchPoint vc="1" uspid="57" ordinal="33" path="1" offset="258" offsetend="450" sl="57" fileid="5" />
                <BranchPoint vc="1" uspid="57" ordinal="35" path="1" offset="280" offsetend="458" sl="57" fileid="5" />
                <BranchPoint vc="1" uspid="57" ordinal="37" path="1" offset="302" offsetend="466" sl="57" fileid="5" />
                <BranchPoint vc="1" uspid="57" ordinal="39" path="1" offset="324" offsetend="474" sl="57" fileid="5" />
                <BranchPoint vc="1" uspid="57" ordinal="41" path="1" offset="346" offsetend="482" sl="57" fileid="5" />
                <BranchPoint vc="1" uspid="57" ordinal="43" path="1" offset="368" offsetend="490" sl="57" fileid="5" />
                <BranchPoint vc="1" uspid="57" ordinal="45" path="1" offset="387" offsetend="498" sl="57" fileid="5" />
                <BranchPoint vc="1" uspid="57" ordinal="47" path="1" offset="406" offsetend="506" sl="57" fileid="5" />
                <BranchPoint vc="1" uspid="57" ordinal="49" path="1" offset="422" offsetend="514" sl="57" fileid="5" />
                <BranchPoint vc="5" uspid="57" ordinal="51" path="1" offset="438" offsetend="522" sl="57" fileid="5" />
                <BranchPoint vc="37" uspid="57" ordinal="1" path="1" offset="43" offsetend="528" sl="57" fileid="5" />
                <BranchPoint vc="37" uspid="57" ordinal="8" path="0" offset="94" offsetend="528" sl="57" fileid="5" />
                <BranchPoint vc="37" uspid="57" ordinal="14" path="0" offset="135" offsetend="528" sl="57" fileid="5" />
                <BranchPoint vc="37" uspid="57" ordinal="22" path="0" offset="176" offsetend="528" sl="57" fileid="5" />
                <BranchPoint vc="37" uspid="57" ordinal="28" path="0" offset="214" offsetend="528" sl="57" fileid="5" />
                <BranchPoint vc="37" uspid="57" ordinal="30" path="0" offset="236" offsetend="528" sl="57" fileid="5" />
                <BranchPoint vc="37" uspid="57" ordinal="32" path="0" offset="258" offsetend="528" sl="57" fileid="5" />
                <BranchPoint vc="37" uspid="57" ordinal="34" path="0" offset="280" offsetend="528" sl="57" fileid="5" />
                <BranchPoint vc="37" uspid="57" ordinal="36" path="0" offset="302" offsetend="528" sl="57" fileid="5" />
                <BranchPoint vc="37" uspid="57" ordinal="38" path="0" offset="324" offsetend="528" sl="57" fileid="5" />
                <BranchPoint vc="37" uspid="57" ordinal="40" path="0" offset="346" offsetend="528" sl="57" fileid="5" />
                <BranchPoint vc="37" uspid="57" ordinal="42" path="0" offset="368" offsetend="528" sl="57" fileid="5" />
                <BranchPoint vc="37" uspid="57" ordinal="44" path="0" offset="387" offsetend="528" sl="57" fileid="5" />
                <BranchPoint vc="37" uspid="57" ordinal="46" path="0" offset="406" offsetend="528" sl="57" fileid="5" />
                <BranchPoint vc="37" uspid="57" ordinal="48" path="0" offset="422" offsetend="528" sl="57" fileid="5" />
                <BranchPoint vc="37" uspid="57" ordinal="50" path="0" offset="438" offsetend="528" sl="57" fileid="5" />
                <BranchPoint vc="15" uspid="104" ordinal="52" path="0" offset="529" offsetend="531" sl="104" fileid="5" />
                <BranchPoint vc="76" uspid="104" ordinal="53" path="1" offset="529" offsetend="550" sl="104" fileid="5" />
                <BranchPoint vc="39" uspid="53" ordinal="54" path="0" offset="557" offsetend="562" sl="53" fileid="5" />
              </BranchPoints>
              <MethodPoint vc="30" uspid="0" p8:type="SequencePoint" ordinal="5" offset="5" sc="0" sl="49" ec="1" el="111" bec="0" bev="0" fileid="5" xmlns:p8="xsi" />
            </Method>
            <Method cyclomaticComplexity="10" nPathComplexity="0" sequenceCoverage="100" branchCoverage="100" isConstructor="False" isGetter="False" isSetter="False" isStatic="True">
              <Summary numSequencePoints="10" visitedSequencePoints="10" numBranchPoints="10" visitedBranchPoints="10" sequenceCoverage="100" branchCoverage="100" maxCyclomaticComplexity="10" minCyclomaticComplexity="10" visitedClasses="0" numClasses="0" visitedMethods="1" numMethods="1" />
              <MetadataToken />
              <Name>System.Void JeremyAnsel.Media.An8.An8Component::ParseTokens(System.String[])</Name>
              <FileRef uid="5" />
              <SequencePoints>
                <SequencePoint vc="105" uspid="120" ordinal="0" sl="120" sc="1" el="120" ec="2" bec="0" bev="0" fileid="5" />
                <SequencePoint vc="390" uspid="122" ordinal="1" sl="122" sc="1" el="122" ec="2" bec="0" bev="0" fileid="5" />
                <SequencePoint vc="90" uspid="124" ordinal="2" sl="124" sc="1" el="124" ec="2" bec="0" bev="0" fileid="5" />
                <SequencePoint vc="90" uspid="126" ordinal="3" sl="126" sc="1" el="126" ec="2" bec="0" bev="0" fileid="5" />
                <SequencePoint vc="1" uspid="129" ordinal="4" sl="129" sc="1" el="129" ec="2" bec="0" bev="0" fileid="5" />
                <SequencePoint vc="1" uspid="130" ordinal="5" sl="130" sc="1" el="130" ec="2" bec="0" bev="0" fileid="5" />
                <SequencePoint vc="1" uspid="133" ordinal="6" sl="133" sc="1" el="133" ec="2" bec="0" bev="0" fileid="5" />
                <SequencePoint vc="1" uspid="134" ordinal="7" sl="134" sc="1" el="134" ec="2" bec="0" bev="0" fileid="5" />
                <SequencePoint vc="1" uspid="137" ordinal="8" sl="137" sc="1" el="137" ec="2" bec="0" bev="0" fileid="5" />
                <SequencePoint vc="105" uspid="141" ordinal="9" sl="141" sc="1" el="141" ec="2" bec="0" bev="0" fileid="5" />
              </SequencePoints>
              <BranchPoints>
                <BranchPoint vc="90" uspid="122" ordinal="9" path="1" offset="129" offsetend="14" sl="122" fileid="5" />
                <BranchPoint vc="88" uspid="126" ordinal="0" path="0" offset="32" offsetend="34" sl="126" fileid="5" />
                <BranchPoint vc="87" uspid="126" ordinal="2" path="0" offset="45" offsetend="47" sl="126" fileid="5" />
                <BranchPoint vc="86" uspid="126" ordinal="4" path="0" offset="58" offsetend="60" sl="126" fileid="5" />
                <BranchPoint vc="1" uspid="126" ordinal="3" path="1" offset="45" offsetend="75" sl="126" fileid="5" />
                <BranchPoint vc="1" uspid="126" ordinal="5" path="1" offset="58" offsetend="96" sl="126" fileid="5" />
                <BranchPoint vc="1" uspid="126" ordinal="7" path="1" offset="71" offsetend="110" sl="126" fileid="5" />
                <BranchPoint vc="195" uspid="126" ordinal="1" path="1" offset="32" offsetend="122" sl="126" fileid="5" />
                <BranchPoint vc="195" uspid="126" ordinal="6" path="0" offset="71" offsetend="122" sl="126" fileid="5" />
                <BranchPoint vc="105" uspid="122" ordinal="8" path="0" offset="129" offsetend="131" sl="122" fileid="5" />
              </BranchPoints>
              <MethodPoint vc="10" uspid="0" p8:type="SequencePoint" ordinal="6" offset="6" sc="0" sl="120" ec="1" el="141" bec="0" bev="0" fileid="5" xmlns:p8="xsi" />
            </Method>
            <Method cyclomaticComplexity="8" nPathComplexity="0" sequenceCoverage="100" branchCoverage="100" isConstructor="False" isGetter="False" isSetter="False" isStatic="True">
              <Summary numSequencePoints="11" visitedSequencePoints="11" numBranchPoints="8" visitedBranchPoints="8" sequenceCoverage="100" branchCoverage="100" maxCyclomaticComplexity="8" minCyclomaticComplexity="8" visitedClasses="0" numClasses="0" visitedMethods="1" numMethods="1" />
              <MetadataToken />
              <Name>System.String[] JeremyAnsel.Media.An8.An8Component::BuildTokens()</Name>
              <FileRef uid="5" />
              <SequencePoints>
                <SequencePoint vc="69" uspid="149" ordinal="0" sl="149" sc="1" el="149" ec="2" bec="0" bev="0" fileid="5" />
                <SequencePoint vc="69" uspid="151" ordinal="1" sl="151" sc="1" el="151" ec="2" bec="0" bev="0" fileid="5" />
                <SequencePoint vc="69" uspid="152" ordinal="2" sl="152" sc="1" el="152" ec="2" bec="0" bev="0" fileid="5" />
                <SequencePoint vc="69" uspid="153" ordinal="3" sl="153" sc="1" el="153" ec="2" bec="0" bev="0" fileid="5" />
                <SequencePoint vc="69" uspid="155" ordinal="4" sl="155" sc="1" el="155" ec="2" bec="0" bev="0" fileid="5" />
                <SequencePoint vc="2" uspid="157" ordinal="5" sl="157" sc="1" el="157" ec="2" bec="0" bev="0" fileid="5" />
                <SequencePoint vc="2" uspid="158" ordinal="6" sl="158" sc="1" el="158" ec="2" bec="0" bev="0" fileid="5" />
                <SequencePoint vc="69" uspid="161" ordinal="7" sl="161" sc="1" el="161" ec="2" bec="0" bev="0" fileid="5" />
                <SequencePoint vc="2" uspid="163" ordinal="8" sl="163" sc="1" el="163" ec="2" bec="0" bev="0" fileid="5" />
                <SequencePoint vc="2" uspid="164" ordinal="9" sl="164" sc="1" el="164" ec="2" bec="0" bev="0" fileid="5" />
                <SequencePoint vc="69" uspid="167" ordinal="10" sl="167" sc="1" el="167" ec="2" bec="0" bev="0" fileid="5" />
              </SequencePoints>
              <BranchPoints>
                <BranchPoint vc="68" uspid="155" ordinal="0" path="0" offset="41" offsetend="43" sl="155" fileid="5" />
                <BranchPoint vc="2" uspid="155" ordinal="1" path="1" offset="41" offsetend="51" sl="155" fileid="5" />
                <BranchPoint vc="2" uspid="155" ordinal="2" path="0" offset="49" offsetend="51" sl="155" fileid="5" />
                <BranchPoint vc="69" uspid="155" ordinal="3" path="1" offset="49" offsetend="64" sl="155" fileid="5" />
                <BranchPoint vc="68" uspid="161" ordinal="4" path="0" offset="70" offsetend="72" sl="161" fileid="5" />
                <BranchPoint vc="2" uspid="161" ordinal="5" path="1" offset="70" offsetend="80" sl="161" fileid="5" />
                <BranchPoint vc="2" uspid="161" ordinal="6" path="0" offset="78" offsetend="80" sl="161" fileid="5" />
                <BranchPoint vc="69" uspid="161" ordinal="7" path="1" offset="78" offsetend="93" sl="161" fileid="5" />
              </BranchPoints>
              <MethodPoint vc="11" uspid="0" p8:type="SequencePoint" ordinal="7" offset="7" sc="0" sl="149" ec="1" el="167" bec="0" bev="0" fileid="5" xmlns:p8="xsi" />
            </Method>
            <Method cyclomaticComplexity="8" nPathComplexity="0" sequenceCoverage="100" branchCoverage="100" isConstructor="False" isGetter="False" isSetter="False" isStatic="True">
              <Summary numSequencePoints="8" visitedSequencePoints="8" numBranchPoints="8" visitedBranchPoints="8" sequenceCoverage="100" branchCoverage="100" maxCyclomaticComplexity="8" minCyclomaticComplexity="8" visitedClasses="0" numClasses="0" visitedMethods="1" numMethods="1" />
              <MetadataToken />
              <Name>System.Void JeremyAnsel.Media.An8.An8Component::ParseBase(System.String[])</Name>
              <FileRef uid="5" />
              <SequencePoints>
                <SequencePoint vc="1" uspid="176" ordinal="0" sl="176" sc="1" el="176" ec="2" bec="0" bev="0" fileid="5" />
                <SequencePoint vc="8" uspid="178" ordinal="1" sl="178" sc="1" el="178" ec="2" bec="0" bev="0" fileid="5" />
                <SequencePoint vc="3" uspid="180" ordinal="2" sl="180" sc="1" el="180" ec="2" bec="0" bev="0" fileid="5" />
                <SequencePoint vc="3" uspid="182" ordinal="3" sl="182" sc="1" el="182" ec="2" bec="0" bev="0" fileid="5" />
                <SequencePoint vc="1" uspid="185" ordinal="4" sl="185" sc="1" el="185" ec="2" bec="0" bev="0" fileid="5" />
                <SequencePoint vc="1" uspid="186" ordinal="5" sl="186" sc="1" el="186" ec="2" bec="0" bev="0" fileid="5" />
                <SequencePoint vc="1" uspid="189" ordinal="6" sl="189" sc="1" el="189" ec="2" bec="0" bev="0" fileid="5" />
                <SequencePoint vc="1" uspid="193" ordinal="7" sl="193" sc="1" el="193" ec="2" bec="0" bev="0" fileid="5" />
              </SequencePoints>
              <BranchPoints>
                <BranchPoint vc="3" uspid="178" ordinal="7" path="1" offset="109" offsetend="14" sl="178" fileid="5" />
                <BranchPoint vc="3" uspid="182" ordinal="0" path="0" offset="32" offsetend="34" sl="182" fileid="5" />
                <BranchPoint vc="2" uspid="182" ordinal="2" path="0" offset="45" offsetend="47" sl="182" fileid="5" />
                <BranchPoint vc="1" uspid="182" ordinal="3" path="1" offset="45" offsetend="62" sl="182" fileid="5" />
                <BranchPoint vc="1" uspid="182" ordinal="5" path="1" offset="58" offsetend="83" sl="182" fileid="5" />
                <BranchPoint vc="4" uspid="182" ordinal="1" path="1" offset="32" offsetend="102" sl="182" fileid="5" />
                <BranchPoint vc="4" uspid="182" ordinal="4" path="0" offset="58" offsetend="102" sl="182" fileid="5" />
                <BranchPoint vc="1" uspid="178" ordinal="6" path="0" offset="109" offsetend="111" sl="178" fileid="5" />
              </BranchPoints>
              <MethodPoint vc="8" uspid="0" p8:type="SequencePoint" ordinal="8" offset="8" sc="0" sl="176" ec="1" el="193" bec="0" bev="0" fileid="5" xmlns:p8="xsi" />
            </Method>
            <Method cyclomaticComplexity="4" nPathComplexity="0" sequenceCoverage="100" branchCoverage="100" isConstructor="False" isGetter="False" isSetter="False" isStatic="True">
              <Summary numSequencePoints="15" visitedSequencePoints="15" numBranchPoints="4" visitedBranchPoints="4" sequenceCoverage="100" branchCoverage="100" maxCyclomaticComplexity="4" minCyclomaticComplexity="4" visitedClasses="0" numClasses="0" visitedMethods="1" numMethods="1" />
              <MetadataToken />
              <Name>System.Void JeremyAnsel.Media.An8.An8Component::BuildBase(System.Collections.Generic.List`1&lt;System.String&gt;)</Name>
              <FileRef uid="5" />
              <SequencePoints>
                <SequencePoint vc="2" uspid="201" ordinal="0" sl="201" sc="1" el="201" ec="2" bec="0" bev="0" fileid="5" />
                <SequencePoint vc="2" uspid="202" ordinal="1" sl="202" sc="1" el="202" ec="2" bec="0" bev="0" fileid="5" />
                <SequencePoint vc="2" uspid="204" ordinal="2" sl="204" sc="1" el="204" ec="2" bec="0" bev="0" fileid="5" />
                <SequencePoint vc="1" uspid="206" ordinal="3" sl="206" sc="1" el="206" ec="2" bec="0" bev="0" fileid="5" />
                <SequencePoint vc="1" uspid="207" ordinal="4" sl="207" sc="1" el="207" ec="2" bec="0" bev="0" fileid="5" />
                <SequencePoint vc="1" uspid="208" ordinal="5" sl="208" sc="1" el="208" ec="2" bec="0" bev="0" fileid="5" />
                <SequencePoint vc="1" uspid="209" ordinal="6" sl="209" sc="1" el="209" ec="2" bec="0" bev="0" fileid="5" />
                <SequencePoint vc="2" uspid="212" ordinal="7" sl="212" sc="1" el="212" ec="2" bec="0" bev="0" fileid="5" />
                <SequencePoint vc="1" uspid="214" ordinal="8" sl="214" sc="1" el="214" ec="2" bec="0" bev="0" fileid="5" />
                <SequencePoint vc="1" uspid="215" ordinal="9" sl="215" sc="1" el="215" ec="2" bec="0" bev="0" fileid="5" />
                <SequencePoint vc="1" uspid="216" ordinal="10" sl="216" sc="1" el="216" ec="2" bec="0" bev="0" fileid="5" />
                <SequencePoint vc="1" uspid="217" ordinal="11" sl="217" sc="1" el="217" ec="2" bec="0" bev="0" fileid="5" />
                <SequencePoint vc="2" uspid="220" ordinal="12" sl="220" sc="1" el="220" ec="2" bec="0" bev="0" fileid="5" />
                <SequencePoint vc="2" uspid="221" ordinal="13" sl="221" sc="1" el="221" ec="2" bec="0" bev="0" fileid="5" />
                <SequencePoint vc="2" uspid="222" ordinal="14" sl="222" sc="1" el="222" ec="2" bec="0" bev="0" fileid="5" />
              </SequencePoints>
              <BranchPoints>
                <BranchPoint vc="1" uspid="204" ordinal="0" path="0" offset="23" offsetend="25" sl="204" fileid="5" />
                <BranchPoint vc="2" uspid="204" ordinal="1" path="1" offset="23" offsetend="65" sl="204" fileid="5" />
                <BranchPoint vc="1" uspid="212" ordinal="2" path="0" offset="71" offsetend="73" sl="212" fileid="5" />
                <BranchPoint vc="2" uspid="212" ordinal="3" path="1" offset="71" offsetend="113" sl="212" fileid="5" />
              </BranchPoints>
              <MethodPoint vc="15" uspid="0" p8:type="SequencePoint" ordinal="9" offset="9" sc="0" sl="201" ec="1" el="222" bec="0" bev="0" fileid="5" xmlns:p8="xsi" />
            </Method>
            <Method cyclomaticComplexity="8" nPathComplexity="0" sequenceCoverage="100" branchCoverage="100" isConstructor="False" isGetter="False" isSetter="False" isStatic="True">
              <Summary numSequencePoints="8" visitedSequencePoints="8" numBranchPoints="8" visitedBranchPoints="8" sequenceCoverage="100" branchCoverage="100" maxCyclomaticComplexity="8" minCyclomaticComplexity="8" visitedClasses="0" numClasses="0" visitedMethods="1" numMethods="1" />
              <MetadataToken />
              <Name>System.Void JeremyAnsel.Media.An8.An8Component::ParsePivot(System.String[])</Name>
              <FileRef uid="5" />
              <SequencePoints>
                <SequencePoint vc="1" uspid="230" ordinal="0" sl="230" sc="1" el="230" ec="2" bec="0" bev="0" fileid="5" />
                <SequencePoint vc="8" uspid="232" ordinal="1" sl="232" sc="1" el="232" ec="2" bec="0" bev="0" fileid="5" />
                <SequencePoint vc="3" uspid="234" ordinal="2" sl="234" sc="1" el="234" ec="2" bec="0" bev="0" fileid="5" />
                <SequencePoint vc="3" uspid="236" ordinal="3" sl="236" sc="1" el="236" ec="2" bec="0" bev="0" fileid="5" />
                <SequencePoint vc="1" uspid="239" ordinal="4" sl="239" sc="1" el="239" ec="2" bec="0" bev="0" fileid="5" />
                <SequencePoint vc="1" uspid="240" ordinal="5" sl="240" sc="1" el="240" ec="2" bec="0" bev="0" fileid="5" />
                <SequencePoint vc="1" uspid="243" ordinal="6" sl="243" sc="1" el="243" ec="2" bec="0" bev="0" fileid="5" />
                <SequencePoint vc="1" uspid="247" ordinal="7" sl="247" sc="1" el="247" ec="2" bec="0" bev="0" fileid="5" />
              </SequencePoints>
              <BranchPoints>
                <BranchPoint vc="3" uspid="232" ordinal="7" path="1" offset="109" offsetend="14" sl="232" fileid="5" />
                <BranchPoint vc="3" uspid="236" ordinal="0" path="0" offset="32" offsetend="34" sl="236" fileid="5" />
[...]
              </SequencePoints>
              <BranchPoints>
                <BranchPoint vc="4586" uspid="412" ordinal="9" path="1" offset="160" offsetend="16" sl="412" fileid="38" />
                <BranchPoint vc="644" uspid="416" ordinal="0" path="0" offset="39" offsetend="41" sl="416" fileid="38" />
                <BranchPoint vc="3942" uspid="416" ordinal="1" path="1" offset="39" offsetend="56" sl="416" fileid="38" />
                <BranchPoint vc="1150" uspid="421" ordinal="2" path="0" offset="69" offsetend="71" sl="421" fileid="38" />
                <BranchPoint vc="897" uspid="423" ordinal="4" path="0" offset="74" offsetend="76" sl="423" fileid="38" />
                <BranchPoint vc="1" uspid="425" ordinal="6" path="0" offset="104" offsetend="106" sl="425" fileid="38" />
                <BranchPoint vc="897" uspid="425" ordinal="7" path="1" offset="104" offsetend="129" sl="425" fileid="38" />
                <BranchPoint vc="1150" uspid="423" ordinal="5" path="1" offset="74" offsetend="144" sl="423" fileid="38" />
                <BranchPoint vc="4586" uspid="421" ordinal="3" path="1" offset="69" offsetend="149" sl="421" fileid="38" />
                <BranchPoint vc="150" uspid="412" ordinal="8" path="0" offset="160" offsetend="165" sl="412" fileid="38" />
                <BranchPoint vc="144" uspid="437" ordinal="10" path="0" offset="169" offsetend="171" sl="437" fileid="38" />
                <BranchPoint vc="1" uspid="439" ordinal="12" path="0" offset="200" offsetend="202" sl="439" fileid="38" />
                <BranchPoint vc="144" uspid="439" ordinal="13" path="1" offset="200" offsetend="225" sl="439" fileid="38" />
                <BranchPoint vc="150" uspid="437" ordinal="11" path="1" offset="169" offsetend="240" sl="437" fileid="38" />
                <BranchPoint vc="1685" uspid="451" ordinal="19" path="1" offset="350" offsetend="258" sl="451" fileid="38" />
                <BranchPoint vc="322" uspid="453" ordinal="14" path="0" offset="280" offsetend="282" sl="453" fileid="38" />
                <BranchPoint vc="1363" uspid="453" ordinal="15" path="1" offset="280" offsetend="288" sl="453" fileid="38" />
                <BranchPoint vc="322" uspid="457" ordinal="16" path="0" offset="301" offsetend="303" sl="457" fileid="38" />
                <BranchPoint vc="1041" uspid="457" ordinal="17" path="1" offset="301" offsetend="309" sl="457" fileid="38" />
                <BranchPoint vc="150" uspid="451" ordinal="18" path="0" offset="350" offsetend="352" sl="451" fileid="38" />
              </BranchPoints>
              <MethodPoint vc="36" uspid="0" p8:type="SequencePoint" ordinal="14" offset="14" sc="0" sl="408" ec="1" el="468" bec="0" bev="0" fileid="38" xmlns:p8="xsi" />
            </Method>
            <Method cyclomaticComplexity="1" nPathComplexity="0" sequenceCoverage="100" branchCoverage="100" isConstructor="False" isGetter="False" isSetter="False" isStatic="True">
              <Summary numSequencePoints="2" visitedSequencePoints="2" numBranchPoints="0" visitedBranchPoints="0" sequenceCoverage="100" branchCoverage="100" maxCyclomaticComplexity="1" minCyclomaticComplexity="1" visitedClasses="0" numClasses="0" visitedMethods="1" numMethods="1" />
              <MetadataToken />
              <Name>System.Void JeremyAnsel.Media.An8.Tokenizer::BuildNewLine(System.Collections.Generic.List`1&lt;System.String&gt;)</Name>
              <FileRef uid="38" />
              <SequencePoints>
                <SequencePoint vc="506" uspid="477" ordinal="0" sl="477" sc="1" el="477" ec="2" bec="0" bev="0" fileid="38" />
                <SequencePoint vc="506" uspid="478" ordinal="1" sl="478" sc="1" el="478" ec="2" bec="0" bev="0" fileid="38" />
              </SequencePoints>
              <BranchPoints />
              <MethodPoint vc="2" uspid="0" p8:type="SequencePoint" ordinal="15" offset="15" sc="0" sl="477" ec="1" el="478" bec="0" bev="0" fileid="38" xmlns:p8="xsi" />
            </Method>
            <Method cyclomaticComplexity="1" nPathComplexity="0" sequenceCoverage="100" branchCoverage="100" isConstructor="False" isGetter="False" isSetter="False" isStatic="True">
              <Summary numSequencePoints="3" visitedSequencePoints="3" numBranchPoints="0" visitedBranchPoints="0" sequenceCoverage="100" branchCoverage="100" maxCyclomaticComplexity="1" minCyclomaticComplexity="1" visitedClasses="0" numClasses="0" visitedMethods="1" numMethods="1" />
              <MetadataToken />
              <Name>System.Void JeremyAnsel.Media.An8.Tokenizer::BuildIndent(System.Collections.Generic.List`1&lt;System.String&gt;)</Name>
              <FileRef uid="38" />
              <SequencePoints>
                <SequencePoint vc="322" uspid="486" ordinal="0" sl="486" sc="1" el="486" ec="2" bec="0" bev="0" fileid="38" />
                <SequencePoint vc="322" uspid="487" ordinal="1" sl="487" sc="1" el="487" ec="2" bec="0" bev="0" fileid="38" />
                <SequencePoint vc="322" uspid="488" ordinal="2" sl="488" sc="1" el="488" ec="2" bec="0" bev="0" fileid="38" />
              </SequencePoints>
              <BranchPoints />
              <MethodPoint vc="3" uspid="0" p8:type="SequencePoint" ordinal="16" offset="16" sc="0" sl="486" ec="1" el="488" bec="0" bev="0" fileid="38" xmlns:p8="xsi" />
            </Method>
            <Method cyclomaticComplexity="1" nPathComplexity="0" sequenceCoverage="100" branchCoverage="100" isConstructor="False" isGetter="False" isSetter="False" isStatic="True">
              <Summary numSequencePoints="3" visitedSequencePoints="3" numBranchPoints="0" visitedBranchPoints="0" sequenceCoverage="100" branchCoverage="100" maxCyclomaticComplexity="1" minCyclomaticComplexity="1" visitedClasses="0" numClasses="0" visitedMethods="1" numMethods="1" />
              <MetadataToken />
              <Name>System.Void JeremyAnsel.Media.An8.Tokenizer::BuildUnindent(System.Collections.Generic.List`1&lt;System.String&gt;)</Name>
              <FileRef uid="38" />
              <SequencePoints>
                <SequencePoint vc="322" uspid="496" ordinal="0" sl="496" sc="1" el="496" ec="2" bec="0" bev="0" fileid="38" />
                <SequencePoint vc="322" uspid="497" ordinal="1" sl="497" sc="1" el="497" ec="2" bec="0" bev="0" fileid="38" />
                <SequencePoint vc="322" uspid="498" ordinal="2" sl="498" sc="1" el="498" ec="2" bec="0" bev="0" fileid="38" />
              </SequencePoints>
              <BranchPoints />
              <MethodPoint vc="3" uspid="0" p8:type="SequencePoint" ordinal="17" offset="17" sc="0" sl="496" ec="1" el="498" bec="0" bev="0" fileid="38" xmlns:p8="xsi" />
            </Method>
            <Method cyclomaticComplexity="1" nPathComplexity="0" sequenceCoverage="100" branchCoverage="100" isConstructor="False" isGetter="False" isSetter="False" isStatic="True">
              <Summary numSequencePoints="3" visitedSequencePoints="3" numBranchPoints="0" visitedBranchPoints="0" sequenceCoverage="100" branchCoverage="100" maxCyclomaticComplexity="1" minCyclomaticComplexity="1" visitedClasses="0" numClasses="0" visitedMethods="1" numMethods="1" />
              <MetadataToken />
              <Name>System.Void JeremyAnsel.Media.An8.Tokenizer::BuildOpenChunk(System.Collections.Generic.List`1&lt;System.String&gt;,System.String)</Name>
              <FileRef uid="38" />
              <SequencePoints>
                <SequencePoint vc="694" uspid="507" ordinal="0" sl="507" sc="1" el="507" ec="2" bec="0" bev="0" fileid="38" />
                <SequencePoint vc="694" uspid="508" ordinal="1" sl="508" sc="1" el="508" ec="2" bec="0" bev="0" fileid="38" />
                <SequencePoint vc="694" uspid="509" ordinal="2" sl="509" sc="1" el="509" ec="2" bec="0" bev="0" fileid="38" />
              </SequencePoints>
              <BranchPoints />
              <MethodPoint vc="3" uspid="0" p8:type="SequencePoint" ordinal="18" offset="18" sc="0" sl="507" ec="1" el="509" bec="0" bev="0" fileid="38" xmlns:p8="xsi" />
            </Method>
            <Method cyclomaticComplexity="1" nPathComplexity="0" sequenceCoverage="100" branchCoverage="100" isConstructor="False" isGetter="False" isSetter="False" isStatic="True">
              <Summary numSequencePoints="2" visitedSequencePoints="2" numBranchPoints="0" visitedBranchPoints="0" sequenceCoverage="100" branchCoverage="100" maxCyclomaticComplexity="1" minCyclomaticComplexity="1" visitedClasses="0" numClasses="0" visitedMethods="1" numMethods="1" />
              <MetadataToken />
              <Name>System.Void JeremyAnsel.Media.An8.Tokenizer::BuildCloseChunk(System.Collections.Generic.List`1&lt;System.String&gt;)</Name>
              <FileRef uid="38" />
              <SequencePoints>
                <SequencePoint vc="694" uspid="517" ordinal="0" sl="517" sc="1" el="517" ec="2" bec="0" bev="0" fileid="38" />
                <SequencePoint vc="694" uspid="518" ordinal="1" sl="518" sc="1" el="518" ec="2" bec="0" bev="0" fileid="38" />
              </SequencePoints>
              <BranchPoints />
              <MethodPoint vc="2" uspid="0" p8:type="SequencePoint" ordinal="19" offset="19" sc="0" sl="517" ec="1" el="518" bec="0" bev="0" fileid="38" xmlns:p8="xsi" />
            </Method>
            <Method cyclomaticComplexity="1" nPathComplexity="0" sequenceCoverage="100" branchCoverage="100" isConstructor="False" isGetter="False" isSetter="False" isStatic="True">
              <Summary numSequencePoints="2" visitedSequencePoints="2" numBranchPoints="0" visitedBranchPoints="0" sequenceCoverage="100" branchCoverage="100" maxCyclomaticComplexity="1" minCyclomaticComplexity="1" visitedClasses="0" numClasses="0" visitedMethods="1" numMethods="1" />
              <MetadataToken />
              <Name>System.Void JeremyAnsel.Media.An8.Tokenizer::BuildOpenData(System.Collections.Generic.List`1&lt;System.String&gt;)</Name>
              <FileRef uid="38" />
              <SequencePoints>
                <SequencePoint vc="41" uspid="526" ordinal="0" sl="526" sc="1" el="526" ec="2" bec="0" bev="0" fileid="38" />
                <SequencePoint vc="41" uspid="527" ordinal="1" sl="527" sc="1" el="527" ec="2" bec="0" bev="0" fileid="38" />
              </SequencePoints>
              <BranchPoints />
              <MethodPoint vc="2" uspid="0" p8:type="SequencePoint" ordinal="20" offset="20" sc="0" sl="526" ec="1" el="527" bec="0" bev="0" fileid="38" xmlns:p8="xsi" />
            </Method>
            <Method cyclomaticComplexity="1" nPathComplexity="0" sequenceCoverage="100" branchCoverage="100" isConstructor="False" isGetter="False" isSetter="False" isStatic="True">
              <Summary numSequencePoints="2" visitedSequencePoints="2" numBranchPoints="0" visitedBranchPoints="0" sequenceCoverage="100" branchCoverage="100" maxCyclomaticComplexity="1" minCyclomaticComplexity="1" visitedClasses="0" numClasses="0" visitedMethods="1" numMethods="1" />
              <MetadataToken />
              <Name>System.Void JeremyAnsel.Media.An8.Tokenizer::BuildCloseData(System.Collections.Generic.List`1&lt;System.String&gt;)</Name>
              <FileRef uid="38" />
              <SequencePoints>
                <SequencePoint vc="41" uspid="535" ordinal="0" sl="535" sc="1" el="535" ec="2" bec="0" bev="0" fileid="38" />
                <SequencePoint vc="41" uspid="536" ordinal="1" sl="536" sc="1" el="536" ec="2" bec="0" bev="0" fileid="38" />
              </SequencePoints>
              <BranchPoints />
              <MethodPoint vc="2" uspid="0" p8:type="SequencePoint" ordinal="21" offset="21" sc="0" sl="535" ec="1" el="536" bec="0" bev="0" fileid="38" xmlns:p8="xsi" />
            </Method>
            <Method cyclomaticComplexity="2" nPathComplexity="0" sequenceCoverage="100" branchCoverage="100" isConstructor="False" isGetter="False" isSetter="False" isStatic="True">
              <Summary numSequencePoints="8" visitedSequencePoints="8" numBranchPoints="2" visitedBranchPoints="2" sequenceCoverage="100" branchCoverage="100" maxCyclomaticComplexity="2" minCyclomaticComplexity="2" visitedClasses="0" numClasses="0" visitedMethods="1" numMethods="1" />
              <MetadataToken />
              <Name>System.Void JeremyAnsel.Media.An8.Tokenizer::BuildString(System.Collections.Generic.List`1&lt;System.String&gt;,System.String)</Name>
              <FileRef uid="38" />
              <SequencePoints>
                <SequencePoint vc="173" uspid="545" ordinal="0" sl="545" sc="1" el="545" ec="2" bec="0" bev="0" fileid="38" />
                <SequencePoint vc="137" uspid="547" ordinal="1" sl="547" sc="1" el="547" ec="2" bec="0" bev="0" fileid="38" />
                <SequencePoint vc="137" uspid="548" ordinal="2" sl="548" sc="1" el="548" ec="2" bec="0" bev="0" fileid="38" />
                <SequencePoint vc="36" uspid="551" ordinal="3" sl="551" sc="1" el="551" ec="2" bec="0" bev="0" fileid="38" />
                <SequencePoint vc="36" uspid="552" ordinal="4" sl="552" sc="1" el="552" ec="2" bec="0" bev="0" fileid="38" />
                <SequencePoint vc="36" uspid="553" ordinal="5" sl="553" sc="1" el="553" ec="2" bec="0" bev="0" fileid="38" />
                <SequencePoint vc="36" uspid="554" ordinal="6" sl="554" sc="1" el="554" ec="2" bec="0" bev="0" fileid="38" />
                <SequencePoint vc="36" uspid="556" ordinal="7" sl="556" sc="1" el="556" ec="2" bec="0" bev="0" fileid="38" />
              </SequencePoints>
              <BranchPoints>
                <BranchPoint vc="137" uspid="545" ordinal="0" path="0" offset="6" offsetend="8" sl="545" fileid="38" />
                <BranchPoint vc="36" uspid="545" ordinal="1" path="1" offset="6" offsetend="20" sl="545" fileid="38" />
              </BranchPoints>
              <MethodPoint vc="8" uspid="0" p8:type="SequencePoint" ordinal="22" offset="22" sc="0" sl="545" ec="1" el="556" bec="0" bev="0" fileid="38" xmlns:p8="xsi" />
            </Method>
            <Method cyclomaticComplexity="2" nPathComplexity="0" sequenceCoverage="100" branchCoverage="100" isConstructor="False" isGetter="False" isSetter="False" isStatic="True">
              <Summary numSequencePoints="8" visitedSequencePoints="8" numBranchPoints="2" visitedBranchPoints="2" sequenceCoverage="100" branchCoverage="100" maxCyclomaticComplexity="2" minCyclomaticComplexity="2" visitedClasses="0" numClasses="0" visitedMethods="1" numMethods="1" />
              <MetadataToken />
              <Name>System.Void JeremyAnsel.Media.An8.Tokenizer::BuildUnicodeString(System.Collections.Generic.List`1&lt;System.String&gt;,System.String)</Name>
              <FileRef uid="38" />
              <SequencePoints>
                <SequencePoint vc="6" uspid="567" ordinal="0" sl="567" sc="1" el="567" ec="2" bec="0" bev="0" fileid="38" />
                <SequencePoint vc="5" uspid="569" ordinal="1" sl="569" sc="1" el="569" ec="2" bec="0" bev="0" fileid="38" />
                <SequencePoint vc="5" uspid="570" ordinal="2" sl="570" sc="1" el="570" ec="2" bec="0" bev="0" fileid="38" />
                <SequencePoint vc="1" uspid="573" ordinal="3" sl="573" sc="1" el="573" ec="2" bec="0" bev="0" fileid="38" />
                <SequencePoint vc="1" uspid="574" ordinal="4" sl="574" sc="1" el="574" ec="2" bec="0" bev="0" fileid="38" />
                <SequencePoint vc="1" uspid="575" ordinal="5" sl="575" sc="1" el="575" ec="2" bec="0" bev="0" fileid="38" />
                <SequencePoint vc="1" uspid="576" ordinal="6" sl="576" sc="1" el="576" ec="2" bec="0" bev="0" fileid="38" />
                <SequencePoint vc="1" uspid="578" ordinal="7" sl="578" sc="1" el="578" ec="2" bec="0" bev="0" fileid="38" />
              </SequencePoints>
              <BranchPoints>
                <BranchPoint vc="5" uspid="567" ordinal="0" path="0" offset="6" offsetend="8" sl="567" fileid="38" />
                <BranchPoint vc="1" uspid="567" ordinal="1" path="1" offset="6" offsetend="20" sl="567" fileid="38" />
              </BranchPoints>
              <MethodPoint vc="8" uspid="0" p8:type="SequencePoint" ordinal="23" offset="23" sc="0" sl="567" ec="1" el="578" bec="0" bev="0" fileid="38" xmlns:p8="xsi" />
            </Method>
            <Method cyclomaticComplexity="1" nPathComplexity="0" sequenceCoverage="100" branchCoverage="100" isConstructor="False" isGetter="False" isSetter="False" isStatic="True">
              <Summary numSequencePoints="2" visitedSequencePoints="2" numBranchPoints="0" visitedBranchPoints="0" sequenceCoverage="100" branchCoverage="100" maxCyclomaticComplexity="1" minCyclomaticComplexity="1" visitedClasses="0" numClasses="0" visitedMethods="1" numMethods="1" />
              <MetadataToken />
              <Name>System.Void JeremyAnsel.Media.An8.Tokenizer::BuildInt(System.Collections.Generic.List`1&lt;System.String&gt;,System.Int32)</Name>
              <FileRef uid="38" />
              <SequencePoints>
                <SequencePoint vc="171" uspid="587" ordinal="0" sl="587" sc="1" el="587" ec="2" bec="0" bev="0" fileid="38" />
                <SequencePoint vc="171" uspid="588" ordinal="1" sl="588" sc="1" el="588" ec="2" bec="0" bev="0" fileid="38" />
              </SequencePoints>
              <BranchPoints />
              <MethodPoint vc="2" uspid="0" p8:type="SequencePoint" ordinal="24" offset="24" sc="0" sl="587" ec="1" el="588" bec="0" bev="0" fileid="38" xmlns:p8="xsi" />
            </Method>
            <Method cyclomaticComplexity="1" nPathComplexity="0" sequenceCoverage="100" branchCoverage="100" isConstructor="False" isGetter="False" isSetter="False" isStatic="True">
              <Summary numSequencePoints="2" visitedSequencePoints="2" numBranchPoints="0" visitedBranchPoints="0" sequenceCoverage="100" branchCoverage="100" maxCyclomaticComplexity="1" minCyclomaticComplexity="1" visitedClasses="0" numClasses="0" visitedMethods="1" numMethods="1" />
              <MetadataToken />
              <Name>System.Void JeremyAnsel.Media.An8.Tokenizer::BuildFloat(System.Collections.Generic.List`1&lt;System.String&gt;,System.Single)</Name>
              <FileRef uid="38" />
              <SequencePoints>
                <SequencePoint vc="254" uspid="597" ordinal="0" sl="597" sc="1" el="597" ec="2" bec="0" bev="0" fileid="38" />
                <SequencePoint vc="254" uspid="598" ordinal="1" sl="598" sc="1" el="598" ec="2" bec="0" bev="0" fileid="38" />
              </SequencePoints>
              <BranchPoints />
              <MethodPoint vc="2" uspid="0" p8:type="SequencePoint" ordinal="25" offset="25" sc="0" sl="597" ec="1" el="598" bec="0" bev="0" fileid="38" xmlns:p8="xsi" />
            </Method>
            <Method cyclomaticComplexity="1" nPathComplexity="0" sequenceCoverage="100" branchCoverage="100" isConstructor="True" isGetter="False" isSetter="False" isStatic="True">
              <Summary numSequencePoints="2" visitedSequencePoints="2" numBranchPoints="0" visitedBranchPoints="0" sequenceCoverage="100" branchCoverage="100" maxCyclomaticComplexity="1" minCyclomaticComplexity="1" visitedClasses="0" numClasses="0" visitedMethods="1" numMethods="1" />
              <MetadataToken />
              <Name>System.Void JeremyAnsel.Media.An8.Tokenizer::.cctor()</Name>
              <FileRef uid="38" />
              <SequencePoints>
                <SequencePoint vc="1" uspid="26" ordinal="0" sl="26" sc="1" el="26" ec="2" bec="0" bev="0" fileid="38" />
                <SequencePoint vc="1" uspid="31" ordinal="1" sl="31" sc="1" el="31" ec="2" bec="0" bev="0" fileid="38" />
              </SequencePoints>
              <BranchPoints />
              <MethodPoint vc="2" uspid="0" p8:type="SequencePoint" ordinal="26" offset="26" sc="0" sl="26" ec="1" el="31" bec="0" bev="0" fileid="38" xmlns:p8="xsi" />
            </Method>
          </Methods>
        </Class>
      </Classes>
    </Module>
  </Modules>
</CoverageSession>